2025/05/06 15:02:58 - mmengine - INFO - 
------------------------------------------------------------
System environment:
    sys.platform: linux
    Python: 3.8.10 (default, Jun  4 2021, 15:09:15) [GCC 7.5.0]
    CUDA available: True
    MUSA available: False
    numpy_random_seed: 1840071568
    GPU 0: NVIDIA GeForce RTX 3090
    CUDA_HOME: /usr/local/cuda
    NVCC: Cuda compilation tools, release 11.3, V11.3.109
    GCC: gcc (Ubuntu 9.3.0-17ubuntu1~20.04) 9.3.0
    PyTorch: 1.10.0+cu113
    PyTorch compiling details: PyTorch built with:
  - GCC 7.3
  - C++ Version: 201402
  - Intel(R) Math Kernel Library Version 2020.0.0 Product Build 20191122 for Intel(R) 64 architecture applications
  - Intel(R) MKL-DNN v2.2.3 (Git Hash 7336ca9f055cf1bfa13efb658fe15dc9b41f0740)
  - OpenMP 201511 (a.k.a. OpenMP 4.5)
  - LAPACK is enabled (usually provided by MKL)
  - NNPACK is enabled
  - CPU capability usage: AVX512
  - CUDA Runtime 11.3
  - NVCC architecture flags: -gencode;arch=compute_37,code=sm_37;-gencode;arch=compute_50,code=sm_50;-gencode;arch=compute_60,code=sm_60;-gencode;arch=compute_70,code=sm_70;-gencode;arch=compute_75,code=sm_75;-gencode;arch=compute_80,code=sm_80;-gencode;arch=compute_86,code=sm_86
  - CuDNN 8.2
  - Magma 2.5.2
  - Build settings: BLAS_INFO=mkl, BUILD_TYPE=Release, CUDA_VERSION=11.3, CUDNN_VERSION=8.2.0, CXX_COMPILER=/opt/rh/devtoolset-7/root/usr/bin/c++, CXX_FLAGS= -Wno-deprecated -fvisibility-inlines-hidden -DUSE_PTHREADPOOL -fopenmp -DNDEBUG -DUSE_KINETO -DUSE_FBGEMM -DUSE_QNNPACK -DUSE_PYTORCH_QNNPACK -DUSE_XNNPACK -DSYMBOLICATE_MOBILE_DEBUG_HANDLE -DEDGE_PROFILER_USE_KINETO -O2 -fPIC -Wno-narrowing -Wall -Wextra -Werror=return-type -Wno-missing-field-initializers -Wno-type-limits -Wno-array-bounds -Wno-unknown-pragmas -Wno-sign-compare -Wno-unused-parameter -Wno-unused-variable -Wno-unused-function -Wno-unused-result -Wno-unused-local-typedefs -Wno-strict-overflow -Wno-strict-aliasing -Wno-error=deprecated-declarations -Wno-stringop-overflow -Wno-psabi -Wno-error=pedantic -Wno-error=redundant-decls -Wno-error=old-style-cast -fdiagnostics-color=always -faligned-new -Wno-unused-but-set-variable -Wno-maybe-uninitialized -fno-math-errno -fno-trapping-math -Werror=format -Wno-stringop-overflow, LAPACK_INFO=mkl, PERF_WITH_AVX=1, PERF_WITH_AVX2=1, PERF_WITH_AVX512=1, TORCH_VERSION=1.10.0, USE_CUDA=ON, USE_CUDNN=ON, USE_EXCEPTION_PTR=1, USE_GFLAGS=OFF, USE_GLOG=OFF, USE_MKL=ON, USE_MKLDNN=ON, USE_MPI=OFF, USE_NCCL=ON, USE_NNPACK=ON, USE_OPENMP=ON, 

    TorchVision: 0.11.1+cu113
    OpenCV: 4.10.0
    MMEngine: 0.10.5

Runtime environment:
    cudnn_benchmark: False
    mp_cfg: {'mp_start_method': 'fork', 'opencv_num_threads': 0}
    dist_cfg: {'backend': 'nccl'}
    seed: 1840071568
    diff_rank_seed: False
    deterministic: False
    Distributed launcher: none
    Distributed training: False
    GPU number: 1
------------------------------------------------------------

2025/05/06 15:02:59 - mmengine - INFO - Config:
ann_file = '/root/autodl-tmp/mmaction2/tools/data/skeleton/my_train.pkl'
auto_scale_lr = dict(base_batch_size=48, enable=False)
backbone_cfg = dict(
    channel_ratio=4,
    pose_pathway=dict(
        base_channels=32,
        conv1_kernel=(
            1,
            7,
            7,
        ),
        conv1_stride_s=1,
        conv1_stride_t=1,
        dilations=(
            1,
            1,
            1,
        ),
        fusion_kernel=7,
        in_channels=16,
        inflate=(
            0,
            1,
            1,
        ),
        lateral=True,
        lateral_activate=(
            0,
            1,
            1,
        ),
        lateral_infl=16,
        lateral_inv=True,
        num_stages=3,
        out_indices=(2, ),
        pool1_stride_s=1,
        pool1_stride_t=1,
        spatial_strides=(
            2,
            2,
            2,
        ),
        stage_blocks=(
            4,
            6,
            3,
        ),
        temporal_strides=(
            1,
            1,
            1,
        ),
        with_pool2=False),
    rgb_pathway=dict(
        base_channels=64,
        conv1_kernel=(
            1,
            7,
            7,
        ),
        fusion_kernel=7,
        inflate=(
            0,
            0,
            1,
            1,
        ),
        lateral=True,
        lateral_activate=[
            0,
            0,
            1,
            1,
        ],
        lateral_infl=1,
        num_stages=4,
        with_pool2=False),
    speed_ratio=4,
    type='RGBPoseConv3D')
data_preprocessor = dict(
    preprocessors=dict(
        heatmap_imgs=dict(type='ActionDataPreprocessor'),
        imgs=dict(
            format_shape='NCTHW',
            mean=[
                123.675,
                116.28,
                103.53,
            ],
            std=[
                58.395,
                57.12,
                57.375,
            ],
            type='ActionDataPreprocessor')),
    type='MultiModalDataPreprocessor')
data_root = '/root/autodl-tmp/mmaction2/videos/'
dataset_type = 'PoseDataset'
default_hooks = dict(
    checkpoint=dict(interval=1, save_best='auto', type='CheckpointHook'),
    logger=dict(ignore_last=False, interval=20, type='LoggerHook'),
    param_scheduler=dict(type='ParamSchedulerHook'),
    runtime_info=dict(type='RuntimeInfoHook'),
    sampler_seed=dict(type='DistSamplerSeedHook'),
    sync_buffers=dict(type='SyncBuffersHook'),
    timer=dict(type='IterTimerHook'))
default_scope = 'mmaction'
env_cfg = dict(
    cudnn_benchmark=False,
    dist_cfg=dict(backend='nccl'),
    mp_cfg=dict(mp_start_method='fork', opencv_num_threads=0))
head_cfg = dict(
    average_clips='prob',
    in_channels=[
        2048,
        512,
    ],
    loss_components=[
        'rgb',
        'pose',
    ],
    loss_weights=[
        1.0,
        1.0,
    ],
    num_classes=60,
    type='RGBPoseHead')
launcher = 'none'
left_kp = [
    3,
    4,
    5,
    10,
    11,
    12,
]
load_from = 'https://download.openmmlab.com/mmaction/v1.0/skeleton/posec3d/rgbpose_conv3d/rgbpose_conv3d_init_20230228-09b7684b.pth'
log_level = 'INFO'
log_processor = dict(by_epoch=True, type='LogProcessor', window_size=20)
model = dict(
    backbone=dict(
        channel_ratio=4,
        pose_pathway=dict(
            base_channels=32,
            conv1_kernel=(
                1,
                7,
                7,
            ),
            conv1_stride_s=1,
            conv1_stride_t=1,
            dilations=(
                1,
                1,
                1,
            ),
            fusion_kernel=7,
            in_channels=16,
            inflate=(
                0,
                1,
                1,
            ),
            lateral=True,
            lateral_activate=(
                0,
                1,
                1,
            ),
            lateral_infl=16,
            lateral_inv=True,
            num_stages=3,
            out_indices=(2, ),
            pool1_stride_s=1,
            pool1_stride_t=1,
            spatial_strides=(
                2,
                2,
                2,
            ),
            stage_blocks=(
                4,
                6,
                3,
            ),
            temporal_strides=(
                1,
                1,
                1,
            ),
            with_pool2=False),
        rgb_pathway=dict(
            base_channels=64,
            conv1_kernel=(
                1,
                7,
                7,
            ),
            fusion_kernel=7,
            inflate=(
                0,
                0,
                1,
                1,
            ),
            lateral=True,
            lateral_activate=[
                0,
                0,
                1,
                1,
            ],
            lateral_infl=1,
            num_stages=4,
            with_pool2=False),
        speed_ratio=4,
        type='RGBPoseConv3D'),
    cls_head=dict(
        average_clips='prob',
        in_channels=[
            2048,
            512,
        ],
        loss_components=[
            'rgb',
            'pose',
        ],
        loss_weights=[
            1.0,
            1.0,
        ],
        num_classes=60,
        type='RGBPoseHead'),
    data_preprocessor=dict(
        preprocessors=dict(
            heatmap_imgs=dict(type='ActionDataPreprocessor'),
            imgs=dict(
                format_shape='NCTHW',
                mean=[
                    123.675,
                    116.28,
                    103.53,
                ],
                std=[
                    58.395,
                    57.12,
                    57.375,
                ],
                type='ActionDataPreprocessor')),
        type='MultiModalDataPreprocessor'),
    type='MMRecognizer3D')
optim_wrapper = dict(
    clip_grad=dict(max_norm=40, norm_type=2),
    optimizer=dict(lr=0.0075, momentum=0.9, type='SGD', weight_decay=0.0001))
param_scheduler = [
    dict(
        begin=0,
        by_epoch=True,
        end=20,
        gamma=0.1,
        milestones=[
            12,
            16,
        ],
        type='MultiStepLR'),
]
randomness = dict(deterministic=False, diff_rank_seed=False, seed=None)
resume = False
right_kp = [
    6,
    7,
    8,
    13,
    14,
    15,
]
test_cfg = dict(type='TestLoop')
test_dataloader = dict(
    batch_size=2,
    dataset=dict(
        ann_file='/root/autodl-tmp/mmaction2/tools/data/skeleton/my_train.pkl',
        data_prefix=dict(video='/root/autodl-tmp/mmaction2/videos/'),
        pipeline=[
            dict(
                clip_len=dict(Pose=32, RGB=8),
                num_clips=10,
                test_mode=True,
                type='MMUniformSampleFrames'),
            dict(type='MMDecode'),
            dict(allow_imgpad=True, hw_ratio=1.0, type='MMCompact'),
            dict(keep_ratio=False, scale=(
                256,
                256,
            ), type='Resize'),
            dict(
                scaling=0.25,
                sigma=0.7,
                type='GeneratePoseTarget',
                use_score=True,
                with_kp=True,
                with_limb=False),
            dict(input_format='NCTHW', type='FormatShape'),
            dict(
                collect_keys=(
                    'imgs',
                    'heatmap_imgs',
                ),
                type='PackActionInputs'),
        ],
        split='xsub_val',
        test_mode=True,
        type='PoseDataset'),
    num_workers=16,
    persistent_workers=True,
    sampler=dict(shuffle=False, type='DefaultSampler'))
test_evaluator = [
    dict(type='AccMetric'),
]
test_pipeline = [
    dict(
        clip_len=dict(Pose=32, RGB=8),
        num_clips=10,
        test_mode=True,
        type='MMUniformSampleFrames'),
    dict(type='MMDecode'),
    dict(allow_imgpad=True, hw_ratio=1.0, type='MMCompact'),
    dict(keep_ratio=False, scale=(
        256,
        256,
    ), type='Resize'),
    dict(
        scaling=0.25,
        sigma=0.7,
        type='GeneratePoseTarget',
        use_score=True,
        with_kp=True,
        with_limb=False),
    dict(input_format='NCTHW', type='FormatShape'),
    dict(collect_keys=(
        'imgs',
        'heatmap_imgs',
    ), type='PackActionInputs'),
]
train_cfg = dict(
    max_epochs=10, type='EpochBasedTrainLoop', val_begin=1, val_interval=1)
train_dataloader = dict(
    batch_size=12,
    dataset=dict(
        ann_file='/root/autodl-tmp/mmaction2/tools/data/skeleton/my_train.pkl',
        data_prefix=dict(video='/root/autodl-tmp/mmaction2/videos/'),
        pipeline=[
            dict(
                clip_len=dict(Pose=32, RGB=8),
                num_clips=1,
                type='MMUniformSampleFrames'),
            dict(type='MMDecode'),
            dict(allow_imgpad=True, hw_ratio=1.0, type='MMCompact'),
            dict(keep_ratio=False, scale=(
                256,
                256,
            ), type='Resize'),
            dict(area_range=(
                0.56,
                1.0,
            ), type='RandomResizedCrop'),
            dict(keep_ratio=False, scale=(
                224,
                224,
            ), type='Resize'),
            dict(
                flip_ratio=0.5,
                left_kp=[
                    3,
                    4,
                    5,
                    10,
                    11,
                    12,
                ],
                right_kp=[
                    6,
                    7,
                    8,
                    13,
                    14,
                    15,
                ],
                type='Flip'),
            dict(
                scaling=0.25,
                sigma=0.7,
                type='GeneratePoseTarget',
                use_score=True,
                with_kp=True,
                with_limb=False),
            dict(input_format='NCTHW', type='FormatShape'),
            dict(
                collect_keys=(
                    'imgs',
                    'heatmap_imgs',
                ),
                type='PackActionInputs'),
        ],
        split='xsub_train',
        type='PoseDataset'),
    num_workers=16,
    persistent_workers=True,
    sampler=dict(shuffle=True, type='DefaultSampler'))
train_pipeline = [
    dict(
        clip_len=dict(Pose=32, RGB=8),
        num_clips=1,
        type='MMUniformSampleFrames'),
    dict(type='MMDecode'),
    dict(allow_imgpad=True, hw_ratio=1.0, type='MMCompact'),
    dict(keep_ratio=False, scale=(
        256,
        256,
    ), type='Resize'),
    dict(area_range=(
        0.56,
        1.0,
    ), type='RandomResizedCrop'),
    dict(keep_ratio=False, scale=(
        224,
        224,
    ), type='Resize'),
    dict(
        flip_ratio=0.5,
        left_kp=[
            3,
            4,
            5,
            10,
            11,
            12,
        ],
        right_kp=[
            6,
            7,
            8,
            13,
            14,
            15,
        ],
        type='Flip'),
    dict(
        scaling=0.25,
        sigma=0.7,
        type='GeneratePoseTarget',
        use_score=True,
        with_kp=True,
        with_limb=False),
    dict(input_format='NCTHW', type='FormatShape'),
    dict(collect_keys=(
        'imgs',
        'heatmap_imgs',
    ), type='PackActionInputs'),
]
val_cfg = dict(type='ValLoop')
val_dataloader = dict(
    batch_size=2,
    dataset=dict(
        ann_file='/root/autodl-tmp/mmaction2/tools/data/skeleton/my_train.pkl',
        data_prefix=dict(video='/root/autodl-tmp/mmaction2/videos/'),
        pipeline=[
            dict(
                clip_len=dict(Pose=32, RGB=8),
                num_clips=1,
                test_mode=True,
                type='MMUniformSampleFrames'),
            dict(type='MMDecode'),
            dict(allow_imgpad=True, hw_ratio=1.0, type='MMCompact'),
            dict(keep_ratio=False, scale=(
                256,
                256,
            ), type='Resize'),
            dict(
                scaling=0.25,
                sigma=0.7,
                type='GeneratePoseTarget',
                use_score=True,
                with_kp=True,
                with_limb=False),
            dict(input_format='NCTHW', type='FormatShape'),
            dict(
                collect_keys=(
                    'imgs',
                    'heatmap_imgs',
                ),
                type='PackActionInputs'),
        ],
        split='xsub_val',
        test_mode=True,
        type='PoseDataset'),
    num_workers=16,
    persistent_workers=True,
    sampler=dict(shuffle=False, type='DefaultSampler'))
val_evaluator = [
    dict(type='AccMetric'),
]
val_pipeline = [
    dict(
        clip_len=dict(Pose=32, RGB=8),
        num_clips=1,
        test_mode=True,
        type='MMUniformSampleFrames'),
    dict(type='MMDecode'),
    dict(allow_imgpad=True, hw_ratio=1.0, type='MMCompact'),
    dict(keep_ratio=False, scale=(
        256,
        256,
    ), type='Resize'),
    dict(
        scaling=0.25,
        sigma=0.7,
        type='GeneratePoseTarget',
        use_score=True,
        with_kp=True,
        with_limb=False),
    dict(input_format='NCTHW', type='FormatShape'),
    dict(collect_keys=(
        'imgs',
        'heatmap_imgs',
    ), type='PackActionInputs'),
]
vis_backends = [
    dict(type='LocalVisBackend'),
]
visualizer = dict(
    type='ActionVisualizer', vis_backends=[
        dict(type='LocalVisBackend'),
    ])
work_dir = './work_dirs/RPNet'

2025/05/06 15:03:07 - mmengine - INFO - Distributed training is not used, all SyncBatchNorm (SyncBN) layers in the model will be automatically reverted to BatchNormXd layers if they are used.
2025/05/06 15:03:07 - mmengine - INFO - Hooks will be executed in the following order:
before_run:
(VERY_HIGH   ) RuntimeInfoHook                    
(BELOW_NORMAL) LoggerHook                         
 -------------------- 
before_train:
(VERY_HIGH   ) RuntimeInfoHook                    
(NORMAL      ) IterTimerHook                      
(VERY_LOW    ) CheckpointHook                     
 -------------------- 
before_train_epoch:
(VERY_HIGH   ) RuntimeInfoHook                    
(NORMAL      ) IterTimerHook                      
(NORMAL      ) DistSamplerSeedHook                
 -------------------- 
before_train_iter:
(VERY_HIGH   ) RuntimeInfoHook                    
(NORMAL      ) IterTimerHook                      
 -------------------- 
after_train_iter:
(VERY_HIGH   ) RuntimeInfoHook                    
(NORMAL      ) IterTimerHook                      
(BELOW_NORMAL) LoggerHook                         
(LOW         ) ParamSchedulerHook                 
(VERY_LOW    ) CheckpointHook                     
 -------------------- 
after_train_epoch:
(NORMAL      ) IterTimerHook                      
(NORMAL      ) SyncBuffersHook                    
(LOW         ) ParamSchedulerHook                 
(VERY_LOW    ) CheckpointHook                     
 -------------------- 
before_val:
(VERY_HIGH   ) RuntimeInfoHook                    
 -------------------- 
before_val_epoch:
(NORMAL      ) IterTimerHook                      
(NORMAL      ) SyncBuffersHook                    
 -------------------- 
before_val_iter:
(NORMAL      ) IterTimerHook                      
 -------------------- 
after_val_iter:
(NORMAL      ) IterTimerHook                      
(BELOW_NORMAL) LoggerHook                         
 -------------------- 
after_val_epoch:
(VERY_HIGH   ) RuntimeInfoHook                    
(NORMAL      ) IterTimerHook                      
(BELOW_NORMAL) LoggerHook                         
(LOW         ) ParamSchedulerHook                 
(VERY_LOW    ) CheckpointHook                     
 -------------------- 
after_val:
(VERY_HIGH   ) RuntimeInfoHook                    
 -------------------- 
after_train:
(VERY_HIGH   ) RuntimeInfoHook                    
(VERY_LOW    ) CheckpointHook                     
 -------------------- 
before_test:
(VERY_HIGH   ) RuntimeInfoHook                    
 -------------------- 
before_test_epoch:
(NORMAL      ) IterTimerHook                      
 -------------------- 
before_test_iter:
(NORMAL      ) IterTimerHook                      
 -------------------- 
after_test_iter:
(NORMAL      ) IterTimerHook                      
(BELOW_NORMAL) LoggerHook                         
 -------------------- 
after_test_epoch:
(VERY_HIGH   ) RuntimeInfoHook                    
(NORMAL      ) IterTimerHook                      
(BELOW_NORMAL) LoggerHook                         
 -------------------- 
after_test:
(VERY_HIGH   ) RuntimeInfoHook                    
 -------------------- 
after_run:
(BELOW_NORMAL) LoggerHook                         
 -------------------- 
2025/05/06 15:03:08 - mmengine - INFO - 172 videos remain after valid thresholding
2025/05/06 15:03:08 - mmengine - INFO - 44 videos remain after valid thresholding
Name of parameter - Initialization information

backbone.rgb_path.conv1.conv.weight - torch.Size([64, 3, 1, 7, 7]): 
Initialized by user-defined `init_weights` in RGBPoseConv3D  

backbone.rgb_path.conv1.bn.weight - torch.Size([64]): 
The value is the same before and after calling `init_weights` of MMRecognizer3D  

backbone.rgb_path.conv1.bn.bias - torch.Size([64]): 
The value is the same before and after calling `init_weights` of MMRecognizer3D  

backbone.rgb_path.layer1.0.conv1.conv.weight - torch.Size([64, 64, 1, 1, 1]): 
Initialized by user-defined `init_weights` in RGBPoseConv3D  

backbone.rgb_path.layer1.0.conv1.bn.weight - torch.Size([64]): 
The value is the same before and after calling `init_weights` of MMRecognizer3D  

backbone.rgb_path.layer1.0.conv1.bn.bias - torch.Size([64]): 
The value is the same before and after calling `init_weights` of MMRecognizer3D  

backbone.rgb_path.layer1.0.conv2.conv.weight - torch.Size([64, 64, 1, 3, 3]): 
Initialized by user-defined `init_weights` in RGBPoseConv3D  

backbone.rgb_path.layer1.0.conv2.bn.weight - torch.Size([64]): 
The value is the same before and after calling `init_weights` of MMRecognizer3D  

backbone.rgb_path.layer1.0.conv2.bn.bias - torch.Size([64]): 
The value is the same before and after calling `init_weights` of MMRecognizer3D  

backbone.rgb_path.layer1.0.conv3.conv.weight - torch.Size([256, 64, 1, 1, 1]): 
Initialized by user-defined `init_weights` in RGBPoseConv3D  

backbone.rgb_path.layer1.0.conv3.bn.weight - torch.Size([256]): 
Initialized by user-defined `init_weights` in RGBPoseConv3D  

backbone.rgb_path.layer1.0.conv3.bn.bias - torch.Size([256]): 
The value is the same before and after calling `init_weights` of MMRecognizer3D  

backbone.rgb_path.layer1.0.downsample.conv.weight - torch.Size([256, 64, 1, 1, 1]): 
Initialized by user-defined `init_weights` in RGBPoseConv3D  

backbone.rgb_path.layer1.0.downsample.bn.weight - torch.Size([256]): 
The value is the same before and after calling `init_weights` of MMRecognizer3D  

backbone.rgb_path.layer1.0.downsample.bn.bias - torch.Size([256]): 
The value is the same before and after calling `init_weights` of MMRecognizer3D  

backbone.rgb_path.layer1.1.conv1.conv.weight - torch.Size([64, 256, 1, 1, 1]): 
Initialized by user-defined `init_weights` in RGBPoseConv3D  

backbone.rgb_path.layer1.1.conv1.bn.weight - torch.Size([64]): 
The value is the same before and after calling `init_weights` of MMRecognizer3D  

backbone.rgb_path.layer1.1.conv1.bn.bias - torch.Size([64]): 
The value is the same before and after calling `init_weights` of MMRecognizer3D  

backbone.rgb_path.layer1.1.conv2.conv.weight - torch.Size([64, 64, 1, 3, 3]): 
Initialized by user-defined `init_weights` in RGBPoseConv3D  

backbone.rgb_path.layer1.1.conv2.bn.weight - torch.Size([64]): 
The value is the same before and after calling `init_weights` of MMRecognizer3D  

backbone.rgb_path.layer1.1.conv2.bn.bias - torch.Size([64]): 
The value is the same before and after calling `init_weights` of MMRecognizer3D  

backbone.rgb_path.layer1.1.conv3.conv.weight - torch.Size([256, 64, 1, 1, 1]): 
Initialized by user-defined `init_weights` in RGBPoseConv3D  

backbone.rgb_path.layer1.1.conv3.bn.weight - torch.Size([256]): 
Initialized by user-defined `init_weights` in RGBPoseConv3D  

backbone.rgb_path.layer1.1.conv3.bn.bias - torch.Size([256]): 
The value is the same before and after calling `init_weights` of MMRecognizer3D  

backbone.rgb_path.layer1.2.conv1.conv.weight - torch.Size([64, 256, 1, 1, 1]): 
Initialized by user-defined `init_weights` in RGBPoseConv3D  

backbone.rgb_path.layer1.2.conv1.bn.weight - torch.Size([64]): 
The value is the same before and after calling `init_weights` of MMRecognizer3D  

backbone.rgb_path.layer1.2.conv1.bn.bias - torch.Size([64]): 
The value is the same before and after calling `init_weights` of MMRecognizer3D  

backbone.rgb_path.layer1.2.conv2.conv.weight - torch.Size([64, 64, 1, 3, 3]): 
Initialized by user-defined `init_weights` in RGBPoseConv3D  

backbone.rgb_path.layer1.2.conv2.bn.weight - torch.Size([64]): 
The value is the same before and after calling `init_weights` of MMRecognizer3D  

backbone.rgb_path.layer1.2.conv2.bn.bias - torch.Size([64]): 
The value is the same before and after calling `init_weights` of MMRecognizer3D  

backbone.rgb_path.layer1.2.conv3.conv.weight - torch.Size([256, 64, 1, 1, 1]): 
Initialized by user-defined `init_weights` in RGBPoseConv3D  

backbone.rgb_path.layer1.2.conv3.bn.weight - torch.Size([256]): 
Initialized by user-defined `init_weights` in RGBPoseConv3D  

backbone.rgb_path.layer1.2.conv3.bn.bias - torch.Size([256]): 
The value is the same before and after calling `init_weights` of MMRecognizer3D  

backbone.rgb_path.layer2.0.conv1.conv.weight - torch.Size([128, 256, 1, 1, 1]): 
Initialized by user-defined `init_weights` in RGBPoseConv3D  

backbone.rgb_path.layer2.0.conv1.bn.weight - torch.Size([128]): 
The value is the same before and after calling `init_weights` of MMRecognizer3D  

backbone.rgb_path.layer2.0.conv1.bn.bias - torch.Size([128]): 
The value is the same before and after calling `init_weights` of MMRecognizer3D  

backbone.rgb_path.layer2.0.conv2.conv.weight - torch.Size([128, 128, 1, 3, 3]): 
Initialized by user-defined `init_weights` in RGBPoseConv3D  

backbone.rgb_path.layer2.0.conv2.bn.weight - torch.Size([128]): 
The value is the same before and after calling `init_weights` of MMRecognizer3D  

backbone.rgb_path.layer2.0.conv2.bn.bias - torch.Size([128]): 
The value is the same before and after calling `init_weights` of MMRecognizer3D  

backbone.rgb_path.layer2.0.conv3.conv.weight - torch.Size([512, 128, 1, 1, 1]): 
Initialized by user-defined `init_weights` in RGBPoseConv3D  

backbone.rgb_path.layer2.0.conv3.bn.weight - torch.Size([512]): 
Initialized by user-defined `init_weights` in RGBPoseConv3D  

backbone.rgb_path.layer2.0.conv3.bn.bias - torch.Size([512]): 
The value is the same before and after calling `init_weights` of MMRecognizer3D  

backbone.rgb_path.layer2.0.downsample.conv.weight - torch.Size([512, 256, 1, 1, 1]): 
Initialized by user-defined `init_weights` in RGBPoseConv3D  

backbone.rgb_path.layer2.0.downsample.bn.weight - torch.Size([512]): 
The value is the same before and after calling `init_weights` of MMRecognizer3D  

backbone.rgb_path.layer2.0.downsample.bn.bias - torch.Size([512]): 
The value is the same before and after calling `init_weights` of MMRecognizer3D  

backbone.rgb_path.layer2.1.conv1.conv.weight - torch.Size([128, 512, 1, 1, 1]): 
Initialized by user-defined `init_weights` in RGBPoseConv3D  

backbone.rgb_path.layer2.1.conv1.bn.weight - torch.Size([128]): 
The value is the same before and after calling `init_weights` of MMRecognizer3D  

backbone.rgb_path.layer2.1.conv1.bn.bias - torch.Size([128]): 
The value is the same before and after calling `init_weights` of MMRecognizer3D  

backbone.rgb_path.layer2.1.conv2.conv.weight - torch.Size([128, 128, 1, 3, 3]): 
Initialized by user-defined `init_weights` in RGBPoseConv3D  

backbone.rgb_path.layer2.1.conv2.bn.weight - torch.Size([128]): 
The value is the same before and after calling `init_weights` of MMRecognizer3D  

backbone.rgb_path.layer2.1.conv2.bn.bias - torch.Size([128]): 
The value is the same before and after calling `init_weights` of MMRecognizer3D  

backbone.rgb_path.layer2.1.conv3.conv.weight - torch.Size([512, 128, 1, 1, 1]): 
Initialized by user-defined `init_weights` in RGBPoseConv3D  

backbone.rgb_path.layer2.1.conv3.bn.weight - torch.Size([512]): 
Initialized by user-defined `init_weights` in RGBPoseConv3D  

backbone.rgb_path.layer2.1.conv3.bn.bias - torch.Size([512]): 
The value is the same before and after calling `init_weights` of MMRecognizer3D  

backbone.rgb_path.layer2.2.conv1.conv.weight - torch.Size([128, 512, 1, 1, 1]): 
Initialized by user-defined `init_weights` in RGBPoseConv3D  

backbone.rgb_path.layer2.2.conv1.bn.weight - torch.Size([128]): 
The value is the same before and after calling `init_weights` of MMRecognizer3D  

backbone.rgb_path.layer2.2.conv1.bn.bias - torch.Size([128]): 
The value is the same before and after calling `init_weights` of MMRecognizer3D  

backbone.rgb_path.layer2.2.conv2.conv.weight - torch.Size([128, 128, 1, 3, 3]): 
Initialized by user-defined `init_weights` in RGBPoseConv3D  

backbone.rgb_path.layer2.2.conv2.bn.weight - torch.Size([128]): 
The value is the same before and after calling `init_weights` of MMRecognizer3D  

backbone.rgb_path.layer2.2.conv2.bn.bias - torch.Size([128]): 
The value is the same before and after calling `init_weights` of MMRecognizer3D  

backbone.rgb_path.layer2.2.conv3.conv.weight - torch.Size([512, 128, 1, 1, 1]): 
Initialized by user-defined `init_weights` in RGBPoseConv3D  

backbone.rgb_path.layer2.2.conv3.bn.weight - torch.Size([512]): 
Initialized by user-defined `init_weights` in RGBPoseConv3D  

backbone.rgb_path.layer2.2.conv3.bn.bias - torch.Size([512]): 
The value is the same before and after calling `init_weights` of MMRecognizer3D  

backbone.rgb_path.layer2.3.conv1.conv.weight - torch.Size([128, 512, 1, 1, 1]): 
Initialized by user-defined `init_weights` in RGBPoseConv3D  

backbone.rgb_path.layer2.3.conv1.bn.weight - torch.Size([128]): 
The value is the same before and after calling `init_weights` of MMRecognizer3D  

backbone.rgb_path.layer2.3.conv1.bn.bias - torch.Size([128]): 
The value is the same before and after calling `init_weights` of MMRecognizer3D  

backbone.rgb_path.layer2.3.conv2.conv.weight - torch.Size([128, 128, 1, 3, 3]): 
Initialized by user-defined `init_weights` in RGBPoseConv3D  

backbone.rgb_path.layer2.3.conv2.bn.weight - torch.Size([128]): 
The value is the same before and after calling `init_weights` of MMRecognizer3D  

backbone.rgb_path.layer2.3.conv2.bn.bias - torch.Size([128]): 
The value is the same before and after calling `init_weights` of MMRecognizer3D  

backbone.rgb_path.layer2.3.conv3.conv.weight - torch.Size([512, 128, 1, 1, 1]): 
Initialized by user-defined `init_weights` in RGBPoseConv3D  

backbone.rgb_path.layer2.3.conv3.bn.weight - torch.Size([512]): 
Initialized by user-defined `init_weights` in RGBPoseConv3D  

backbone.rgb_path.layer2.3.conv3.bn.bias - torch.Size([512]): 
The value is the same before and after calling `init_weights` of MMRecognizer3D  

backbone.rgb_path.layer3.0.conv1.conv.weight - torch.Size([256, 640, 3, 1, 1]): 
Initialized by user-defined `init_weights` in RGBPoseConv3D  

backbone.rgb_path.layer3.0.conv1.bn.weight - torch.Size([256]): 
The value is the same before and after calling `init_weights` of MMRecognizer3D  

backbone.rgb_path.layer3.0.conv1.bn.bias - torch.Size([256]): 
The value is the same before and after calling `init_weights` of MMRecognizer3D  

backbone.rgb_path.layer3.0.conv2.conv.weight - torch.Size([256, 256, 1, 3, 3]): 
Initialized by user-defined `init_weights` in RGBPoseConv3D  

backbone.rgb_path.layer3.0.conv2.bn.weight - torch.Size([256]): 
The value is the same before and after calling `init_weights` of MMRecognizer3D  

backbone.rgb_path.layer3.0.conv2.bn.bias - torch.Size([256]): 
The value is the same before and after calling `init_weights` of MMRecognizer3D  

backbone.rgb_path.layer3.0.conv3.conv.weight - torch.Size([1024, 256, 1, 1, 1]): 
Initialized by user-defined `init_weights` in RGBPoseConv3D  

backbone.rgb_path.layer3.0.conv3.bn.weight - torch.Size([1024]): 
Initialized by user-defined `init_weights` in RGBPoseConv3D  

backbone.rgb_path.layer3.0.conv3.bn.bias - torch.Size([1024]): 
The value is the same before and after calling `init_weights` of MMRecognizer3D  

backbone.rgb_path.layer3.0.downsample.conv.weight - torch.Size([1024, 640, 1, 1, 1]): 
Initialized by user-defined `init_weights` in RGBPoseConv3D  

backbone.rgb_path.layer3.0.downsample.bn.weight - torch.Size([1024]): 
The value is the same before and after calling `init_weights` of MMRecognizer3D  

backbone.rgb_path.layer3.0.downsample.bn.bias - torch.Size([1024]): 
The value is the same before and after calling `init_weights` of MMRecognizer3D  

backbone.rgb_path.layer3.1.conv1.conv.weight - torch.Size([256, 1024, 3, 1, 1]): 
Initialized by user-defined `init_weights` in RGBPoseConv3D  

backbone.rgb_path.layer3.1.conv1.bn.weight - torch.Size([256]): 
The value is the same before and after calling `init_weights` of MMRecognizer3D  

backbone.rgb_path.layer3.1.conv1.bn.bias - torch.Size([256]): 
The value is the same before and after calling `init_weights` of MMRecognizer3D  

backbone.rgb_path.layer3.1.conv2.conv.weight - torch.Size([256, 256, 1, 3, 3]): 
Initialized by user-defined `init_weights` in RGBPoseConv3D  

backbone.rgb_path.layer3.1.conv2.bn.weight - torch.Size([256]): 
The value is the same before and after calling `init_weights` of MMRecognizer3D  

backbone.rgb_path.layer3.1.conv2.bn.bias - torch.Size([256]): 
The value is the same before and after calling `init_weights` of MMRecognizer3D  

backbone.rgb_path.layer3.1.conv3.conv.weight - torch.Size([1024, 256, 1, 1, 1]): 
Initialized by user-defined `init_weights` in RGBPoseConv3D  

backbone.rgb_path.layer3.1.conv3.bn.weight - torch.Size([1024]): 
Initialized by user-defined `init_weights` in RGBPoseConv3D  

backbone.rgb_path.layer3.1.conv3.bn.bias - torch.Size([1024]): 
The value is the same before and after calling `init_weights` of MMRecognizer3D  

backbone.rgb_path.layer3.2.conv1.conv.weight - torch.Size([256, 1024, 3, 1, 1]): 
Initialized by user-defined `init_weights` in RGBPoseConv3D  

backbone.rgb_path.layer3.2.conv1.bn.weight - torch.Size([256]): 
The value is the same before and after calling `init_weights` of MMRecognizer3D  

backbone.rgb_path.layer3.2.conv1.bn.bias - torch.Size([256]): 
The value is the same before and after calling `init_weights` of MMRecognizer3D  

backbone.rgb_path.layer3.2.conv2.conv.weight - torch.Size([256, 256, 1, 3, 3]): 
Initialized by user-defined `init_weights` in RGBPoseConv3D  

backbone.rgb_path.layer3.2.conv2.bn.weight - torch.Size([256]): 
The value is the same before and after calling `init_weights` of MMRecognizer3D  

backbone.rgb_path.layer3.2.conv2.bn.bias - torch.Size([256]): 
The value is the same before and after calling `init_weights` of MMRecognizer3D  

backbone.rgb_path.layer3.2.conv3.conv.weight - torch.Size([1024, 256, 1, 1, 1]): 
Initialized by user-defined `init_weights` in RGBPoseConv3D  

backbone.rgb_path.layer3.2.conv3.bn.weight - torch.Size([1024]): 
Initialized by user-defined `init_weights` in RGBPoseConv3D  

backbone.rgb_path.layer3.2.conv3.bn.bias - torch.Size([1024]): 
The value is the same before and after calling `init_weights` of MMRecognizer3D  

backbone.rgb_path.layer3.3.conv1.conv.weight - torch.Size([256, 1024, 3, 1, 1]): 
Initialized by user-defined `init_weights` in RGBPoseConv3D  

backbone.rgb_path.layer3.3.conv1.bn.weight - torch.Size([256]): 
The value is the same before and after calling `init_weights` of MMRecognizer3D  

backbone.rgb_path.layer3.3.conv1.bn.bias - torch.Size([256]): 
The value is the same before and after calling `init_weights` of MMRecognizer3D  

backbone.rgb_path.layer3.3.conv2.conv.weight - torch.Size([256, 256, 1, 3, 3]): 
Initialized by user-defined `init_weights` in RGBPoseConv3D  

backbone.rgb_path.layer3.3.conv2.bn.weight - torch.Size([256]): 
The value is the same before and after calling `init_weights` of MMRecognizer3D  

backbone.rgb_path.layer3.3.conv2.bn.bias - torch.Size([256]): 
The value is the same before and after calling `init_weights` of MMRecognizer3D  

backbone.rgb_path.layer3.3.conv3.conv.weight - torch.Size([1024, 256, 1, 1, 1]): 
Initialized by user-defined `init_weights` in RGBPoseConv3D  

backbone.rgb_path.layer3.3.conv3.bn.weight - torch.Size([1024]): 
Initialized by user-defined `init_weights` in RGBPoseConv3D  

backbone.rgb_path.layer3.3.conv3.bn.bias - torch.Size([1024]): 
The value is the same before and after calling `init_weights` of MMRecognizer3D  

backbone.rgb_path.layer3.4.conv1.conv.weight - torch.Size([256, 1024, 3, 1, 1]): 
Initialized by user-defined `init_weights` in RGBPoseConv3D  

backbone.rgb_path.layer3.4.conv1.bn.weight - torch.Size([256]): 
The value is the same before and after calling `init_weights` of MMRecognizer3D  

backbone.rgb_path.layer3.4.conv1.bn.bias - torch.Size([256]): 
The value is the same before and after calling `init_weights` of MMRecognizer3D  

backbone.rgb_path.layer3.4.conv2.conv.weight - torch.Size([256, 256, 1, 3, 3]): 
Initialized by user-defined `init_weights` in RGBPoseConv3D  

backbone.rgb_path.layer3.4.conv2.bn.weight - torch.Size([256]): 
The value is the same before and after calling `init_weights` of MMRecognizer3D  

backbone.rgb_path.layer3.4.conv2.bn.bias - torch.Size([256]): 
The value is the same before and after calling `init_weights` of MMRecognizer3D  

backbone.rgb_path.layer3.4.conv3.conv.weight - torch.Size([1024, 256, 1, 1, 1]): 
Initialized by user-defined `init_weights` in RGBPoseConv3D  

backbone.rgb_path.layer3.4.conv3.bn.weight - torch.Size([1024]): 
Initialized by user-defined `init_weights` in RGBPoseConv3D  

backbone.rgb_path.layer3.4.conv3.bn.bias - torch.Size([1024]): 
The value is the same before and after calling `init_weights` of MMRecognizer3D  

backbone.rgb_path.layer3.5.conv1.conv.weight - torch.Size([256, 1024, 3, 1, 1]): 
Initialized by user-defined `init_weights` in RGBPoseConv3D  

backbone.rgb_path.layer3.5.conv1.bn.weight - torch.Size([256]): 
The value is the same before and after calling `init_weights` of MMRecognizer3D  

backbone.rgb_path.layer3.5.conv1.bn.bias - torch.Size([256]): 
The value is the same before and after calling `init_weights` of MMRecognizer3D  

backbone.rgb_path.layer3.5.conv2.conv.weight - torch.Size([256, 256, 1, 3, 3]): 
Initialized by user-defined `init_weights` in RGBPoseConv3D  

backbone.rgb_path.layer3.5.conv2.bn.weight - torch.Size([256]): 
The value is the same before and after calling `init_weights` of MMRecognizer3D  

backbone.rgb_path.layer3.5.conv2.bn.bias - torch.Size([256]): 
The value is the same before and after calling `init_weights` of MMRecognizer3D  

backbone.rgb_path.layer3.5.conv3.conv.weight - torch.Size([1024, 256, 1, 1, 1]): 
Initialized by user-defined `init_weights` in RGBPoseConv3D  

backbone.rgb_path.layer3.5.conv3.bn.weight - torch.Size([1024]): 
Initialized by user-defined `init_weights` in RGBPoseConv3D  

backbone.rgb_path.layer3.5.conv3.bn.bias - torch.Size([1024]): 
The value is the same before and after calling `init_weights` of MMRecognizer3D  

backbone.rgb_path.layer4.0.conv1.conv.weight - torch.Size([512, 1280, 3, 1, 1]): 
Initialized by user-defined `init_weights` in RGBPoseConv3D  

backbone.rgb_path.layer4.0.conv1.bn.weight - torch.Size([512]): 
The value is the same before and after calling `init_weights` of MMRecognizer3D  

backbone.rgb_path.layer4.0.conv1.bn.bias - torch.Size([512]): 
The value is the same before and after calling `init_weights` of MMRecognizer3D  

backbone.rgb_path.layer4.0.conv2.conv.weight - torch.Size([512, 512, 1, 3, 3]): 
Initialized by user-defined `init_weights` in RGBPoseConv3D  

backbone.rgb_path.layer4.0.conv2.bn.weight - torch.Size([512]): 
The value is the same before and after calling `init_weights` of MMRecognizer3D  

backbone.rgb_path.layer4.0.conv2.bn.bias - torch.Size([512]): 
The value is the same before and after calling `init_weights` of MMRecognizer3D  

backbone.rgb_path.layer4.0.conv3.conv.weight - torch.Size([2048, 512, 1, 1, 1]): 
Initialized by user-defined `init_weights` in RGBPoseConv3D  

backbone.rgb_path.layer4.0.conv3.bn.weight - torch.Size([2048]): 
Initialized by user-defined `init_weights` in RGBPoseConv3D  

backbone.rgb_path.layer4.0.conv3.bn.bias - torch.Size([2048]): 
The value is the same before and after calling `init_weights` of MMRecognizer3D  

backbone.rgb_path.layer4.0.downsample.conv.weight - torch.Size([2048, 1280, 1, 1, 1]): 
Initialized by user-defined `init_weights` in RGBPoseConv3D  

backbone.rgb_path.layer4.0.downsample.bn.weight - torch.Size([2048]): 
The value is the same before and after calling `init_weights` of MMRecognizer3D  

backbone.rgb_path.layer4.0.downsample.bn.bias - torch.Size([2048]): 
The value is the same before and after calling `init_weights` of MMRecognizer3D  

backbone.rgb_path.layer4.1.conv1.conv.weight - torch.Size([512, 2048, 3, 1, 1]): 
Initialized by user-defined `init_weights` in RGBPoseConv3D  

backbone.rgb_path.layer4.1.conv1.bn.weight - torch.Size([512]): 
The value is the same before and after calling `init_weights` of MMRecognizer3D  

backbone.rgb_path.layer4.1.conv1.bn.bias - torch.Size([512]): 
The value is the same before and after calling `init_weights` of MMRecognizer3D  

backbone.rgb_path.layer4.1.conv2.conv.weight - torch.Size([512, 512, 1, 3, 3]): 
Initialized by user-defined `init_weights` in RGBPoseConv3D  

backbone.rgb_path.layer4.1.conv2.bn.weight - torch.Size([512]): 
The value is the same before and after calling `init_weights` of MMRecognizer3D  

backbone.rgb_path.layer4.1.conv2.bn.bias - torch.Size([512]): 
The value is the same before and after calling `init_weights` of MMRecognizer3D  

backbone.rgb_path.layer4.1.conv3.conv.weight - torch.Size([2048, 512, 1, 1, 1]): 
Initialized by user-defined `init_weights` in RGBPoseConv3D  

backbone.rgb_path.layer4.1.conv3.bn.weight - torch.Size([2048]): 
Initialized by user-defined `init_weights` in RGBPoseConv3D  

backbone.rgb_path.layer4.1.conv3.bn.bias - torch.Size([2048]): 
The value is the same before and after calling `init_weights` of MMRecognizer3D  

backbone.rgb_path.layer4.2.conv1.conv.weight - torch.Size([512, 2048, 3, 1, 1]): 
Initialized by user-defined `init_weights` in RGBPoseConv3D  

backbone.rgb_path.layer4.2.conv1.bn.weight - torch.Size([512]): 
The value is the same before and after calling `init_weights` of MMRecognizer3D  

backbone.rgb_path.layer4.2.conv1.bn.bias - torch.Size([512]): 
The value is the same before and after calling `init_weights` of MMRecognizer3D  

backbone.rgb_path.layer4.2.conv2.conv.weight - torch.Size([512, 512, 1, 3, 3]): 
Initialized by user-defined `init_weights` in RGBPoseConv3D  

backbone.rgb_path.layer4.2.conv2.bn.weight - torch.Size([512]): 
The value is the same before and after calling `init_weights` of MMRecognizer3D  

backbone.rgb_path.layer4.2.conv2.bn.bias - torch.Size([512]): 
The value is the same before and after calling `init_weights` of MMRecognizer3D  

backbone.rgb_path.layer4.2.conv3.conv.weight - torch.Size([2048, 512, 1, 1, 1]): 
Initialized by user-defined `init_weights` in RGBPoseConv3D  

backbone.rgb_path.layer4.2.conv3.bn.weight - torch.Size([2048]): 
Initialized by user-defined `init_weights` in RGBPoseConv3D  

backbone.rgb_path.layer4.2.conv3.bn.bias - torch.Size([2048]): 
The value is the same before and after calling `init_weights` of MMRecognizer3D  

backbone.rgb_path.layer2_lateral.conv.weight - torch.Size([128, 128, 7, 1, 1]): 
Initialized by user-defined `init_weights` in RGBPoseConv3D  

backbone.rgb_path.layer3_lateral.conv.weight - torch.Size([256, 256, 7, 1, 1]): 
Initialized by user-defined `init_weights` in RGBPoseConv3D  

backbone.pose_path.conv1.conv.weight - torch.Size([32, 16, 1, 7, 7]): 
Initialized by user-defined `init_weights` in RGBPoseConv3D  

backbone.pose_path.conv1.bn.weight - torch.Size([32]): 
The value is the same before and after calling `init_weights` of MMRecognizer3D  

backbone.pose_path.conv1.bn.bias - torch.Size([32]): 
The value is the same before and after calling `init_weights` of MMRecognizer3D  

backbone.pose_path.layer1.0.conv1.conv.weight - torch.Size([32, 32, 1, 1, 1]): 
Initialized by user-defined `init_weights` in RGBPoseConv3D  

backbone.pose_path.layer1.0.conv1.bn.weight - torch.Size([32]): 
The value is the same before and after calling `init_weights` of MMRecognizer3D  

backbone.pose_path.layer1.0.conv1.bn.bias - torch.Size([32]): 
The value is the same before and after calling `init_weights` of MMRecognizer3D  

backbone.pose_path.layer1.0.conv2.conv.weight - torch.Size([32, 32, 1, 3, 3]): 
Initialized by user-defined `init_weights` in RGBPoseConv3D  

backbone.pose_path.layer1.0.conv2.bn.weight - torch.Size([32]): 
The value is the same before and after calling `init_weights` of MMRecognizer3D  

backbone.pose_path.layer1.0.conv2.bn.bias - torch.Size([32]): 
The value is the same before and after calling `init_weights` of MMRecognizer3D  

backbone.pose_path.layer1.0.conv3.conv.weight - torch.Size([128, 32, 1, 1, 1]): 
Initialized by user-defined `init_weights` in RGBPoseConv3D  

backbone.pose_path.layer1.0.conv3.bn.weight - torch.Size([128]): 
Initialized by user-defined `init_weights` in RGBPoseConv3D  

backbone.pose_path.layer1.0.conv3.bn.bias - torch.Size([128]): 
The value is the same before and after calling `init_weights` of MMRecognizer3D  

backbone.pose_path.layer1.0.downsample.conv.weight - torch.Size([128, 32, 1, 1, 1]): 
Initialized by user-defined `init_weights` in RGBPoseConv3D  

backbone.pose_path.layer1.0.downsample.bn.weight - torch.Size([128]): 
The value is the same before and after calling `init_weights` of MMRecognizer3D  

backbone.pose_path.layer1.0.downsample.bn.bias - torch.Size([128]): 
The value is the same before and after calling `init_weights` of MMRecognizer3D  

backbone.pose_path.layer1.1.conv1.conv.weight - torch.Size([32, 128, 1, 1, 1]): 
Initialized by user-defined `init_weights` in RGBPoseConv3D  

backbone.pose_path.layer1.1.conv1.bn.weight - torch.Size([32]): 
The value is the same before and after calling `init_weights` of MMRecognizer3D  

backbone.pose_path.layer1.1.conv1.bn.bias - torch.Size([32]): 
The value is the same before and after calling `init_weights` of MMRecognizer3D  

backbone.pose_path.layer1.1.conv2.conv.weight - torch.Size([32, 32, 1, 3, 3]): 
Initialized by user-defined `init_weights` in RGBPoseConv3D  

backbone.pose_path.layer1.1.conv2.bn.weight - torch.Size([32]): 
The value is the same before and after calling `init_weights` of MMRecognizer3D  

backbone.pose_path.layer1.1.conv2.bn.bias - torch.Size([32]): 
The value is the same before and after calling `init_weights` of MMRecognizer3D  

backbone.pose_path.layer1.1.conv3.conv.weight - torch.Size([128, 32, 1, 1, 1]): 
Initialized by user-defined `init_weights` in RGBPoseConv3D  

backbone.pose_path.layer1.1.conv3.bn.weight - torch.Size([128]): 
Initialized by user-defined `init_weights` in RGBPoseConv3D  

backbone.pose_path.layer1.1.conv3.bn.bias - torch.Size([128]): 
The value is the same before and after calling `init_weights` of MMRecognizer3D  

backbone.pose_path.layer1.2.conv1.conv.weight - torch.Size([32, 128, 1, 1, 1]): 
Initialized by user-defined `init_weights` in RGBPoseConv3D  

backbone.pose_path.layer1.2.conv1.bn.weight - torch.Size([32]): 
The value is the same before and after calling `init_weights` of MMRecognizer3D  

backbone.pose_path.layer1.2.conv1.bn.bias - torch.Size([32]): 
The value is the same before and after calling `init_weights` of MMRecognizer3D  

backbone.pose_path.layer1.2.conv2.conv.weight - torch.Size([32, 32, 1, 3, 3]): 
Initialized by user-defined `init_weights` in RGBPoseConv3D  

backbone.pose_path.layer1.2.conv2.bn.weight - torch.Size([32]): 
The value is the same before and after calling `init_weights` of MMRecognizer3D  

backbone.pose_path.layer1.2.conv2.bn.bias - torch.Size([32]): 
The value is the same before and after calling `init_weights` of MMRecognizer3D  

backbone.pose_path.layer1.2.conv3.conv.weight - torch.Size([128, 32, 1, 1, 1]): 
Initialized by user-defined `init_weights` in RGBPoseConv3D  

backbone.pose_path.layer1.2.conv3.bn.weight - torch.Size([128]): 
Initialized by user-defined `init_weights` in RGBPoseConv3D  

backbone.pose_path.layer1.2.conv3.bn.bias - torch.Size([128]): 
The value is the same before and after calling `init_weights` of MMRecognizer3D  

backbone.pose_path.layer1.3.conv1.conv.weight - torch.Size([32, 128, 1, 1, 1]): 
Initialized by user-defined `init_weights` in RGBPoseConv3D  

backbone.pose_path.layer1.3.conv1.bn.weight - torch.Size([32]): 
The value is the same before and after calling `init_weights` of MMRecognizer3D  

backbone.pose_path.layer1.3.conv1.bn.bias - torch.Size([32]): 
The value is the same before and after calling `init_weights` of MMRecognizer3D  

backbone.pose_path.layer1.3.conv2.conv.weight - torch.Size([32, 32, 1, 3, 3]): 
Initialized by user-defined `init_weights` in RGBPoseConv3D  

backbone.pose_path.layer1.3.conv2.bn.weight - torch.Size([32]): 
The value is the same before and after calling `init_weights` of MMRecognizer3D  

backbone.pose_path.layer1.3.conv2.bn.bias - torch.Size([32]): 
The value is the same before and after calling `init_weights` of MMRecognizer3D  

backbone.pose_path.layer1.3.conv3.conv.weight - torch.Size([128, 32, 1, 1, 1]): 
Initialized by user-defined `init_weights` in RGBPoseConv3D  

backbone.pose_path.layer1.3.conv3.bn.weight - torch.Size([128]): 
Initialized by user-defined `init_weights` in RGBPoseConv3D  

backbone.pose_path.layer1.3.conv3.bn.bias - torch.Size([128]): 
The value is the same before and after calling `init_weights` of MMRecognizer3D  

backbone.pose_path.layer2.0.conv1.conv.weight - torch.Size([64, 160, 3, 1, 1]): 
Initialized by user-defined `init_weights` in RGBPoseConv3D  

backbone.pose_path.layer2.0.conv1.bn.weight - torch.Size([64]): 
The value is the same before and after calling `init_weights` of MMRecognizer3D  

backbone.pose_path.layer2.0.conv1.bn.bias - torch.Size([64]): 
The value is the same before and after calling `init_weights` of MMRecognizer3D  

backbone.pose_path.layer2.0.conv2.conv.weight - torch.Size([64, 64, 1, 3, 3]): 
Initialized by user-defined `init_weights` in RGBPoseConv3D  

backbone.pose_path.layer2.0.conv2.bn.weight - torch.Size([64]): 
The value is the same before and after calling `init_weights` of MMRecognizer3D  

backbone.pose_path.layer2.0.conv2.bn.bias - torch.Size([64]): 
The value is the same before and after calling `init_weights` of MMRecognizer3D  

backbone.pose_path.layer2.0.conv3.conv.weight - torch.Size([256, 64, 1, 1, 1]): 
Initialized by user-defined `init_weights` in RGBPoseConv3D  

backbone.pose_path.layer2.0.conv3.bn.weight - torch.Size([256]): 
Initialized by user-defined `init_weights` in RGBPoseConv3D  

backbone.pose_path.layer2.0.conv3.bn.bias - torch.Size([256]): 
The value is the same before and after calling `init_weights` of MMRecognizer3D  

backbone.pose_path.layer2.0.downsample.conv.weight - torch.Size([256, 160, 1, 1, 1]): 
Initialized by user-defined `init_weights` in RGBPoseConv3D  

backbone.pose_path.layer2.0.downsample.bn.weight - torch.Size([256]): 
The value is the same before and after calling `init_weights` of MMRecognizer3D  

backbone.pose_path.layer2.0.downsample.bn.bias - torch.Size([256]): 
The value is the same before and after calling `init_weights` of MMRecognizer3D  

backbone.pose_path.layer2.1.conv1.conv.weight - torch.Size([64, 256, 3, 1, 1]): 
Initialized by user-defined `init_weights` in RGBPoseConv3D  

backbone.pose_path.layer2.1.conv1.bn.weight - torch.Size([64]): 
The value is the same before and after calling `init_weights` of MMRecognizer3D  

backbone.pose_path.layer2.1.conv1.bn.bias - torch.Size([64]): 
The value is the same before and after calling `init_weights` of MMRecognizer3D  

backbone.pose_path.layer2.1.conv2.conv.weight - torch.Size([64, 64, 1, 3, 3]): 
Initialized by user-defined `init_weights` in RGBPoseConv3D  

backbone.pose_path.layer2.1.conv2.bn.weight - torch.Size([64]): 
The value is the same before and after calling `init_weights` of MMRecognizer3D  

backbone.pose_path.layer2.1.conv2.bn.bias - torch.Size([64]): 
The value is the same before and after calling `init_weights` of MMRecognizer3D  

backbone.pose_path.layer2.1.conv3.conv.weight - torch.Size([256, 64, 1, 1, 1]): 
Initialized by user-defined `init_weights` in RGBPoseConv3D  

backbone.pose_path.layer2.1.conv3.bn.weight - torch.Size([256]): 
Initialized by user-defined `init_weights` in RGBPoseConv3D  

backbone.pose_path.layer2.1.conv3.bn.bias - torch.Size([256]): 
The value is the same before and after calling `init_weights` of MMRecognizer3D  

backbone.pose_path.layer2.2.conv1.conv.weight - torch.Size([64, 256, 3, 1, 1]): 
Initialized by user-defined `init_weights` in RGBPoseConv3D  

backbone.pose_path.layer2.2.conv1.bn.weight - torch.Size([64]): 
The value is the same before and after calling `init_weights` of MMRecognizer3D  

backbone.pose_path.layer2.2.conv1.bn.bias - torch.Size([64]): 
The value is the same before and after calling `init_weights` of MMRecognizer3D  

backbone.pose_path.layer2.2.conv2.conv.weight - torch.Size([64, 64, 1, 3, 3]): 
Initialized by user-defined `init_weights` in RGBPoseConv3D  

backbone.pose_path.layer2.2.conv2.bn.weight - torch.Size([64]): 
The value is the same before and after calling `init_weights` of MMRecognizer3D  

backbone.pose_path.layer2.2.conv2.bn.bias - torch.Size([64]): 
The value is the same before and after calling `init_weights` of MMRecognizer3D  

backbone.pose_path.layer2.2.conv3.conv.weight - torch.Size([256, 64, 1, 1, 1]): 
Initialized by user-defined `init_weights` in RGBPoseConv3D  

backbone.pose_path.layer2.2.conv3.bn.weight - torch.Size([256]): 
Initialized by user-defined `init_weights` in RGBPoseConv3D  

backbone.pose_path.layer2.2.conv3.bn.bias - torch.Size([256]): 
The value is the same before and after calling `init_weights` of MMRecognizer3D  

backbone.pose_path.layer2.3.conv1.conv.weight - torch.Size([64, 256, 3, 1, 1]): 
Initialized by user-defined `init_weights` in RGBPoseConv3D  

backbone.pose_path.layer2.3.conv1.bn.weight - torch.Size([64]): 
The value is the same before and after calling `init_weights` of MMRecognizer3D  

backbone.pose_path.layer2.3.conv1.bn.bias - torch.Size([64]): 
The value is the same before and after calling `init_weights` of MMRecognizer3D  

backbone.pose_path.layer2.3.conv2.conv.weight - torch.Size([64, 64, 1, 3, 3]): 
Initialized by user-defined `init_weights` in RGBPoseConv3D  

backbone.pose_path.layer2.3.conv2.bn.weight - torch.Size([64]): 
The value is the same before and after calling `init_weights` of MMRecognizer3D  

backbone.pose_path.layer2.3.conv2.bn.bias - torch.Size([64]): 
The value is the same before and after calling `init_weights` of MMRecognizer3D  

backbone.pose_path.layer2.3.conv3.conv.weight - torch.Size([256, 64, 1, 1, 1]): 
Initialized by user-defined `init_weights` in RGBPoseConv3D  

backbone.pose_path.layer2.3.conv3.bn.weight - torch.Size([256]): 
Initialized by user-defined `init_weights` in RGBPoseConv3D  

backbone.pose_path.layer2.3.conv3.bn.bias - torch.Size([256]): 
The value is the same before and after calling `init_weights` of MMRecognizer3D  

backbone.pose_path.layer2.4.conv1.conv.weight - torch.Size([64, 256, 3, 1, 1]): 
Initialized by user-defined `init_weights` in RGBPoseConv3D  

backbone.pose_path.layer2.4.conv1.bn.weight - torch.Size([64]): 
The value is the same before and after calling `init_weights` of MMRecognizer3D  

backbone.pose_path.layer2.4.conv1.bn.bias - torch.Size([64]): 
The value is the same before and after calling `init_weights` of MMRecognizer3D  

backbone.pose_path.layer2.4.conv2.conv.weight - torch.Size([64, 64, 1, 3, 3]): 
Initialized by user-defined `init_weights` in RGBPoseConv3D  

backbone.pose_path.layer2.4.conv2.bn.weight - torch.Size([64]): 
The value is the same before and after calling `init_weights` of MMRecognizer3D  

backbone.pose_path.layer2.4.conv2.bn.bias - torch.Size([64]): 
The value is the same before and after calling `init_weights` of MMRecognizer3D  

backbone.pose_path.layer2.4.conv3.conv.weight - torch.Size([256, 64, 1, 1, 1]): 
Initialized by user-defined `init_weights` in RGBPoseConv3D  

backbone.pose_path.layer2.4.conv3.bn.weight - torch.Size([256]): 
Initialized by user-defined `init_weights` in RGBPoseConv3D  

backbone.pose_path.layer2.4.conv3.bn.bias - torch.Size([256]): 
The value is the same before and after calling `init_weights` of MMRecognizer3D  

backbone.pose_path.layer2.5.conv1.conv.weight - torch.Size([64, 256, 3, 1, 1]): 
Initialized by user-defined `init_weights` in RGBPoseConv3D  

backbone.pose_path.layer2.5.conv1.bn.weight - torch.Size([64]): 
The value is the same before and after calling `init_weights` of MMRecognizer3D  

backbone.pose_path.layer2.5.conv1.bn.bias - torch.Size([64]): 
The value is the same before and after calling `init_weights` of MMRecognizer3D  

backbone.pose_path.layer2.5.conv2.conv.weight - torch.Size([64, 64, 1, 3, 3]): 
Initialized by user-defined `init_weights` in RGBPoseConv3D  

backbone.pose_path.layer2.5.conv2.bn.weight - torch.Size([64]): 
The value is the same before and after calling `init_weights` of MMRecognizer3D  

backbone.pose_path.layer2.5.conv2.bn.bias - torch.Size([64]): 
The value is the same before and after calling `init_weights` of MMRecognizer3D  

backbone.pose_path.layer2.5.conv3.conv.weight - torch.Size([256, 64, 1, 1, 1]): 
Initialized by user-defined `init_weights` in RGBPoseConv3D  

backbone.pose_path.layer2.5.conv3.bn.weight - torch.Size([256]): 
Initialized by user-defined `init_weights` in RGBPoseConv3D  

backbone.pose_path.layer2.5.conv3.bn.bias - torch.Size([256]): 
The value is the same before and after calling `init_weights` of MMRecognizer3D  

backbone.pose_path.layer3.0.conv1.conv.weight - torch.Size([128, 320, 3, 1, 1]): 
Initialized by user-defined `init_weights` in RGBPoseConv3D  

backbone.pose_path.layer3.0.conv1.bn.weight - torch.Size([128]): 
The value is the same before and after calling `init_weights` of MMRecognizer3D  

backbone.pose_path.layer3.0.conv1.bn.bias - torch.Size([128]): 
The value is the same before and after calling `init_weights` of MMRecognizer3D  

backbone.pose_path.layer3.0.conv2.conv.weight - torch.Size([128, 128, 1, 3, 3]): 
Initialized by user-defined `init_weights` in RGBPoseConv3D  

backbone.pose_path.layer3.0.conv2.bn.weight - torch.Size([128]): 
The value is the same before and after calling `init_weights` of MMRecognizer3D  

backbone.pose_path.layer3.0.conv2.bn.bias - torch.Size([128]): 
The value is the same before and after calling `init_weights` of MMRecognizer3D  

backbone.pose_path.layer3.0.conv3.conv.weight - torch.Size([512, 128, 1, 1, 1]): 
Initialized by user-defined `init_weights` in RGBPoseConv3D  

backbone.pose_path.layer3.0.conv3.bn.weight - torch.Size([512]): 
Initialized by user-defined `init_weights` in RGBPoseConv3D  

backbone.pose_path.layer3.0.conv3.bn.bias - torch.Size([512]): 
The value is the same before and after calling `init_weights` of MMRecognizer3D  

backbone.pose_path.layer3.0.downsample.conv.weight - torch.Size([512, 320, 1, 1, 1]): 
Initialized by user-defined `init_weights` in RGBPoseConv3D  

backbone.pose_path.layer3.0.downsample.bn.weight - torch.Size([512]): 
The value is the same before and after calling `init_weights` of MMRecognizer3D  

backbone.pose_path.layer3.0.downsample.bn.bias - torch.Size([512]): 
The value is the same before and after calling `init_weights` of MMRecognizer3D  

backbone.pose_path.layer3.1.conv1.conv.weight - torch.Size([128, 512, 3, 1, 1]): 
Initialized by user-defined `init_weights` in RGBPoseConv3D  

backbone.pose_path.layer3.1.conv1.bn.weight - torch.Size([128]): 
The value is the same before and after calling `init_weights` of MMRecognizer3D  

backbone.pose_path.layer3.1.conv1.bn.bias - torch.Size([128]): 
The value is the same before and after calling `init_weights` of MMRecognizer3D  

backbone.pose_path.layer3.1.conv2.conv.weight - torch.Size([128, 128, 1, 3, 3]): 
Initialized by user-defined `init_weights` in RGBPoseConv3D  

backbone.pose_path.layer3.1.conv2.bn.weight - torch.Size([128]): 
The value is the same before and after calling `init_weights` of MMRecognizer3D  

backbone.pose_path.layer3.1.conv2.bn.bias - torch.Size([128]): 
The value is the same before and after calling `init_weights` of MMRecognizer3D  

backbone.pose_path.layer3.1.conv3.conv.weight - torch.Size([512, 128, 1, 1, 1]): 
Initialized by user-defined `init_weights` in RGBPoseConv3D  

backbone.pose_path.layer3.1.conv3.bn.weight - torch.Size([512]): 
Initialized by user-defined `init_weights` in RGBPoseConv3D  

backbone.pose_path.layer3.1.conv3.bn.bias - torch.Size([512]): 
The value is the same before and after calling `init_weights` of MMRecognizer3D  

backbone.pose_path.layer3.2.conv1.conv.weight - torch.Size([128, 512, 3, 1, 1]): 
Initialized by user-defined `init_weights` in RGBPoseConv3D  

backbone.pose_path.layer3.2.conv1.bn.weight - torch.Size([128]): 
The value is the same before and after calling `init_weights` of MMRecognizer3D  

backbone.pose_path.layer3.2.conv1.bn.bias - torch.Size([128]): 
The value is the same before and after calling `init_weights` of MMRecognizer3D  

backbone.pose_path.layer3.2.conv2.conv.weight - torch.Size([128, 128, 1, 3, 3]): 
Initialized by user-defined `init_weights` in RGBPoseConv3D  

backbone.pose_path.layer3.2.conv2.bn.weight - torch.Size([128]): 
The value is the same before and after calling `init_weights` of MMRecognizer3D  

backbone.pose_path.layer3.2.conv2.bn.bias - torch.Size([128]): 
The value is the same before and after calling `init_weights` of MMRecognizer3D  

backbone.pose_path.layer3.2.conv3.conv.weight - torch.Size([512, 128, 1, 1, 1]): 
Initialized by user-defined `init_weights` in RGBPoseConv3D  

backbone.pose_path.layer3.2.conv3.bn.weight - torch.Size([512]): 
Initialized by user-defined `init_weights` in RGBPoseConv3D  

backbone.pose_path.layer3.2.conv3.bn.bias - torch.Size([512]): 
The value is the same before and after calling `init_weights` of MMRecognizer3D  

backbone.pose_path.layer1_lateral.conv.weight - torch.Size([512, 32, 7, 1, 1]): 
The value is the same before and after calling `init_weights` of MMRecognizer3D  

backbone.pose_path.layer1_lateral.bn.weight - torch.Size([32]): 
The value is the same before and after calling `init_weights` of MMRecognizer3D  

backbone.pose_path.layer1_lateral.bn.bias - torch.Size([32]): 
The value is the same before and after calling `init_weights` of MMRecognizer3D  

backbone.pose_path.layer2_lateral.conv.weight - torch.Size([1024, 64, 7, 1, 1]): 
The value is the same before and after calling `init_weights` of MMRecognizer3D  

backbone.pose_path.layer2_lateral.bn.weight - torch.Size([64]): 
The value is the same before and after calling `init_weights` of MMRecognizer3D  

backbone.pose_path.layer2_lateral.bn.bias - torch.Size([64]): 
The value is the same before and after calling `init_weights` of MMRecognizer3D  

cls_head.fc_rgb.weight - torch.Size([60, 2048]): 
Initialized by user-defined `init_weights` in RGBPoseHead  

cls_head.fc_rgb.bias - torch.Size([60]): 
Initialized by user-defined `init_weights` in RGBPoseHead  

cls_head.fc_pose.weight - torch.Size([60, 512]): 
Initialized by user-defined `init_weights` in RGBPoseHead  

cls_head.fc_pose.bias - torch.Size([60]): 
Initialized by user-defined `init_weights` in RGBPoseHead  
2025/05/06 15:03:09 - mmengine - INFO - Load checkpoint from https://download.openmmlab.com/mmaction/v1.0/skeleton/posec3d/rgbpose_conv3d/rgbpose_conv3d_init_20230228-09b7684b.pth
2025/05/06 15:03:09 - mmengine - WARNING - "FileClient" will be deprecated in future. Please use io functions in https://mmengine.readthedocs.io/en/latest/api/fileio.html#file-io
2025/05/06 15:03:09 - mmengine - WARNING - "HardDiskBackend" is the alias of "LocalBackend" and the former will be deprecated in future.
2025/05/06 15:03:09 - mmengine - INFO - Checkpoints will be saved to /root/autodl-tmp/mmaction2/work_dirs/RPNet.
2025/05/06 15:03:29 - mmengine - INFO - Exp name: RPNet_20250506_150258
2025/05/06 15:03:29 - mmengine - INFO - Epoch(train)  [1][15/15]  lr: 7.5000e-03  eta: 0:02:56  time: 1.3086  data_time: 0.8412  memory: 13979  grad_norm: 41.0566  loss: 5.9664  rgb_top1_acc: 0.5000  rgb_top5_acc: 1.0000  rgb_loss_cls: 2.9817  pose_top1_acc: 0.5000  pose_top5_acc: 0.7500  pose_loss_cls: 2.9848
2025/05/06 15:03:29 - mmengine - INFO - Saving checkpoint at 1 epochs
2025/05/06 15:03:35 - mmengine - INFO - Epoch(val)  [1][20/22]    eta: 0:00:00  time: 0.2518  data_time: 0.2139  memory: 706  
2025/05/06 15:03:35 - mmengine - INFO - Epoch(val) [1][22/22]    acc/rgb_top1: 0.2500  acc/rgb_top5: 0.7045  acc/rgb_mean1: 0.1984  acc/pose_top1: 0.2727  acc/pose_top5: 0.5000  acc/pose_mean1: 0.1499  acc/RGBPose_1:1_top1: 0.3182  acc/RGBPose_1:1_top5: 0.6364  acc/RGBPose_1:1_mean1: 0.2502  acc/RGBPose_2:1_top1: 0.3182  acc/RGBPose_2:1_top5: 0.6591  acc/RGBPose_2:1_mean1: 0.2502  acc/RGBPose_1:2_top1: 0.2955  acc/RGBPose_1:2_top5: 0.6136  acc/RGBPose_1:2_mean1: 0.1407  data_time: 0.1948  time: 0.2325
2025/05/06 15:03:36 - mmengine - INFO - The best checkpoint with 0.2500 acc/rgb_top1 at 1 epoch is saved to best_acc_rgb_top1_epoch_1.pth.
2025/05/06 15:03:55 - mmengine - INFO - Exp name: RPNet_20250506_150258
2025/05/06 15:03:55 - mmengine - INFO - Epoch(train)  [2][15/15]  lr: 7.5000e-03  eta: 0:02:28  time: 0.9837  data_time: 0.5374  memory: 13979  grad_norm: 23.7836  loss: 3.0842  rgb_top1_acc: 0.7500  rgb_top5_acc: 1.0000  rgb_loss_cls: 1.5583  pose_top1_acc: 0.0000  pose_top5_acc: 1.0000  pose_loss_cls: 1.5258
2025/05/06 15:03:55 - mmengine - INFO - Saving checkpoint at 2 epochs
2025/05/06 15:03:59 - mmengine - INFO - Epoch(val)  [2][20/22]    eta: 0:00:00  time: 0.1357  data_time: 0.0979  memory: 706  
2025/05/06 15:03:59 - mmengine - INFO - Epoch(val) [2][22/22]    acc/rgb_top1: 0.3182  acc/rgb_top5: 0.6364  acc/rgb_mean1: 0.2192  acc/pose_top1: 0.3409  acc/pose_top5: 0.8409  acc/pose_mean1: 0.2516  acc/RGBPose_1:1_top1: 0.2955  acc/RGBPose_1:1_top5: 0.8182  acc/RGBPose_1:1_mean1: 0.2109  acc/RGBPose_2:1_top1: 0.3182  acc/RGBPose_2:1_top5: 0.8182  acc/RGBPose_2:1_mean1: 0.2192  acc/RGBPose_1:2_top1: 0.3409  acc/RGBPose_1:2_top5: 0.8182  acc/RGBPose_1:2_mean1: 0.2488  data_time: 0.0855  time: 0.1231
2025/05/06 15:03:59 - mmengine - INFO - The previous best checkpoint /root/autodl-tmp/mmaction2/work_dirs/RPNet/best_acc_rgb_top1_epoch_1.pth is removed
2025/05/06 15:04:01 - mmengine - INFO - The best checkpoint with 0.3182 acc/rgb_top1 at 2 epoch is saved to best_acc_rgb_top1_epoch_2.pth.
2025/05/06 15:04:19 - mmengine - INFO - Exp name: RPNet_20250506_150258
2025/05/06 15:04:19 - mmengine - INFO - Epoch(train)  [3][15/15]  lr: 7.5000e-03  eta: 0:02:06  time: 0.9645  data_time: 0.5160  memory: 13979  grad_norm: 15.6769  loss: 2.6084  rgb_top1_acc: 0.5000  rgb_top5_acc: 1.0000  rgb_loss_cls: 1.2871  pose_top1_acc: 0.7500  pose_top5_acc: 1.0000  pose_loss_cls: 1.3212
2025/05/06 15:04:19 - mmengine - INFO - Saving checkpoint at 3 epochs
2025/05/06 15:04:23 - mmengine - INFO - Epoch(val)  [3][20/22]    eta: 0:00:00  time: 0.1366  data_time: 0.0985  memory: 706  
2025/05/06 15:04:23 - mmengine - INFO - Epoch(val) [3][22/22]    acc/rgb_top1: 0.3864  acc/rgb_top5: 0.7955  acc/rgb_mean1: 0.3406  acc/pose_top1: 0.2955  acc/pose_top5: 0.8636  acc/pose_mean1: 0.3361  acc/RGBPose_1:1_top1: 0.4318  acc/RGBPose_1:1_top5: 0.8636  acc/RGBPose_1:1_mean1: 0.3946  acc/RGBPose_2:1_top1: 0.4091  acc/RGBPose_2:1_top5: 0.8636  acc/RGBPose_2:1_mean1: 0.3719  acc/RGBPose_1:2_top1: 0.3636  acc/RGBPose_1:2_top5: 0.8636  acc/RGBPose_1:2_mean1: 0.3577  data_time: 0.0861  time: 0.1239
2025/05/06 15:04:23 - mmengine - INFO - The previous best checkpoint /root/autodl-tmp/mmaction2/work_dirs/RPNet/best_acc_rgb_top1_epoch_2.pth is removed
2025/05/06 15:04:24 - mmengine - INFO - The best checkpoint with 0.3864 acc/rgb_top1 at 3 epoch is saved to best_acc_rgb_top1_epoch_3.pth.
