2024/12/30 02:45:51 - mmengine - INFO - 
------------------------------------------------------------
System environment:
    sys.platform: linux
    Python: 3.8.10 (default, Jun  4 2021, 15:09:15) [GCC 7.5.0]
    CUDA available: True
    MUSA available: False
    numpy_random_seed: 978265420
    GPU 0: NVIDIA GeForce RTX 3090
    CUDA_HOME: /usr/local/cuda
    NVCC: Cuda compilation tools, release 11.3, V11.3.109
    GCC: gcc (Ubuntu 9.3.0-17ubuntu1~20.04) 9.3.0
    PyTorch: 1.10.0+cu113
    PyTorch compiling details: PyTorch built with:
  - GCC 7.3
  - C++ Version: 201402
  - Intel(R) Math Kernel Library Version 2020.0.0 Product Build 20191122 for Intel(R) 64 architecture applications
  - Intel(R) MKL-DNN v2.2.3 (Git Hash 7336ca9f055cf1bfa13efb658fe15dc9b41f0740)
  - OpenMP 201511 (a.k.a. OpenMP 4.5)
  - LAPACK is enabled (usually provided by MKL)
  - NNPACK is enabled
  - CPU capability usage: AVX512
  - CUDA Runtime 11.3
  - NVCC architecture flags: -gencode;arch=compute_37,code=sm_37;-gencode;arch=compute_50,code=sm_50;-gencode;arch=compute_60,code=sm_60;-gencode;arch=compute_70,code=sm_70;-gencode;arch=compute_75,code=sm_75;-gencode;arch=compute_80,code=sm_80;-gencode;arch=compute_86,code=sm_86
  - CuDNN 8.2
  - Magma 2.5.2
  - Build settings: BLAS_INFO=mkl, BUILD_TYPE=Release, CUDA_VERSION=11.3, CUDNN_VERSION=8.2.0, CXX_COMPILER=/opt/rh/devtoolset-7/root/usr/bin/c++, CXX_FLAGS= -Wno-deprecated -fvisibility-inlines-hidden -DUSE_PTHREADPOOL -fopenmp -DNDEBUG -DUSE_KINETO -DUSE_FBGEMM -DUSE_QNNPACK -DUSE_PYTORCH_QNNPACK -DUSE_XNNPACK -DSYMBOLICATE_MOBILE_DEBUG_HANDLE -DEDGE_PROFILER_USE_KINETO -O2 -fPIC -Wno-narrowing -Wall -Wextra -Werror=return-type -Wno-missing-field-initializers -Wno-type-limits -Wno-array-bounds -Wno-unknown-pragmas -Wno-sign-compare -Wno-unused-parameter -Wno-unused-variable -Wno-unused-function -Wno-unused-result -Wno-unused-local-typedefs -Wno-strict-overflow -Wno-strict-aliasing -Wno-error=deprecated-declarations -Wno-stringop-overflow -Wno-psabi -Wno-error=pedantic -Wno-error=redundant-decls -Wno-error=old-style-cast -fdiagnostics-color=always -faligned-new -Wno-unused-but-set-variable -Wno-maybe-uninitialized -fno-math-errno -fno-trapping-math -Werror=format -Wno-stringop-overflow, LAPACK_INFO=mkl, PERF_WITH_AVX=1, PERF_WITH_AVX2=1, PERF_WITH_AVX512=1, TORCH_VERSION=1.10.0, USE_CUDA=ON, USE_CUDNN=ON, USE_EXCEPTION_PTR=1, USE_GFLAGS=OFF, USE_GLOG=OFF, USE_MKL=ON, USE_MKLDNN=ON, USE_MPI=OFF, USE_NCCL=ON, USE_NNPACK=ON, USE_OPENMP=ON, 

    TorchVision: 0.11.1+cu113
    OpenCV: 4.10.0
    MMEngine: 0.10.5

Runtime environment:
    cudnn_benchmark: False
    mp_cfg: {'mp_start_method': 'fork', 'opencv_num_threads': 0}
    dist_cfg: {'backend': 'nccl'}
    seed: 978265420
    diff_rank_seed: False
    deterministic: False
    Distributed launcher: none
    Distributed training: False
    GPU number: 1
------------------------------------------------------------

2024/12/30 02:45:51 - mmengine - INFO - Config:
ann_file = '/root/autodl-tmp/mmaction2/tools/data/skeleton/my_train.pkl'
auto_scale_lr = dict(base_batch_size=48, enable=False)
backbone_cfg = dict(
    channel_ratio=4,
    pose_pathway=dict(
        base_channels=32,
        conv1_kernel=(
            1,
            7,
            7,
        ),
        conv1_stride_s=1,
        conv1_stride_t=1,
        dilations=(
            1,
            1,
            1,
        ),
        fusion_kernel=7,
        in_channels=16,
        inflate=(
            0,
            1,
            1,
        ),
        lateral=True,
        lateral_activate=(
            0,
            1,
            1,
        ),
        lateral_infl=16,
        lateral_inv=True,
        num_stages=3,
        out_indices=(2, ),
        pool1_stride_s=1,
        pool1_stride_t=1,
        spatial_strides=(
            2,
            2,
            2,
        ),
        stage_blocks=(
            4,
            6,
            3,
        ),
        temporal_strides=(
            1,
            1,
            1,
        ),
        with_pool2=False),
    rgb_pathway=dict(
        base_channels=64,
        conv1_kernel=(
            1,
            7,
            7,
        ),
        fusion_kernel=7,
        inflate=(
            0,
            0,
            1,
            1,
        ),
        lateral=True,
        lateral_activate=[
            0,
            0,
            1,
            1,
        ],
        lateral_infl=1,
        num_stages=4,
        with_pool2=False),
    speed_ratio=4,
    type='RGBPoseConv3D')
data_preprocessor = dict(
    preprocessors=dict(
        heatmap_imgs=dict(type='ActionDataPreprocessor'),
        imgs=dict(
            format_shape='NCTHW',
            mean=[
                123.675,
                116.28,
                103.53,
            ],
            std=[
                58.395,
                57.12,
                57.375,
            ],
            type='ActionDataPreprocessor')),
    type='MultiModalDataPreprocessor')
data_root = '/root/autodl-tmp/mmaction2/videos/'
dataset_type = 'PoseDataset'
default_hooks = dict(
    checkpoint=dict(interval=1, save_best='auto', type='CheckpointHook'),
    logger=dict(ignore_last=False, interval=20, type='LoggerHook'),
    param_scheduler=dict(type='ParamSchedulerHook'),
    runtime_info=dict(type='RuntimeInfoHook'),
    sampler_seed=dict(type='DistSamplerSeedHook'),
    sync_buffers=dict(type='SyncBuffersHook'),
    timer=dict(type='IterTimerHook'))
default_scope = 'mmaction'
env_cfg = dict(
    cudnn_benchmark=False,
    dist_cfg=dict(backend='nccl'),
    mp_cfg=dict(mp_start_method='fork', opencv_num_threads=0))
head_cfg = dict(
    average_clips='prob',
    in_channels=[
        2048,
        512,
    ],
    loss_components=[
        'rgb',
        'pose',
    ],
    loss_weights=[
        1.0,
        1.0,
    ],
    num_classes=60,
    type='RGBPoseHead')
launcher = 'none'
left_kp = [
    3,
    4,
    5,
    10,
    11,
    12,
]
load_from = 'https://download.openmmlab.com/mmaction/v1.0/skeleton/posec3d/rgbpose_conv3d/rgbpose_conv3d_init_20230228-09b7684b.pth'
log_level = 'INFO'
log_processor = dict(by_epoch=True, type='LogProcessor', window_size=20)
model = dict(
    backbone=dict(
        channel_ratio=4,
        pose_pathway=dict(
            base_channels=32,
            conv1_kernel=(
                1,
                7,
                7,
            ),
            conv1_stride_s=1,
            conv1_stride_t=1,
            dilations=(
                1,
                1,
                1,
            ),
            fusion_kernel=7,
            in_channels=16,
            inflate=(
                0,
                1,
                1,
            ),
            lateral=True,
            lateral_activate=(
                0,
                1,
                1,
            ),
            lateral_infl=16,
            lateral_inv=True,
            num_stages=3,
            out_indices=(2, ),
            pool1_stride_s=1,
            pool1_stride_t=1,
            spatial_strides=(
                2,
                2,
                2,
            ),
            stage_blocks=(
                4,
                6,
                3,
            ),
            temporal_strides=(
                1,
                1,
                1,
            ),
            with_pool2=False),
        rgb_pathway=dict(
            base_channels=64,
            conv1_kernel=(
                1,
                7,
                7,
            ),
            fusion_kernel=7,
            inflate=(
                0,
                0,
                1,
                1,
            ),
            lateral=True,
            lateral_activate=[
                0,
                0,
                1,
                1,
            ],
            lateral_infl=1,
            num_stages=4,
            with_pool2=False),
        speed_ratio=4,
        type='RGBPoseConv3D'),
    cls_head=dict(
        average_clips='prob',
        in_channels=[
            2048,
            512,
        ],
        loss_components=[
            'rgb',
            'pose',
        ],
        loss_weights=[
            1.0,
            1.0,
        ],
        num_classes=60,
        type='RGBPoseHead'),
    data_preprocessor=dict(
        preprocessors=dict(
            heatmap_imgs=dict(type='ActionDataPreprocessor'),
            imgs=dict(
                format_shape='NCTHW',
                mean=[
                    123.675,
                    116.28,
                    103.53,
                ],
                std=[
                    58.395,
                    57.12,
                    57.375,
                ],
                type='ActionDataPreprocessor')),
        type='MultiModalDataPreprocessor'),
    type='MMRecognizer3D')
optim_wrapper = dict(
    clip_grad=dict(max_norm=40, norm_type=2),
    optimizer=dict(lr=0.0075, momentum=0.9, type='SGD', weight_decay=0.0001))
param_scheduler = [
    dict(
        begin=0,
        by_epoch=True,
        end=20,
        gamma=0.1,
        milestones=[
            12,
            16,
        ],
        type='MultiStepLR'),
]
randomness = dict(deterministic=False, diff_rank_seed=False, seed=None)
resume = False
right_kp = [
    6,
    7,
    8,
    13,
    14,
    15,
]
test_cfg = dict(type='TestLoop')
test_dataloader = dict(
    batch_size=2,
    dataset=dict(
        ann_file='/root/autodl-tmp/mmaction2/tools/data/skeleton/my_train.pkl',
        data_prefix=dict(video='/root/autodl-tmp/mmaction2/videos/'),
        pipeline=[
            dict(
                clip_len=dict(Pose=32, RGB=8),
                num_clips=10,
                test_mode=True,
                type='MMUniformSampleFrames'),
            dict(type='MMDecode'),
            dict(allow_imgpad=True, hw_ratio=1.0, type='MMCompact'),
            dict(keep_ratio=False, scale=(
                256,
                256,
            ), type='Resize'),
            dict(
                scaling=0.25,
                sigma=0.7,
                type='GeneratePoseTarget',
                use_score=True,
                with_kp=True,
                with_limb=False),
            dict(input_format='NCTHW', type='FormatShape'),
            dict(
                collect_keys=(
                    'imgs',
                    'heatmap_imgs',
                ),
                type='PackActionInputs'),
        ],
        split='xsub_val',
        test_mode=True,
        type='PoseDataset'),
    num_workers=16,
    persistent_workers=True,
    sampler=dict(shuffle=False, type='DefaultSampler'))
test_evaluator = [
    dict(type='AccMetric'),
]
test_pipeline = [
    dict(
        clip_len=dict(Pose=32, RGB=8),
        num_clips=10,
        test_mode=True,
        type='MMUniformSampleFrames'),
    dict(type='MMDecode'),
    dict(allow_imgpad=True, hw_ratio=1.0, type='MMCompact'),
    dict(keep_ratio=False, scale=(
        256,
        256,
    ), type='Resize'),
    dict(
        scaling=0.25,
        sigma=0.7,
        type='GeneratePoseTarget',
        use_score=True,
        with_kp=True,
        with_limb=False),
    dict(input_format='NCTHW', type='FormatShape'),
    dict(collect_keys=(
        'imgs',
        'heatmap_imgs',
    ), type='PackActionInputs'),
]
train_cfg = dict(
    max_epochs=10, type='EpochBasedTrainLoop', val_begin=1, val_interval=1)
train_dataloader = dict(
    batch_size=12,
    dataset=dict(
        ann_file='/root/autodl-tmp/mmaction2/tools/data/skeleton/my_train.pkl',
        data_prefix=dict(video='/root/autodl-tmp/mmaction2/videos/'),
        pipeline=[
            dict(
                clip_len=dict(Pose=32, RGB=8),
                num_clips=1,
                type='MMUniformSampleFrames'),
            dict(type='MMDecode'),
            dict(allow_imgpad=True, hw_ratio=1.0, type='MMCompact'),
            dict(keep_ratio=False, scale=(
                256,
                256,
            ), type='Resize'),
            dict(area_range=(
                0.56,
                1.0,
            ), type='RandomResizedCrop'),
            dict(keep_ratio=False, scale=(
                224,
                224,
            ), type='Resize'),
            dict(
                flip_ratio=0.5,
                left_kp=[
                    3,
                    4,
                    5,
                    10,
                    11,
                    12,
                ],
                right_kp=[
                    6,
                    7,
                    8,
                    13,
                    14,
                    15,
                ],
                type='Flip'),
            dict(
                scaling=0.25,
                sigma=0.7,
                type='GeneratePoseTarget',
                use_score=True,
                with_kp=True,
                with_limb=False),
            dict(input_format='NCTHW', type='FormatShape'),
            dict(
                collect_keys=(
                    'imgs',
                    'heatmap_imgs',
                ),
                type='PackActionInputs'),
        ],
        split='xsub_train',
        type='PoseDataset'),
    num_workers=16,
    persistent_workers=True,
    sampler=dict(shuffle=True, type='DefaultSampler'))
train_pipeline = [
    dict(
        clip_len=dict(Pose=32, RGB=8),
        num_clips=1,
        type='MMUniformSampleFrames'),
    dict(type='MMDecode'),
    dict(allow_imgpad=True, hw_ratio=1.0, type='MMCompact'),
    dict(keep_ratio=False, scale=(
        256,
        256,
    ), type='Resize'),
    dict(area_range=(
        0.56,
        1.0,
    ), type='RandomResizedCrop'),
    dict(keep_ratio=False, scale=(
        224,
        224,
    ), type='Resize'),
    dict(
        flip_ratio=0.5,
        left_kp=[
            3,
            4,
            5,
            10,
            11,
            12,
        ],
        right_kp=[
            6,
            7,
            8,
            13,
            14,
            15,
        ],
        type='Flip'),
    dict(
        scaling=0.25,
        sigma=0.7,
        type='GeneratePoseTarget',
        use_score=True,
        with_kp=True,
        with_limb=False),
    dict(input_format='NCTHW', type='FormatShape'),
    dict(collect_keys=(
        'imgs',
        'heatmap_imgs',
    ), type='PackActionInputs'),
]
val_cfg = dict(type='ValLoop')
val_dataloader = dict(
    batch_size=2,
    dataset=dict(
        ann_file='/root/autodl-tmp/mmaction2/tools/data/skeleton/my_train.pkl',
        data_prefix=dict(video='/root/autodl-tmp/mmaction2/videos/'),
        pipeline=[
            dict(
                clip_len=dict(Pose=32, RGB=8),
                num_clips=1,
                test_mode=True,
                type='MMUniformSampleFrames'),
            dict(type='MMDecode'),
            dict(allow_imgpad=True, hw_ratio=1.0, type='MMCompact'),
            dict(keep_ratio=False, scale=(
                256,
                256,
            ), type='Resize'),
            dict(
                scaling=0.25,
                sigma=0.7,
                type='GeneratePoseTarget',
                use_score=True,
                with_kp=True,
                with_limb=False),
            dict(input_format='NCTHW', type='FormatShape'),
            dict(
                collect_keys=(
                    'imgs',
                    'heatmap_imgs',
                ),
                type='PackActionInputs'),
        ],
        split='xsub_val',
        test_mode=True,
        type='PoseDataset'),
    num_workers=16,
    persistent_workers=True,
    sampler=dict(shuffle=False, type='DefaultSampler'))
val_evaluator = [
    dict(type='AccMetric'),
]
val_pipeline = [
    dict(
        clip_len=dict(Pose=32, RGB=8),
        num_clips=1,
        test_mode=True,
        type='MMUniformSampleFrames'),
    dict(type='MMDecode'),
    dict(allow_imgpad=True, hw_ratio=1.0, type='MMCompact'),
    dict(keep_ratio=False, scale=(
        256,
        256,
    ), type='Resize'),
    dict(
        scaling=0.25,
        sigma=0.7,
        type='GeneratePoseTarget',
        use_score=True,
        with_kp=True,
        with_limb=False),
    dict(input_format='NCTHW', type='FormatShape'),
    dict(collect_keys=(
        'imgs',
        'heatmap_imgs',
    ), type='PackActionInputs'),
]
vis_backends = [
    dict(type='LocalVisBackend'),
]
visualizer = dict(
    type='ActionVisualizer', vis_backends=[
        dict(type='LocalVisBackend'),
    ])
work_dir = './work_dirs/rgbpose_conv3d-ep100-MSA'

2024/12/30 02:45:58 - mmengine - INFO - Distributed training is not used, all SyncBatchNorm (SyncBN) layers in the model will be automatically reverted to BatchNormXd layers if they are used.
2024/12/30 02:45:58 - mmengine - INFO - Hooks will be executed in the following order:
before_run:
(VERY_HIGH   ) RuntimeInfoHook                    
(BELOW_NORMAL) LoggerHook                         
 -------------------- 
before_train:
(VERY_HIGH   ) RuntimeInfoHook                    
(NORMAL      ) IterTimerHook                      
(VERY_LOW    ) CheckpointHook                     
 -------------------- 
before_train_epoch:
(VERY_HIGH   ) RuntimeInfoHook                    
(NORMAL      ) IterTimerHook                      
(NORMAL      ) DistSamplerSeedHook                
 -------------------- 
before_train_iter:
(VERY_HIGH   ) RuntimeInfoHook                    
(NORMAL      ) IterTimerHook                      
 -------------------- 
after_train_iter:
(VERY_HIGH   ) RuntimeInfoHook                    
(NORMAL      ) IterTimerHook                      
(BELOW_NORMAL) LoggerHook                         
(LOW         ) ParamSchedulerHook                 
(VERY_LOW    ) CheckpointHook                     
 -------------------- 
after_train_epoch:
(NORMAL      ) IterTimerHook                      
(NORMAL      ) SyncBuffersHook                    
(LOW         ) ParamSchedulerHook                 
(VERY_LOW    ) CheckpointHook                     
 -------------------- 
before_val:
(VERY_HIGH   ) RuntimeInfoHook                    
 -------------------- 
before_val_epoch:
(NORMAL      ) IterTimerHook                      
(NORMAL      ) SyncBuffersHook                    
 -------------------- 
before_val_iter:
(NORMAL      ) IterTimerHook                      
 -------------------- 
after_val_iter:
(NORMAL      ) IterTimerHook                      
(BELOW_NORMAL) LoggerHook                         
 -------------------- 
after_val_epoch:
(VERY_HIGH   ) RuntimeInfoHook                    
(NORMAL      ) IterTimerHook                      
(BELOW_NORMAL) LoggerHook                         
(LOW         ) ParamSchedulerHook                 
(VERY_LOW    ) CheckpointHook                     
 -------------------- 
after_val:
(VERY_HIGH   ) RuntimeInfoHook                    
 -------------------- 
after_train:
(VERY_HIGH   ) RuntimeInfoHook                    
(VERY_LOW    ) CheckpointHook                     
 -------------------- 
before_test:
(VERY_HIGH   ) RuntimeInfoHook                    
 -------------------- 
before_test_epoch:
(NORMAL      ) IterTimerHook                      
 -------------------- 
before_test_iter:
(NORMAL      ) IterTimerHook                      
 -------------------- 
after_test_iter:
(NORMAL      ) IterTimerHook                      
(BELOW_NORMAL) LoggerHook                         
 -------------------- 
after_test_epoch:
(VERY_HIGH   ) RuntimeInfoHook                    
(NORMAL      ) IterTimerHook                      
(BELOW_NORMAL) LoggerHook                         
 -------------------- 
after_test:
(VERY_HIGH   ) RuntimeInfoHook                    
 -------------------- 
after_run:
(BELOW_NORMAL) LoggerHook                         
 -------------------- 
2024/12/30 02:45:59 - mmengine - INFO - 172 videos remain after valid thresholding
2024/12/30 02:45:59 - mmengine - INFO - 44 videos remain after valid thresholding
Name of parameter - Initialization information

backbone.rgb_path.conv1.conv.weight - torch.Size([64, 3, 1, 7, 7]): 
Initialized by user-defined `init_weights` in RGBPoseConv3D  

backbone.rgb_path.conv1.bn.weight - torch.Size([64]): 
The value is the same before and after calling `init_weights` of MMRecognizer3D  

backbone.rgb_path.conv1.bn.bias - torch.Size([64]): 
The value is the same before and after calling `init_weights` of MMRecognizer3D  

backbone.rgb_path.layer1.0.conv1.conv.weight - torch.Size([64, 64, 1, 1, 1]): 
Initialized by user-defined `init_weights` in RGBPoseConv3D  

backbone.rgb_path.layer1.0.conv1.bn.weight - torch.Size([64]): 
The value is the same before and after calling `init_weights` of MMRecognizer3D  

backbone.rgb_path.layer1.0.conv1.bn.bias - torch.Size([64]): 
The value is the same before and after calling `init_weights` of MMRecognizer3D  

backbone.rgb_path.layer1.0.conv2.conv.weight - torch.Size([64, 64, 1, 3, 3]): 
Initialized by user-defined `init_weights` in RGBPoseConv3D  

backbone.rgb_path.layer1.0.conv2.bn.weight - torch.Size([64]): 
The value is the same before and after calling `init_weights` of MMRecognizer3D  

backbone.rgb_path.layer1.0.conv2.bn.bias - torch.Size([64]): 
The value is the same before and after calling `init_weights` of MMRecognizer3D  

backbone.rgb_path.layer1.0.conv3.conv.weight - torch.Size([256, 64, 1, 1, 1]): 
Initialized by user-defined `init_weights` in RGBPoseConv3D  

backbone.rgb_path.layer1.0.conv3.bn.weight - torch.Size([256]): 
Initialized by user-defined `init_weights` in RGBPoseConv3D  

backbone.rgb_path.layer1.0.conv3.bn.bias - torch.Size([256]): 
The value is the same before and after calling `init_weights` of MMRecognizer3D  

backbone.rgb_path.layer1.0.downsample.conv.weight - torch.Size([256, 64, 1, 1, 1]): 
Initialized by user-defined `init_weights` in RGBPoseConv3D  

backbone.rgb_path.layer1.0.downsample.bn.weight - torch.Size([256]): 
The value is the same before and after calling `init_weights` of MMRecognizer3D  

backbone.rgb_path.layer1.0.downsample.bn.bias - torch.Size([256]): 
The value is the same before and after calling `init_weights` of MMRecognizer3D  

backbone.rgb_path.layer1.1.conv1.conv.weight - torch.Size([64, 256, 1, 1, 1]): 
Initialized by user-defined `init_weights` in RGBPoseConv3D  

backbone.rgb_path.layer1.1.conv1.bn.weight - torch.Size([64]): 
The value is the same before and after calling `init_weights` of MMRecognizer3D  

backbone.rgb_path.layer1.1.conv1.bn.bias - torch.Size([64]): 
The value is the same before and after calling `init_weights` of MMRecognizer3D  

backbone.rgb_path.layer1.1.conv2.conv.weight - torch.Size([64, 64, 1, 3, 3]): 
Initialized by user-defined `init_weights` in RGBPoseConv3D  

backbone.rgb_path.layer1.1.conv2.bn.weight - torch.Size([64]): 
The value is the same before and after calling `init_weights` of MMRecognizer3D  

backbone.rgb_path.layer1.1.conv2.bn.bias - torch.Size([64]): 
The value is the same before and after calling `init_weights` of MMRecognizer3D  

backbone.rgb_path.layer1.1.conv3.conv.weight - torch.Size([256, 64, 1, 1, 1]): 
Initialized by user-defined `init_weights` in RGBPoseConv3D  

backbone.rgb_path.layer1.1.conv3.bn.weight - torch.Size([256]): 
Initialized by user-defined `init_weights` in RGBPoseConv3D  

backbone.rgb_path.layer1.1.conv3.bn.bias - torch.Size([256]): 
The value is the same before and after calling `init_weights` of MMRecognizer3D  

backbone.rgb_path.layer1.2.conv1.conv.weight - torch.Size([64, 256, 1, 1, 1]): 
Initialized by user-defined `init_weights` in RGBPoseConv3D  

backbone.rgb_path.layer1.2.conv1.bn.weight - torch.Size([64]): 
The value is the same before and after calling `init_weights` of MMRecognizer3D  

backbone.rgb_path.layer1.2.conv1.bn.bias - torch.Size([64]): 
The value is the same before and after calling `init_weights` of MMRecognizer3D  

backbone.rgb_path.layer1.2.conv2.conv.weight - torch.Size([64, 64, 1, 3, 3]): 
Initialized by user-defined `init_weights` in RGBPoseConv3D  

backbone.rgb_path.layer1.2.conv2.bn.weight - torch.Size([64]): 
The value is the same before and after calling `init_weights` of MMRecognizer3D  

backbone.rgb_path.layer1.2.conv2.bn.bias - torch.Size([64]): 
The value is the same before and after calling `init_weights` of MMRecognizer3D  

backbone.rgb_path.layer1.2.conv3.conv.weight - torch.Size([256, 64, 1, 1, 1]): 
Initialized by user-defined `init_weights` in RGBPoseConv3D  

backbone.rgb_path.layer1.2.conv3.bn.weight - torch.Size([256]): 
Initialized by user-defined `init_weights` in RGBPoseConv3D  

backbone.rgb_path.layer1.2.conv3.bn.bias - torch.Size([256]): 
The value is the same before and after calling `init_weights` of MMRecognizer3D  

backbone.rgb_path.layer2.0.conv1.conv.weight - torch.Size([128, 256, 1, 1, 1]): 
Initialized by user-defined `init_weights` in RGBPoseConv3D  

backbone.rgb_path.layer2.0.conv1.bn.weight - torch.Size([128]): 
The value is the same before and after calling `init_weights` of MMRecognizer3D  

backbone.rgb_path.layer2.0.conv1.bn.bias - torch.Size([128]): 
The value is the same before and after calling `init_weights` of MMRecognizer3D  

backbone.rgb_path.layer2.0.conv2.conv.weight - torch.Size([128, 128, 1, 3, 3]): 
Initialized by user-defined `init_weights` in RGBPoseConv3D  

backbone.rgb_path.layer2.0.conv2.bn.weight - torch.Size([128]): 
The value is the same before and after calling `init_weights` of MMRecognizer3D  

backbone.rgb_path.layer2.0.conv2.bn.bias - torch.Size([128]): 
The value is the same before and after calling `init_weights` of MMRecognizer3D  

backbone.rgb_path.layer2.0.conv3.conv.weight - torch.Size([512, 128, 1, 1, 1]): 
Initialized by user-defined `init_weights` in RGBPoseConv3D  

backbone.rgb_path.layer2.0.conv3.bn.weight - torch.Size([512]): 
Initialized by user-defined `init_weights` in RGBPoseConv3D  

backbone.rgb_path.layer2.0.conv3.bn.bias - torch.Size([512]): 
The value is the same before and after calling `init_weights` of MMRecognizer3D  

backbone.rgb_path.layer2.0.downsample.conv.weight - torch.Size([512, 256, 1, 1, 1]): 
Initialized by user-defined `init_weights` in RGBPoseConv3D  

backbone.rgb_path.layer2.0.downsample.bn.weight - torch.Size([512]): 
The value is the same before and after calling `init_weights` of MMRecognizer3D  

backbone.rgb_path.layer2.0.downsample.bn.bias - torch.Size([512]): 
The value is the same before and after calling `init_weights` of MMRecognizer3D  

backbone.rgb_path.layer2.1.conv1.conv.weight - torch.Size([128, 512, 1, 1, 1]): 
Initialized by user-defined `init_weights` in RGBPoseConv3D  

backbone.rgb_path.layer2.1.conv1.bn.weight - torch.Size([128]): 
The value is the same before and after calling `init_weights` of MMRecognizer3D  

backbone.rgb_path.layer2.1.conv1.bn.bias - torch.Size([128]): 
The value is the same before and after calling `init_weights` of MMRecognizer3D  

backbone.rgb_path.layer2.1.conv2.conv.weight - torch.Size([128, 128, 1, 3, 3]): 
Initialized by user-defined `init_weights` in RGBPoseConv3D  

backbone.rgb_path.layer2.1.conv2.bn.weight - torch.Size([128]): 
The value is the same before and after calling `init_weights` of MMRecognizer3D  

backbone.rgb_path.layer2.1.conv2.bn.bias - torch.Size([128]): 
The value is the same before and after calling `init_weights` of MMRecognizer3D  

backbone.rgb_path.layer2.1.conv3.conv.weight - torch.Size([512, 128, 1, 1, 1]): 
Initialized by user-defined `init_weights` in RGBPoseConv3D  

backbone.rgb_path.layer2.1.conv3.bn.weight - torch.Size([512]): 
Initialized by user-defined `init_weights` in RGBPoseConv3D  

backbone.rgb_path.layer2.1.conv3.bn.bias - torch.Size([512]): 
The value is the same before and after calling `init_weights` of MMRecognizer3D  

backbone.rgb_path.layer2.2.conv1.conv.weight - torch.Size([128, 512, 1, 1, 1]): 
Initialized by user-defined `init_weights` in RGBPoseConv3D  

backbone.rgb_path.layer2.2.conv1.bn.weight - torch.Size([128]): 
The value is the same before and after calling `init_weights` of MMRecognizer3D  

backbone.rgb_path.layer2.2.conv1.bn.bias - torch.Size([128]): 
The value is the same before and after calling `init_weights` of MMRecognizer3D  

backbone.rgb_path.layer2.2.conv2.conv.weight - torch.Size([128, 128, 1, 3, 3]): 
Initialized by user-defined `init_weights` in RGBPoseConv3D  

backbone.rgb_path.layer2.2.conv2.bn.weight - torch.Size([128]): 
The value is the same before and after calling `init_weights` of MMRecognizer3D  

backbone.rgb_path.layer2.2.conv2.bn.bias - torch.Size([128]): 
The value is the same before and after calling `init_weights` of MMRecognizer3D  

backbone.rgb_path.layer2.2.conv3.conv.weight - torch.Size([512, 128, 1, 1, 1]): 
Initialized by user-defined `init_weights` in RGBPoseConv3D  

backbone.rgb_path.layer2.2.conv3.bn.weight - torch.Size([512]): 
Initialized by user-defined `init_weights` in RGBPoseConv3D  

backbone.rgb_path.layer2.2.conv3.bn.bias - torch.Size([512]): 
The value is the same before and after calling `init_weights` of MMRecognizer3D  

backbone.rgb_path.layer2.3.conv1.conv.weight - torch.Size([128, 512, 1, 1, 1]): 
Initialized by user-defined `init_weights` in RGBPoseConv3D  

backbone.rgb_path.layer2.3.conv1.bn.weight - torch.Size([128]): 
The value is the same before and after calling `init_weights` of MMRecognizer3D  

backbone.rgb_path.layer2.3.conv1.bn.bias - torch.Size([128]): 
The value is the same before and after calling `init_weights` of MMRecognizer3D  

backbone.rgb_path.layer2.3.conv2.conv.weight - torch.Size([128, 128, 1, 3, 3]): 
Initialized by user-defined `init_weights` in RGBPoseConv3D  

backbone.rgb_path.layer2.3.conv2.bn.weight - torch.Size([128]): 
The value is the same before and after calling `init_weights` of MMRecognizer3D  

backbone.rgb_path.layer2.3.conv2.bn.bias - torch.Size([128]): 
The value is the same before and after calling `init_weights` of MMRecognizer3D  

backbone.rgb_path.layer2.3.conv3.conv.weight - torch.Size([512, 128, 1, 1, 1]): 
Initialized by user-defined `init_weights` in RGBPoseConv3D  

backbone.rgb_path.layer2.3.conv3.bn.weight - torch.Size([512]): 
Initialized by user-defined `init_weights` in RGBPoseConv3D  

backbone.rgb_path.layer2.3.conv3.bn.bias - torch.Size([512]): 
The value is the same before and after calling `init_weights` of MMRecognizer3D  

backbone.rgb_path.layer3.0.conv1.conv.weight - torch.Size([256, 640, 3, 1, 1]): 
Initialized by user-defined `init_weights` in RGBPoseConv3D  

backbone.rgb_path.layer3.0.conv1.bn.weight - torch.Size([256]): 
The value is the same before and after calling `init_weights` of MMRecognizer3D  

backbone.rgb_path.layer3.0.conv1.bn.bias - torch.Size([256]): 
The value is the same before and after calling `init_weights` of MMRecognizer3D  

backbone.rgb_path.layer3.0.conv2.conv.weight - torch.Size([256, 256, 1, 3, 3]): 
Initialized by user-defined `init_weights` in RGBPoseConv3D  

backbone.rgb_path.layer3.0.conv2.bn.weight - torch.Size([256]): 
The value is the same before and after calling `init_weights` of MMRecognizer3D  

backbone.rgb_path.layer3.0.conv2.bn.bias - torch.Size([256]): 
The value is the same before and after calling `init_weights` of MMRecognizer3D  

backbone.rgb_path.layer3.0.conv3.conv.weight - torch.Size([1024, 256, 1, 1, 1]): 
Initialized by user-defined `init_weights` in RGBPoseConv3D  

backbone.rgb_path.layer3.0.conv3.bn.weight - torch.Size([1024]): 
Initialized by user-defined `init_weights` in RGBPoseConv3D  

backbone.rgb_path.layer3.0.conv3.bn.bias - torch.Size([1024]): 
The value is the same before and after calling `init_weights` of MMRecognizer3D  

backbone.rgb_path.layer3.0.downsample.conv.weight - torch.Size([1024, 640, 1, 1, 1]): 
Initialized by user-defined `init_weights` in RGBPoseConv3D  

backbone.rgb_path.layer3.0.downsample.bn.weight - torch.Size([1024]): 
The value is the same before and after calling `init_weights` of MMRecognizer3D  

backbone.rgb_path.layer3.0.downsample.bn.bias - torch.Size([1024]): 
The value is the same before and after calling `init_weights` of MMRecognizer3D  

backbone.rgb_path.layer3.1.conv1.conv.weight - torch.Size([256, 1024, 3, 1, 1]): 
Initialized by user-defined `init_weights` in RGBPoseConv3D  

backbone.rgb_path.layer3.1.conv1.bn.weight - torch.Size([256]): 
The value is the same before and after calling `init_weights` of MMRecognizer3D  

backbone.rgb_path.layer3.1.conv1.bn.bias - torch.Size([256]): 
The value is the same before and after calling `init_weights` of MMRecognizer3D  

backbone.rgb_path.layer3.1.conv2.conv.weight - torch.Size([256, 256, 1, 3, 3]): 
Initialized by user-defined `init_weights` in RGBPoseConv3D  

backbone.rgb_path.layer3.1.conv2.bn.weight - torch.Size([256]): 
The value is the same before and after calling `init_weights` of MMRecognizer3D  

backbone.rgb_path.layer3.1.conv2.bn.bias - torch.Size([256]): 
The value is the same before and after calling `init_weights` of MMRecognizer3D  

backbone.rgb_path.layer3.1.conv3.conv.weight - torch.Size([1024, 256, 1, 1, 1]): 
Initialized by user-defined `init_weights` in RGBPoseConv3D  

backbone.rgb_path.layer3.1.conv3.bn.weight - torch.Size([1024]): 
Initialized by user-defined `init_weights` in RGBPoseConv3D  

backbone.rgb_path.layer3.1.conv3.bn.bias - torch.Size([1024]): 
The value is the same before and after calling `init_weights` of MMRecognizer3D  

backbone.rgb_path.layer3.2.conv1.conv.weight - torch.Size([256, 1024, 3, 1, 1]): 
Initialized by user-defined `init_weights` in RGBPoseConv3D  

backbone.rgb_path.layer3.2.conv1.bn.weight - torch.Size([256]): 
The value is the same before and after calling `init_weights` of MMRecognizer3D  

backbone.rgb_path.layer3.2.conv1.bn.bias - torch.Size([256]): 
The value is the same before and after calling `init_weights` of MMRecognizer3D  

backbone.rgb_path.layer3.2.conv2.conv.weight - torch.Size([256, 256, 1, 3, 3]): 
Initialized by user-defined `init_weights` in RGBPoseConv3D  

backbone.rgb_path.layer3.2.conv2.bn.weight - torch.Size([256]): 
The value is the same before and after calling `init_weights` of MMRecognizer3D  

backbone.rgb_path.layer3.2.conv2.bn.bias - torch.Size([256]): 
The value is the same before and after calling `init_weights` of MMRecognizer3D  

backbone.rgb_path.layer3.2.conv3.conv.weight - torch.Size([1024, 256, 1, 1, 1]): 
Initialized by user-defined `init_weights` in RGBPoseConv3D  

backbone.rgb_path.layer3.2.conv3.bn.weight - torch.Size([1024]): 
Initialized by user-defined `init_weights` in RGBPoseConv3D  

backbone.rgb_path.layer3.2.conv3.bn.bias - torch.Size([1024]): 
The value is the same before and after calling `init_weights` of MMRecognizer3D  

backbone.rgb_path.layer3.3.conv1.conv.weight - torch.Size([256, 1024, 3, 1, 1]): 
Initialized by user-defined `init_weights` in RGBPoseConv3D  

backbone.rgb_path.layer3.3.conv1.bn.weight - torch.Size([256]): 
The value is the same before and after calling `init_weights` of MMRecognizer3D  

backbone.rgb_path.layer3.3.conv1.bn.bias - torch.Size([256]): 
The value is the same before and after calling `init_weights` of MMRecognizer3D  

backbone.rgb_path.layer3.3.conv2.conv.weight - torch.Size([256, 256, 1, 3, 3]): 
Initialized by user-defined `init_weights` in RGBPoseConv3D  

backbone.rgb_path.layer3.3.conv2.bn.weight - torch.Size([256]): 
The value is the same before and after calling `init_weights` of MMRecognizer3D  

backbone.rgb_path.layer3.3.conv2.bn.bias - torch.Size([256]): 
The value is the same before and after calling `init_weights` of MMRecognizer3D  

backbone.rgb_path.layer3.3.conv3.conv.weight - torch.Size([1024, 256, 1, 1, 1]): 
Initialized by user-defined `init_weights` in RGBPoseConv3D  

backbone.rgb_path.layer3.3.conv3.bn.weight - torch.Size([1024]): 
Initialized by user-defined `init_weights` in RGBPoseConv3D  

backbone.rgb_path.layer3.3.conv3.bn.bias - torch.Size([1024]): 
The value is the same before and after calling `init_weights` of MMRecognizer3D  

backbone.rgb_path.layer3.4.conv1.conv.weight - torch.Size([256, 1024, 3, 1, 1]): 
Initialized by user-defined `init_weights` in RGBPoseConv3D  

backbone.rgb_path.layer3.4.conv1.bn.weight - torch.Size([256]): 
The value is the same before and after calling `init_weights` of MMRecognizer3D  

backbone.rgb_path.layer3.4.conv1.bn.bias - torch.Size([256]): 
The value is the same before and after calling `init_weights` of MMRecognizer3D  

backbone.rgb_path.layer3.4.conv2.conv.weight - torch.Size([256, 256, 1, 3, 3]): 
Initialized by user-defined `init_weights` in RGBPoseConv3D  

backbone.rgb_path.layer3.4.conv2.bn.weight - torch.Size([256]): 
The value is the same before and after calling `init_weights` of MMRecognizer3D  

backbone.rgb_path.layer3.4.conv2.bn.bias - torch.Size([256]): 
The value is the same before and after calling `init_weights` of MMRecognizer3D  

backbone.rgb_path.layer3.4.conv3.conv.weight - torch.Size([1024, 256, 1, 1, 1]): 
Initialized by user-defined `init_weights` in RGBPoseConv3D  

backbone.rgb_path.layer3.4.conv3.bn.weight - torch.Size([1024]): 
Initialized by user-defined `init_weights` in RGBPoseConv3D  

backbone.rgb_path.layer3.4.conv3.bn.bias - torch.Size([1024]): 
The value is the same before and after calling `init_weights` of MMRecognizer3D  

backbone.rgb_path.layer3.5.conv1.conv.weight - torch.Size([256, 1024, 3, 1, 1]): 
Initialized by user-defined `init_weights` in RGBPoseConv3D  

backbone.rgb_path.layer3.5.conv1.bn.weight - torch.Size([256]): 
The value is the same before and after calling `init_weights` of MMRecognizer3D  

backbone.rgb_path.layer3.5.conv1.bn.bias - torch.Size([256]): 
The value is the same before and after calling `init_weights` of MMRecognizer3D  

backbone.rgb_path.layer3.5.conv2.conv.weight - torch.Size([256, 256, 1, 3, 3]): 
Initialized by user-defined `init_weights` in RGBPoseConv3D  

backbone.rgb_path.layer3.5.conv2.bn.weight - torch.Size([256]): 
The value is the same before and after calling `init_weights` of MMRecognizer3D  

backbone.rgb_path.layer3.5.conv2.bn.bias - torch.Size([256]): 
The value is the same before and after calling `init_weights` of MMRecognizer3D  

backbone.rgb_path.layer3.5.conv3.conv.weight - torch.Size([1024, 256, 1, 1, 1]): 
Initialized by user-defined `init_weights` in RGBPoseConv3D  

backbone.rgb_path.layer3.5.conv3.bn.weight - torch.Size([1024]): 
Initialized by user-defined `init_weights` in RGBPoseConv3D  

backbone.rgb_path.layer3.5.conv3.bn.bias - torch.Size([1024]): 
The value is the same before and after calling `init_weights` of MMRecognizer3D  

backbone.rgb_path.layer4.0.conv1.conv.weight - torch.Size([512, 1280, 3, 1, 1]): 
Initialized by user-defined `init_weights` in RGBPoseConv3D  

backbone.rgb_path.layer4.0.conv1.bn.weight - torch.Size([512]): 
The value is the same before and after calling `init_weights` of MMRecognizer3D  

backbone.rgb_path.layer4.0.conv1.bn.bias - torch.Size([512]): 
The value is the same before and after calling `init_weights` of MMRecognizer3D  

backbone.rgb_path.layer4.0.conv2.conv.weight - torch.Size([512, 512, 1, 3, 3]): 
Initialized by user-defined `init_weights` in RGBPoseConv3D  

backbone.rgb_path.layer4.0.conv2.bn.weight - torch.Size([512]): 
The value is the same before and after calling `init_weights` of MMRecognizer3D  

backbone.rgb_path.layer4.0.conv2.bn.bias - torch.Size([512]): 
The value is the same before and after calling `init_weights` of MMRecognizer3D  

backbone.rgb_path.layer4.0.conv3.conv.weight - torch.Size([2048, 512, 1, 1, 1]): 
Initialized by user-defined `init_weights` in RGBPoseConv3D  

backbone.rgb_path.layer4.0.conv3.bn.weight - torch.Size([2048]): 
Initialized by user-defined `init_weights` in RGBPoseConv3D  

backbone.rgb_path.layer4.0.conv3.bn.bias - torch.Size([2048]): 
The value is the same before and after calling `init_weights` of MMRecognizer3D  

backbone.rgb_path.layer4.0.downsample.conv.weight - torch.Size([2048, 1280, 1, 1, 1]): 
Initialized by user-defined `init_weights` in RGBPoseConv3D  

backbone.rgb_path.layer4.0.downsample.bn.weight - torch.Size([2048]): 
The value is the same before and after calling `init_weights` of MMRecognizer3D  

backbone.rgb_path.layer4.0.downsample.bn.bias - torch.Size([2048]): 
The value is the same before and after calling `init_weights` of MMRecognizer3D  

backbone.rgb_path.layer4.1.conv1.conv.weight - torch.Size([512, 2048, 3, 1, 1]): 
Initialized by user-defined `init_weights` in RGBPoseConv3D  

backbone.rgb_path.layer4.1.conv1.bn.weight - torch.Size([512]): 
The value is the same before and after calling `init_weights` of MMRecognizer3D  

backbone.rgb_path.layer4.1.conv1.bn.bias - torch.Size([512]): 
The value is the same before and after calling `init_weights` of MMRecognizer3D  

backbone.rgb_path.layer4.1.conv2.conv.weight - torch.Size([512, 512, 1, 3, 3]): 
Initialized by user-defined `init_weights` in RGBPoseConv3D  

backbone.rgb_path.layer4.1.conv2.bn.weight - torch.Size([512]): 
The value is the same before and after calling `init_weights` of MMRecognizer3D  

backbone.rgb_path.layer4.1.conv2.bn.bias - torch.Size([512]): 
The value is the same before and after calling `init_weights` of MMRecognizer3D  

backbone.rgb_path.layer4.1.conv3.conv.weight - torch.Size([2048, 512, 1, 1, 1]): 
Initialized by user-defined `init_weights` in RGBPoseConv3D  

backbone.rgb_path.layer4.1.conv3.bn.weight - torch.Size([2048]): 
Initialized by user-defined `init_weights` in RGBPoseConv3D  

backbone.rgb_path.layer4.1.conv3.bn.bias - torch.Size([2048]): 
The value is the same before and after calling `init_weights` of MMRecognizer3D  

backbone.rgb_path.layer4.2.conv1.conv.weight - torch.Size([512, 2048, 3, 1, 1]): 
Initialized by user-defined `init_weights` in RGBPoseConv3D  

backbone.rgb_path.layer4.2.conv1.bn.weight - torch.Size([512]): 
The value is the same before and after calling `init_weights` of MMRecognizer3D  

backbone.rgb_path.layer4.2.conv1.bn.bias - torch.Size([512]): 
The value is the same before and after calling `init_weights` of MMRecognizer3D  

backbone.rgb_path.layer4.2.conv2.conv.weight - torch.Size([512, 512, 1, 3, 3]): 
Initialized by user-defined `init_weights` in RGBPoseConv3D  

backbone.rgb_path.layer4.2.conv2.bn.weight - torch.Size([512]): 
The value is the same before and after calling `init_weights` of MMRecognizer3D  

backbone.rgb_path.layer4.2.conv2.bn.bias - torch.Size([512]): 
The value is the same before and after calling `init_weights` of MMRecognizer3D  

backbone.rgb_path.layer4.2.conv3.conv.weight - torch.Size([2048, 512, 1, 1, 1]): 
Initialized by user-defined `init_weights` in RGBPoseConv3D  

backbone.rgb_path.layer4.2.conv3.bn.weight - torch.Size([2048]): 
Initialized by user-defined `init_weights` in RGBPoseConv3D  

backbone.rgb_path.layer4.2.conv3.bn.bias - torch.Size([2048]): 
The value is the same before and after calling `init_weights` of MMRecognizer3D  

backbone.rgb_path.layer2_lateral.conv.weight - torch.Size([128, 128, 7, 1, 1]): 
Initialized by user-defined `init_weights` in RGBPoseConv3D  

backbone.rgb_path.layer3_lateral.conv.weight - torch.Size([256, 256, 7, 1, 1]): 
Initialized by user-defined `init_weights` in RGBPoseConv3D  

backbone.pose_path.conv1.conv.weight - torch.Size([32, 16, 1, 7, 7]): 
Initialized by user-defined `init_weights` in RGBPoseConv3D  

backbone.pose_path.conv1.bn.weight - torch.Size([32]): 
The value is the same before and after calling `init_weights` of MMRecognizer3D  

backbone.pose_path.conv1.bn.bias - torch.Size([32]): 
The value is the same before and after calling `init_weights` of MMRecognizer3D  

backbone.pose_path.layer1.0.conv1.conv.weight - torch.Size([32, 32, 1, 1, 1]): 
Initialized by user-defined `init_weights` in RGBPoseConv3D  

backbone.pose_path.layer1.0.conv1.bn.weight - torch.Size([32]): 
The value is the same before and after calling `init_weights` of MMRecognizer3D  

backbone.pose_path.layer1.0.conv1.bn.bias - torch.Size([32]): 
The value is the same before and after calling `init_weights` of MMRecognizer3D  

backbone.pose_path.layer1.0.conv2.conv.weight - torch.Size([32, 32, 1, 3, 3]): 
Initialized by user-defined `init_weights` in RGBPoseConv3D  

backbone.pose_path.layer1.0.conv2.bn.weight - torch.Size([32]): 
The value is the same before and after calling `init_weights` of MMRecognizer3D  

backbone.pose_path.layer1.0.conv2.bn.bias - torch.Size([32]): 
The value is the same before and after calling `init_weights` of MMRecognizer3D  

backbone.pose_path.layer1.0.conv3.conv.weight - torch.Size([128, 32, 1, 1, 1]): 
Initialized by user-defined `init_weights` in RGBPoseConv3D  

backbone.pose_path.layer1.0.conv3.bn.weight - torch.Size([128]): 
Initialized by user-defined `init_weights` in RGBPoseConv3D  

backbone.pose_path.layer1.0.conv3.bn.bias - torch.Size([128]): 
The value is the same before and after calling `init_weights` of MMRecognizer3D  

backbone.pose_path.layer1.0.downsample.conv.weight - torch.Size([128, 32, 1, 1, 1]): 
Initialized by user-defined `init_weights` in RGBPoseConv3D  

backbone.pose_path.layer1.0.downsample.bn.weight - torch.Size([128]): 
The value is the same before and after calling `init_weights` of MMRecognizer3D  

backbone.pose_path.layer1.0.downsample.bn.bias - torch.Size([128]): 
The value is the same before and after calling `init_weights` of MMRecognizer3D  

backbone.pose_path.layer1.1.conv1.conv.weight - torch.Size([32, 128, 1, 1, 1]): 
Initialized by user-defined `init_weights` in RGBPoseConv3D  

backbone.pose_path.layer1.1.conv1.bn.weight - torch.Size([32]): 
The value is the same before and after calling `init_weights` of MMRecognizer3D  

backbone.pose_path.layer1.1.conv1.bn.bias - torch.Size([32]): 
The value is the same before and after calling `init_weights` of MMRecognizer3D  

backbone.pose_path.layer1.1.conv2.conv.weight - torch.Size([32, 32, 1, 3, 3]): 
Initialized by user-defined `init_weights` in RGBPoseConv3D  

backbone.pose_path.layer1.1.conv2.bn.weight - torch.Size([32]): 
The value is the same before and after calling `init_weights` of MMRecognizer3D  

backbone.pose_path.layer1.1.conv2.bn.bias - torch.Size([32]): 
The value is the same before and after calling `init_weights` of MMRecognizer3D  

backbone.pose_path.layer1.1.conv3.conv.weight - torch.Size([128, 32, 1, 1, 1]): 
Initialized by user-defined `init_weights` in RGBPoseConv3D  

backbone.pose_path.layer1.1.conv3.bn.weight - torch.Size([128]): 
Initialized by user-defined `init_weights` in RGBPoseConv3D  

backbone.pose_path.layer1.1.conv3.bn.bias - torch.Size([128]): 
The value is the same before and after calling `init_weights` of MMRecognizer3D  

backbone.pose_path.layer1.2.conv1.conv.weight - torch.Size([32, 128, 1, 1, 1]): 
Initialized by user-defined `init_weights` in RGBPoseConv3D  

backbone.pose_path.layer1.2.conv1.bn.weight - torch.Size([32]): 
The value is the same before and after calling `init_weights` of MMRecognizer3D  

backbone.pose_path.layer1.2.conv1.bn.bias - torch.Size([32]): 
The value is the same before and after calling `init_weights` of MMRecognizer3D  

backbone.pose_path.layer1.2.conv2.conv.weight - torch.Size([32, 32, 1, 3, 3]): 
Initialized by user-defined `init_weights` in RGBPoseConv3D  

backbone.pose_path.layer1.2.conv2.bn.weight - torch.Size([32]): 
The value is the same before and after calling `init_weights` of MMRecognizer3D  

backbone.pose_path.layer1.2.conv2.bn.bias - torch.Size([32]): 
The value is the same before and after calling `init_weights` of MMRecognizer3D  

backbone.pose_path.layer1.2.conv3.conv.weight - torch.Size([128, 32, 1, 1, 1]): 
Initialized by user-defined `init_weights` in RGBPoseConv3D  

backbone.pose_path.layer1.2.conv3.bn.weight - torch.Size([128]): 
Initialized by user-defined `init_weights` in RGBPoseConv3D  

backbone.pose_path.layer1.2.conv3.bn.bias - torch.Size([128]): 
The value is the same before and after calling `init_weights` of MMRecognizer3D  

backbone.pose_path.layer1.3.conv1.conv.weight - torch.Size([32, 128, 1, 1, 1]): 
Initialized by user-defined `init_weights` in RGBPoseConv3D  

backbone.pose_path.layer1.3.conv1.bn.weight - torch.Size([32]): 
The value is the same before and after calling `init_weights` of MMRecognizer3D  

backbone.pose_path.layer1.3.conv1.bn.bias - torch.Size([32]): 
The value is the same before and after calling `init_weights` of MMRecognizer3D  

backbone.pose_path.layer1.3.conv2.conv.weight - torch.Size([32, 32, 1, 3, 3]): 
Initialized by user-defined `init_weights` in RGBPoseConv3D  

backbone.pose_path.layer1.3.conv2.bn.weight - torch.Size([32]): 
The value is the same before and after calling `init_weights` of MMRecognizer3D  

backbone.pose_path.layer1.3.conv2.bn.bias - torch.Size([32]): 
The value is the same before and after calling `init_weights` of MMRecognizer3D  

backbone.pose_path.layer1.3.conv3.conv.weight - torch.Size([128, 32, 1, 1, 1]): 
Initialized by user-defined `init_weights` in RGBPoseConv3D  

backbone.pose_path.layer1.3.conv3.bn.weight - torch.Size([128]): 
Initialized by user-defined `init_weights` in RGBPoseConv3D  

backbone.pose_path.layer1.3.conv3.bn.bias - torch.Size([128]): 
The value is the same before and after calling `init_weights` of MMRecognizer3D  

backbone.pose_path.layer2.0.conv1.conv.weight - torch.Size([64, 160, 3, 1, 1]): 
Initialized by user-defined `init_weights` in RGBPoseConv3D  

backbone.pose_path.layer2.0.conv1.bn.weight - torch.Size([64]): 
The value is the same before and after calling `init_weights` of MMRecognizer3D  

backbone.pose_path.layer2.0.conv1.bn.bias - torch.Size([64]): 
The value is the same before and after calling `init_weights` of MMRecognizer3D  

backbone.pose_path.layer2.0.conv2.conv.weight - torch.Size([64, 64, 1, 3, 3]): 
Initialized by user-defined `init_weights` in RGBPoseConv3D  

backbone.pose_path.layer2.0.conv2.bn.weight - torch.Size([64]): 
The value is the same before and after calling `init_weights` of MMRecognizer3D  

backbone.pose_path.layer2.0.conv2.bn.bias - torch.Size([64]): 
The value is the same before and after calling `init_weights` of MMRecognizer3D  

backbone.pose_path.layer2.0.conv3.conv.weight - torch.Size([256, 64, 1, 1, 1]): 
Initialized by user-defined `init_weights` in RGBPoseConv3D  

backbone.pose_path.layer2.0.conv3.bn.weight - torch.Size([256]): 
Initialized by user-defined `init_weights` in RGBPoseConv3D  

backbone.pose_path.layer2.0.conv3.bn.bias - torch.Size([256]): 
The value is the same before and after calling `init_weights` of MMRecognizer3D  

backbone.pose_path.layer2.0.downsample.conv.weight - torch.Size([256, 160, 1, 1, 1]): 
Initialized by user-defined `init_weights` in RGBPoseConv3D  

backbone.pose_path.layer2.0.downsample.bn.weight - torch.Size([256]): 
The value is the same before and after calling `init_weights` of MMRecognizer3D  

backbone.pose_path.layer2.0.downsample.bn.bias - torch.Size([256]): 
The value is the same before and after calling `init_weights` of MMRecognizer3D  

backbone.pose_path.layer2.1.conv1.conv.weight - torch.Size([64, 256, 3, 1, 1]): 
Initialized by user-defined `init_weights` in RGBPoseConv3D  

backbone.pose_path.layer2.1.conv1.bn.weight - torch.Size([64]): 
The value is the same before and after calling `init_weights` of MMRecognizer3D  

backbone.pose_path.layer2.1.conv1.bn.bias - torch.Size([64]): 
The value is the same before and after calling `init_weights` of MMRecognizer3D  

backbone.pose_path.layer2.1.conv2.conv.weight - torch.Size([64, 64, 1, 3, 3]): 
Initialized by user-defined `init_weights` in RGBPoseConv3D  

backbone.pose_path.layer2.1.conv2.bn.weight - torch.Size([64]): 
The value is the same before and after calling `init_weights` of MMRecognizer3D  

backbone.pose_path.layer2.1.conv2.bn.bias - torch.Size([64]): 
The value is the same before and after calling `init_weights` of MMRecognizer3D  

backbone.pose_path.layer2.1.conv3.conv.weight - torch.Size([256, 64, 1, 1, 1]): 
Initialized by user-defined `init_weights` in RGBPoseConv3D  

backbone.pose_path.layer2.1.conv3.bn.weight - torch.Size([256]): 
Initialized by user-defined `init_weights` in RGBPoseConv3D  

backbone.pose_path.layer2.1.conv3.bn.bias - torch.Size([256]): 
The value is the same before and after calling `init_weights` of MMRecognizer3D  

backbone.pose_path.layer2.2.conv1.conv.weight - torch.Size([64, 256, 3, 1, 1]): 
Initialized by user-defined `init_weights` in RGBPoseConv3D  

backbone.pose_path.layer2.2.conv1.bn.weight - torch.Size([64]): 
The value is the same before and after calling `init_weights` of MMRecognizer3D  

backbone.pose_path.layer2.2.conv1.bn.bias - torch.Size([64]): 
The value is the same before and after calling `init_weights` of MMRecognizer3D  

backbone.pose_path.layer2.2.conv2.conv.weight - torch.Size([64, 64, 1, 3, 3]): 
Initialized by user-defined `init_weights` in RGBPoseConv3D  

backbone.pose_path.layer2.2.conv2.bn.weight - torch.Size([64]): 
The value is the same before and after calling `init_weights` of MMRecognizer3D  

backbone.pose_path.layer2.2.conv2.bn.bias - torch.Size([64]): 
The value is the same before and after calling `init_weights` of MMRecognizer3D  

backbone.pose_path.layer2.2.conv3.conv.weight - torch.Size([256, 64, 1, 1, 1]): 
Initialized by user-defined `init_weights` in RGBPoseConv3D  

backbone.pose_path.layer2.2.conv3.bn.weight - torch.Size([256]): 
Initialized by user-defined `init_weights` in RGBPoseConv3D  

backbone.pose_path.layer2.2.conv3.bn.bias - torch.Size([256]): 
The value is the same before and after calling `init_weights` of MMRecognizer3D  

backbone.pose_path.layer2.3.conv1.conv.weight - torch.Size([64, 256, 3, 1, 1]): 
Initialized by user-defined `init_weights` in RGBPoseConv3D  

backbone.pose_path.layer2.3.conv1.bn.weight - torch.Size([64]): 
The value is the same before and after calling `init_weights` of MMRecognizer3D  

backbone.pose_path.layer2.3.conv1.bn.bias - torch.Size([64]): 
The value is the same before and after calling `init_weights` of MMRecognizer3D  

backbone.pose_path.layer2.3.conv2.conv.weight - torch.Size([64, 64, 1, 3, 3]): 
Initialized by user-defined `init_weights` in RGBPoseConv3D  

backbone.pose_path.layer2.3.conv2.bn.weight - torch.Size([64]): 
The value is the same before and after calling `init_weights` of MMRecognizer3D  

backbone.pose_path.layer2.3.conv2.bn.bias - torch.Size([64]): 
The value is the same before and after calling `init_weights` of MMRecognizer3D  

backbone.pose_path.layer2.3.conv3.conv.weight - torch.Size([256, 64, 1, 1, 1]): 
Initialized by user-defined `init_weights` in RGBPoseConv3D  

backbone.pose_path.layer2.3.conv3.bn.weight - torch.Size([256]): 
Initialized by user-defined `init_weights` in RGBPoseConv3D  

backbone.pose_path.layer2.3.conv3.bn.bias - torch.Size([256]): 
The value is the same before and after calling `init_weights` of MMRecognizer3D  

backbone.pose_path.layer2.4.conv1.conv.weight - torch.Size([64, 256, 3, 1, 1]): 
Initialized by user-defined `init_weights` in RGBPoseConv3D  

backbone.pose_path.layer2.4.conv1.bn.weight - torch.Size([64]): 
The value is the same before and after calling `init_weights` of MMRecognizer3D  

backbone.pose_path.layer2.4.conv1.bn.bias - torch.Size([64]): 
The value is the same before and after calling `init_weights` of MMRecognizer3D  

backbone.pose_path.layer2.4.conv2.conv.weight - torch.Size([64, 64, 1, 3, 3]): 
Initialized by user-defined `init_weights` in RGBPoseConv3D  

backbone.pose_path.layer2.4.conv2.bn.weight - torch.Size([64]): 
The value is the same before and after calling `init_weights` of MMRecognizer3D  

backbone.pose_path.layer2.4.conv2.bn.bias - torch.Size([64]): 
The value is the same before and after calling `init_weights` of MMRecognizer3D  

backbone.pose_path.layer2.4.conv3.conv.weight - torch.Size([256, 64, 1, 1, 1]): 
Initialized by user-defined `init_weights` in RGBPoseConv3D  

backbone.pose_path.layer2.4.conv3.bn.weight - torch.Size([256]): 
Initialized by user-defined `init_weights` in RGBPoseConv3D  

backbone.pose_path.layer2.4.conv3.bn.bias - torch.Size([256]): 
The value is the same before and after calling `init_weights` of MMRecognizer3D  

backbone.pose_path.layer2.5.conv1.conv.weight - torch.Size([64, 256, 3, 1, 1]): 
Initialized by user-defined `init_weights` in RGBPoseConv3D  

backbone.pose_path.layer2.5.conv1.bn.weight - torch.Size([64]): 
The value is the same before and after calling `init_weights` of MMRecognizer3D  

backbone.pose_path.layer2.5.conv1.bn.bias - torch.Size([64]): 
The value is the same before and after calling `init_weights` of MMRecognizer3D  

backbone.pose_path.layer2.5.conv2.conv.weight - torch.Size([64, 64, 1, 3, 3]): 
Initialized by user-defined `init_weights` in RGBPoseConv3D  

backbone.pose_path.layer2.5.conv2.bn.weight - torch.Size([64]): 
The value is the same before and after calling `init_weights` of MMRecognizer3D  

backbone.pose_path.layer2.5.conv2.bn.bias - torch.Size([64]): 
The value is the same before and after calling `init_weights` of MMRecognizer3D  

backbone.pose_path.layer2.5.conv3.conv.weight - torch.Size([256, 64, 1, 1, 1]): 
Initialized by user-defined `init_weights` in RGBPoseConv3D  

backbone.pose_path.layer2.5.conv3.bn.weight - torch.Size([256]): 
Initialized by user-defined `init_weights` in RGBPoseConv3D  

backbone.pose_path.layer2.5.conv3.bn.bias - torch.Size([256]): 
The value is the same before and after calling `init_weights` of MMRecognizer3D  

backbone.pose_path.layer3.0.conv1.conv.weight - torch.Size([128, 320, 3, 1, 1]): 
Initialized by user-defined `init_weights` in RGBPoseConv3D  

backbone.pose_path.layer3.0.conv1.bn.weight - torch.Size([128]): 
The value is the same before and after calling `init_weights` of MMRecognizer3D  

backbone.pose_path.layer3.0.conv1.bn.bias - torch.Size([128]): 
The value is the same before and after calling `init_weights` of MMRecognizer3D  

backbone.pose_path.layer3.0.conv2.conv.weight - torch.Size([128, 128, 1, 3, 3]): 
Initialized by user-defined `init_weights` in RGBPoseConv3D  

backbone.pose_path.layer3.0.conv2.bn.weight - torch.Size([128]): 
The value is the same before and after calling `init_weights` of MMRecognizer3D  

backbone.pose_path.layer3.0.conv2.bn.bias - torch.Size([128]): 
The value is the same before and after calling `init_weights` of MMRecognizer3D  

backbone.pose_path.layer3.0.conv3.conv.weight - torch.Size([512, 128, 1, 1, 1]): 
Initialized by user-defined `init_weights` in RGBPoseConv3D  

backbone.pose_path.layer3.0.conv3.bn.weight - torch.Size([512]): 
Initialized by user-defined `init_weights` in RGBPoseConv3D  

backbone.pose_path.layer3.0.conv3.bn.bias - torch.Size([512]): 
The value is the same before and after calling `init_weights` of MMRecognizer3D  

backbone.pose_path.layer3.0.downsample.conv.weight - torch.Size([512, 320, 1, 1, 1]): 
Initialized by user-defined `init_weights` in RGBPoseConv3D  

backbone.pose_path.layer3.0.downsample.bn.weight - torch.Size([512]): 
The value is the same before and after calling `init_weights` of MMRecognizer3D  

backbone.pose_path.layer3.0.downsample.bn.bias - torch.Size([512]): 
The value is the same before and after calling `init_weights` of MMRecognizer3D  

backbone.pose_path.layer3.1.conv1.conv.weight - torch.Size([128, 512, 3, 1, 1]): 
Initialized by user-defined `init_weights` in RGBPoseConv3D  

backbone.pose_path.layer3.1.conv1.bn.weight - torch.Size([128]): 
The value is the same before and after calling `init_weights` of MMRecognizer3D  

backbone.pose_path.layer3.1.conv1.bn.bias - torch.Size([128]): 
The value is the same before and after calling `init_weights` of MMRecognizer3D  

backbone.pose_path.layer3.1.conv2.conv.weight - torch.Size([128, 128, 1, 3, 3]): 
Initialized by user-defined `init_weights` in RGBPoseConv3D  

backbone.pose_path.layer3.1.conv2.bn.weight - torch.Size([128]): 
The value is the same before and after calling `init_weights` of MMRecognizer3D  

backbone.pose_path.layer3.1.conv2.bn.bias - torch.Size([128]): 
The value is the same before and after calling `init_weights` of MMRecognizer3D  

backbone.pose_path.layer3.1.conv3.conv.weight - torch.Size([512, 128, 1, 1, 1]): 
Initialized by user-defined `init_weights` in RGBPoseConv3D  

backbone.pose_path.layer3.1.conv3.bn.weight - torch.Size([512]): 
Initialized by user-defined `init_weights` in RGBPoseConv3D  

backbone.pose_path.layer3.1.conv3.bn.bias - torch.Size([512]): 
The value is the same before and after calling `init_weights` of MMRecognizer3D  

backbone.pose_path.layer3.2.conv1.conv.weight - torch.Size([128, 512, 3, 1, 1]): 
Initialized by user-defined `init_weights` in RGBPoseConv3D  

backbone.pose_path.layer3.2.conv1.bn.weight - torch.Size([128]): 
The value is the same before and after calling `init_weights` of MMRecognizer3D  

backbone.pose_path.layer3.2.conv1.bn.bias - torch.Size([128]): 
The value is the same before and after calling `init_weights` of MMRecognizer3D  

backbone.pose_path.layer3.2.conv2.conv.weight - torch.Size([128, 128, 1, 3, 3]): 
Initialized by user-defined `init_weights` in RGBPoseConv3D  

backbone.pose_path.layer3.2.conv2.bn.weight - torch.Size([128]): 
The value is the same before and after calling `init_weights` of MMRecognizer3D  

backbone.pose_path.layer3.2.conv2.bn.bias - torch.Size([128]): 
The value is the same before and after calling `init_weights` of MMRecognizer3D  

backbone.pose_path.layer3.2.conv3.conv.weight - torch.Size([512, 128, 1, 1, 1]): 
Initialized by user-defined `init_weights` in RGBPoseConv3D  

backbone.pose_path.layer3.2.conv3.bn.weight - torch.Size([512]): 
Initialized by user-defined `init_weights` in RGBPoseConv3D  

backbone.pose_path.layer3.2.conv3.bn.bias - torch.Size([512]): 
The value is the same before and after calling `init_weights` of MMRecognizer3D  

backbone.pose_path.layer1_lateral.conv.weight - torch.Size([512, 32, 7, 1, 1]): 
The value is the same before and after calling `init_weights` of MMRecognizer3D  

backbone.pose_path.layer1_lateral.bn.weight - torch.Size([32]): 
The value is the same before and after calling `init_weights` of MMRecognizer3D  

backbone.pose_path.layer1_lateral.bn.bias - torch.Size([32]): 
The value is the same before and after calling `init_weights` of MMRecognizer3D  

backbone.pose_path.layer2_lateral.conv.weight - torch.Size([1024, 64, 7, 1, 1]): 
The value is the same before and after calling `init_weights` of MMRecognizer3D  

backbone.pose_path.layer2_lateral.bn.weight - torch.Size([64]): 
The value is the same before and after calling `init_weights` of MMRecognizer3D  

backbone.pose_path.layer2_lateral.bn.bias - torch.Size([64]): 
The value is the same before and after calling `init_weights` of MMRecognizer3D  

cls_head.fc_rgb.weight - torch.Size([60, 2048]): 
Initialized by user-defined `init_weights` in RGBPoseHead  

cls_head.fc_rgb.bias - torch.Size([60]): 
Initialized by user-defined `init_weights` in RGBPoseHead  

cls_head.fc_pose.weight - torch.Size([60, 512]): 
Initialized by user-defined `init_weights` in RGBPoseHead  

cls_head.fc_pose.bias - torch.Size([60]): 
Initialized by user-defined `init_weights` in RGBPoseHead  
2024/12/30 02:46:00 - mmengine - INFO - Load checkpoint from https://download.openmmlab.com/mmaction/v1.0/skeleton/posec3d/rgbpose_conv3d/rgbpose_conv3d_init_20230228-09b7684b.pth
2024/12/30 02:46:00 - mmengine - WARNING - "FileClient" will be deprecated in future. Please use io functions in https://mmengine.readthedocs.io/en/latest/api/fileio.html#file-io
2024/12/30 02:46:00 - mmengine - WARNING - "HardDiskBackend" is the alias of "LocalBackend" and the former will be deprecated in future.
2024/12/30 02:46:00 - mmengine - INFO - Checkpoints will be saved to /root/autodl-tmp/mmaction2/work_dirs/rgbpose_conv3d-ep100-MSA.
2024/12/30 02:46:21 - mmengine - INFO - Exp name: rgbpose_conv3d-ep100-MSA_20241230_024550
2024/12/30 02:46:21 - mmengine - INFO - Epoch(train)  [1][15/15]  lr: 7.5000e-03  eta: 0:03:08  time: 1.3958  data_time: 0.9341  memory: 13979  grad_norm: 39.2706  loss: 6.1330  rgb_top1_acc: 0.5000  rgb_top5_acc: 1.0000  rgb_loss_cls: 2.9411  pose_top1_acc: 0.0000  pose_top5_acc: 1.0000  pose_loss_cls: 3.1919
2024/12/30 02:46:21 - mmengine - INFO - Saving checkpoint at 1 epochs
2024/12/30 02:46:30 - mmengine - INFO - Epoch(val)  [1][20/22]    eta: 0:00:00  time: 0.3825  data_time: 0.3443  memory: 706  
2024/12/30 02:46:31 - mmengine - INFO - Epoch(val) [1][22/22]    acc/rgb_top1: 0.4091  acc/rgb_top5: 1.0000  acc/rgb_mean1: 0.3872  acc/pose_top1: 0.2500  acc/pose_top5: 0.6364  acc/pose_mean1: 0.1195  acc/RGBPose_1:1_top1: 0.3636  acc/RGBPose_1:1_top5: 0.9318  acc/RGBPose_1:1_mean1: 0.1953  acc/RGBPose_2:1_top1: 0.3636  acc/RGBPose_2:1_top5: 0.9773  acc/RGBPose_2:1_mean1: 0.2749  acc/RGBPose_1:2_top1: 0.2727  acc/RGBPose_1:2_top5: 0.8864  acc/RGBPose_1:2_mean1: 0.1299  data_time: 0.3134  time: 0.3515
2024/12/30 02:46:32 - mmengine - INFO - The best checkpoint with 0.4091 acc/rgb_top1 at 1 epoch is saved to best_acc_rgb_top1_epoch_1.pth.
2024/12/30 02:46:50 - mmengine - INFO - Exp name: rgbpose_conv3d-ep100-MSA_20241230_024550
2024/12/30 02:46:50 - mmengine - INFO - Epoch(train)  [2][15/15]  lr: 7.5000e-03  eta: 0:02:31  time: 0.9601  data_time: 0.5136  memory: 13979  grad_norm: 22.2294  loss: 3.0429  rgb_top1_acc: 0.5000  rgb_top5_acc: 1.0000  rgb_loss_cls: 1.4819  pose_top1_acc: 1.0000  pose_top5_acc: 1.0000  pose_loss_cls: 1.5610
2024/12/30 02:46:50 - mmengine - INFO - Saving checkpoint at 2 epochs
2024/12/30 02:46:55 - mmengine - INFO - Epoch(val)  [2][20/22]    eta: 0:00:00  time: 0.1356  data_time: 0.0972  memory: 706  
2024/12/30 02:46:55 - mmengine - INFO - Epoch(val) [2][22/22]    acc/rgb_top1: 0.1818  acc/rgb_top5: 1.0000  acc/rgb_mean1: 0.2311  acc/pose_top1: 0.0455  acc/pose_top5: 0.5227  acc/pose_mean1: 0.0256  acc/RGBPose_1:1_top1: 0.1364  acc/RGBPose_1:1_top5: 0.9091  acc/RGBPose_1:1_mean1: 0.1193  acc/RGBPose_2:1_top1: 0.1818  acc/RGBPose_2:1_top5: 0.9545  acc/RGBPose_2:1_mean1: 0.1848  acc/RGBPose_1:2_top1: 0.0227  acc/RGBPose_1:2_top5: 0.8864  acc/RGBPose_1:2_mean1: 0.0128  data_time: 0.0850  time: 0.1232
2024/12/30 02:47:11 - mmengine - INFO - Exp name: rgbpose_conv3d-ep100-MSA_20241230_024550
2024/12/30 02:47:11 - mmengine - INFO - Epoch(train)  [3][15/15]  lr: 7.5000e-03  eta: 0:02:07  time: 0.9367  data_time: 0.4919  memory: 13979  grad_norm: 12.9158  loss: 2.3696  rgb_top1_acc: 0.5000  rgb_top5_acc: 1.0000  rgb_loss_cls: 1.1815  pose_top1_acc: 0.5000  pose_top5_acc: 1.0000  pose_loss_cls: 1.1881
2024/12/30 02:47:11 - mmengine - INFO - Saving checkpoint at 3 epochs
2024/12/30 02:47:16 - mmengine - INFO - Epoch(val)  [3][20/22]    eta: 0:00:00  time: 0.1546  data_time: 0.1171  memory: 706  
2024/12/30 02:47:16 - mmengine - INFO - Epoch(val) [3][22/22]    acc/rgb_top1: 0.6136  acc/rgb_top5: 1.0000  acc/rgb_mean1: 0.6080  acc/pose_top1: 0.7045  acc/pose_top5: 1.0000  acc/pose_mean1: 0.6920  acc/RGBPose_1:1_top1: 0.7727  acc/RGBPose_1:1_top5: 1.0000  acc/RGBPose_1:1_mean1: 0.7719  acc/RGBPose_2:1_top1: 0.6818  acc/RGBPose_2:1_top5: 1.0000  acc/RGBPose_2:1_mean1: 0.6708  acc/RGBPose_1:2_top1: 0.7727  acc/RGBPose_1:2_top5: 1.0000  acc/RGBPose_1:2_mean1: 0.7753  data_time: 0.1023  time: 0.1397
2024/12/30 02:47:16 - mmengine - INFO - The previous best checkpoint /root/autodl-tmp/mmaction2/work_dirs/rgbpose_conv3d-ep100-MSA/best_acc_rgb_top1_epoch_1.pth is removed
2024/12/30 02:47:17 - mmengine - INFO - The best checkpoint with 0.6136 acc/rgb_top1 at 3 epoch is saved to best_acc_rgb_top1_epoch_3.pth.
2024/12/30 02:47:36 - mmengine - INFO - Exp name: rgbpose_conv3d-ep100-MSA_20241230_024550
2024/12/30 02:47:36 - mmengine - INFO - Epoch(train)  [4][15/15]  lr: 7.5000e-03  eta: 0:01:47  time: 0.9704  data_time: 0.5257  memory: 13979  grad_norm: 11.2638  loss: 1.9320  rgb_top1_acc: 0.2500  rgb_top5_acc: 1.0000  rgb_loss_cls: 0.9641  pose_top1_acc: 0.2500  pose_top5_acc: 1.0000  pose_loss_cls: 0.9679
2024/12/30 02:47:36 - mmengine - INFO - Saving checkpoint at 4 epochs
2024/12/30 02:47:40 - mmengine - INFO - Epoch(val)  [4][20/22]    eta: 0:00:00  time: 0.1332  data_time: 0.0954  memory: 706  
2024/12/30 02:47:40 - mmengine - INFO - Epoch(val) [4][22/22]    acc/rgb_top1: 0.6818  acc/rgb_top5: 1.0000  acc/rgb_mean1: 0.6892  acc/pose_top1: 0.5909  acc/pose_top5: 1.0000  acc/pose_mean1: 0.5473  acc/RGBPose_1:1_top1: 0.6591  acc/RGBPose_1:1_top5: 1.0000  acc/RGBPose_1:1_mean1: 0.6443  acc/RGBPose_2:1_top1: 0.7045  acc/RGBPose_2:1_top5: 1.0000  acc/RGBPose_2:1_mean1: 0.7084  acc/RGBPose_1:2_top1: 0.6136  acc/RGBPose_1:2_top5: 1.0000  acc/RGBPose_1:2_mean1: 0.5906  data_time: 0.0835  time: 0.1211
2024/12/30 02:47:40 - mmengine - INFO - The previous best checkpoint /root/autodl-tmp/mmaction2/work_dirs/rgbpose_conv3d-ep100-MSA/best_acc_rgb_top1_epoch_3.pth is removed
2024/12/30 02:47:41 - mmengine - INFO - The best checkpoint with 0.6818 acc/rgb_top1 at 4 epoch is saved to best_acc_rgb_top1_epoch_4.pth.
2024/12/30 02:48:00 - mmengine - INFO - Exp name: rgbpose_conv3d-ep100-MSA_20241230_024550
2024/12/30 02:48:00 - mmengine - INFO - Epoch(train)  [5][15/15]  lr: 7.5000e-03  eta: 0:01:28  time: 0.9467  data_time: 0.4997  memory: 13979  grad_norm: 9.5397  loss: 1.5377  rgb_top1_acc: 0.5000  rgb_top5_acc: 1.0000  rgb_loss_cls: 0.7674  pose_top1_acc: 0.5000  pose_top5_acc: 1.0000  pose_loss_cls: 0.7703
2024/12/30 02:48:00 - mmengine - INFO - Saving checkpoint at 5 epochs
2024/12/30 02:48:04 - mmengine - INFO - Epoch(val)  [5][20/22]    eta: 0:00:00  time: 0.1458  data_time: 0.1079  memory: 706  
2024/12/30 02:48:04 - mmengine - INFO - Epoch(val) [5][22/22]    acc/rgb_top1: 0.6364  acc/rgb_top5: 1.0000  acc/rgb_mean1: 0.6305  acc/pose_top1: 0.7273  acc/pose_top5: 1.0000  acc/pose_mean1: 0.7230  acc/RGBPose_1:1_top1: 0.7727  acc/RGBPose_1:1_top5: 1.0000  acc/RGBPose_1:1_mean1: 0.7614  acc/RGBPose_2:1_top1: 0.7500  acc/RGBPose_2:1_top5: 1.0000  acc/RGBPose_2:1_mean1: 0.7422  acc/RGBPose_1:2_top1: 0.7500  acc/RGBPose_1:2_top5: 1.0000  acc/RGBPose_1:2_mean1: 0.7422  data_time: 0.0943  time: 0.1321
2024/12/30 02:48:21 - mmengine - INFO - Exp name: rgbpose_conv3d-ep100-MSA_20241230_024550
2024/12/30 02:48:21 - mmengine - INFO - Epoch(train)  [6][15/15]  lr: 7.5000e-03  eta: 0:01:10  time: 0.9526  data_time: 0.5065  memory: 13979  grad_norm: 8.1550  loss: 1.3004  rgb_top1_acc: 0.7500  rgb_top5_acc: 1.0000  rgb_loss_cls: 0.5628  pose_top1_acc: 0.5000  pose_top5_acc: 1.0000  pose_loss_cls: 0.7375
2024/12/30 02:48:21 - mmengine - INFO - Saving checkpoint at 6 epochs
2024/12/30 02:48:25 - mmengine - INFO - Epoch(val)  [6][20/22]    eta: 0:00:00  time: 0.1336  data_time: 0.0947  memory: 706  
2024/12/30 02:48:25 - mmengine - INFO - Epoch(val) [6][22/22]    acc/rgb_top1: 0.7500  acc/rgb_top5: 1.0000  acc/rgb_mean1: 0.7115  acc/pose_top1: 0.7500  acc/pose_top5: 1.0000  acc/pose_mean1: 0.7302  acc/RGBPose_1:1_top1: 0.8182  acc/RGBPose_1:1_top5: 1.0000  acc/RGBPose_1:1_mean1: 0.7914  acc/RGBPose_2:1_top1: 0.7955  acc/RGBPose_2:1_top5: 1.0000  acc/RGBPose_2:1_mean1: 0.7601  acc/RGBPose_1:2_top1: 0.7955  acc/RGBPose_1:2_top5: 1.0000  acc/RGBPose_1:2_mean1: 0.7686  data_time: 0.0828  time: 0.1215
2024/12/30 02:48:25 - mmengine - INFO - The previous best checkpoint /root/autodl-tmp/mmaction2/work_dirs/rgbpose_conv3d-ep100-MSA/best_acc_rgb_top1_epoch_4.pth is removed
2024/12/30 02:48:26 - mmengine - INFO - The best checkpoint with 0.7500 acc/rgb_top1 at 6 epoch is saved to best_acc_rgb_top1_epoch_6.pth.
2024/12/30 02:48:46 - mmengine - INFO - Exp name: rgbpose_conv3d-ep100-MSA_20241230_024550
2024/12/30 02:48:46 - mmengine - INFO - Epoch(train)  [7][15/15]  lr: 7.5000e-03  eta: 0:00:52  time: 0.9986  data_time: 0.5519  memory: 13979  grad_norm: 8.7672  loss: 1.1615  rgb_top1_acc: 0.5000  rgb_top5_acc: 1.0000  rgb_loss_cls: 0.5254  pose_top1_acc: 0.2500  pose_top5_acc: 1.0000  pose_loss_cls: 0.6361
2024/12/30 02:48:46 - mmengine - INFO - Saving checkpoint at 7 epochs
2024/12/30 02:48:50 - mmengine - INFO - Epoch(val)  [7][20/22]    eta: 0:00:00  time: 0.1360  data_time: 0.0970  memory: 706  
2024/12/30 02:48:50 - mmengine - INFO - Epoch(val) [7][22/22]    acc/rgb_top1: 0.7045  acc/rgb_top5: 1.0000  acc/rgb_mean1: 0.7021  acc/pose_top1: 0.7955  acc/pose_top5: 1.0000  acc/pose_mean1: 0.8082  acc/RGBPose_1:1_top1: 0.7273  acc/RGBPose_1:1_top5: 1.0000  acc/RGBPose_1:1_mean1: 0.7454  acc/RGBPose_2:1_top1: 0.7273  acc/RGBPose_2:1_top5: 1.0000  acc/RGBPose_2:1_mean1: 0.7454  acc/RGBPose_1:2_top1: 0.7500  acc/RGBPose_1:2_top5: 1.0000  acc/RGBPose_1:2_mean1: 0.7662  data_time: 0.0848  time: 0.1236
2024/12/30 02:49:07 - mmengine - INFO - Exp name: rgbpose_conv3d-ep100-MSA_20241230_024550
2024/12/30 02:49:07 - mmengine - INFO - Epoch(train)  [8][15/15]  lr: 7.5000e-03  eta: 0:00:35  time: 0.9582  data_time: 0.5104  memory: 13979  grad_norm: 9.1321  loss: 1.3233  rgb_top1_acc: 0.7500  rgb_top5_acc: 1.0000  rgb_loss_cls: 0.5703  pose_top1_acc: 0.7500  pose_top5_acc: 1.0000  pose_loss_cls: 0.7529
2024/12/30 02:49:07 - mmengine - INFO - Saving checkpoint at 8 epochs
2024/12/30 02:49:11 - mmengine - INFO - Epoch(val)  [8][20/22]    eta: 0:00:00  time: 0.1464  data_time: 0.1084  memory: 706  
2024/12/30 02:49:11 - mmengine - INFO - Epoch(val) [8][22/22]    acc/rgb_top1: 0.6818  acc/rgb_top5: 1.0000  acc/rgb_mean1: 0.6930  acc/pose_top1: 0.7273  acc/pose_top5: 1.0000  acc/pose_mean1: 0.7450  acc/RGBPose_1:1_top1: 0.7045  acc/RGBPose_1:1_top5: 1.0000  acc/RGBPose_1:1_mean1: 0.7242  acc/RGBPose_2:1_top1: 0.7045  acc/RGBPose_2:1_top5: 1.0000  acc/RGBPose_2:1_mean1: 0.7242  acc/RGBPose_1:2_top1: 0.7273  acc/RGBPose_1:2_top5: 1.0000  acc/RGBPose_1:2_mean1: 0.7450  data_time: 0.0948  time: 0.1327
2024/12/30 02:49:28 - mmengine - INFO - Exp name: rgbpose_conv3d-ep100-MSA_20241230_024550
2024/12/30 02:49:28 - mmengine - INFO - Epoch(train)  [9][15/15]  lr: 7.5000e-03  eta: 0:00:17  time: 0.9379  data_time: 0.4892  memory: 13979  grad_norm: 7.6658  loss: 1.1342  rgb_top1_acc: 0.5000  rgb_top5_acc: 1.0000  rgb_loss_cls: 0.5356  pose_top1_acc: 0.7500  pose_top5_acc: 1.0000  pose_loss_cls: 0.5986
2024/12/30 02:49:28 - mmengine - INFO - Saving checkpoint at 9 epochs
2024/12/30 02:49:32 - mmengine - INFO - Epoch(val)  [9][20/22]    eta: 0:00:00  time: 0.1412  data_time: 0.1020  memory: 706  
2024/12/30 02:49:32 - mmengine - INFO - Epoch(val) [9][22/22]    acc/rgb_top1: 0.8409  acc/rgb_top5: 1.0000  acc/rgb_mean1: 0.8330  acc/pose_top1: 0.7500  acc/pose_top5: 1.0000  acc/pose_mean1: 0.7425  acc/RGBPose_1:1_top1: 0.7955  acc/RGBPose_1:1_top5: 1.0000  acc/RGBPose_1:1_mean1: 0.7826  acc/RGBPose_2:1_top1: 0.8182  acc/RGBPose_2:1_top5: 1.0000  acc/RGBPose_2:1_mean1: 0.8138  acc/RGBPose_1:2_top1: 0.7727  acc/RGBPose_1:2_top5: 1.0000  acc/RGBPose_1:2_mean1: 0.7617  data_time: 0.0892  time: 0.1282
2024/12/30 02:49:32 - mmengine - INFO - The previous best checkpoint /root/autodl-tmp/mmaction2/work_dirs/rgbpose_conv3d-ep100-MSA/best_acc_rgb_top1_epoch_6.pth is removed
2024/12/30 02:49:34 - mmengine - INFO - The best checkpoint with 0.8409 acc/rgb_top1 at 9 epoch is saved to best_acc_rgb_top1_epoch_9.pth.
2024/12/30 02:49:53 - mmengine - INFO - Exp name: rgbpose_conv3d-ep100-MSA_20241230_024550
2024/12/30 02:49:53 - mmengine - INFO - Epoch(train) [10][15/15]  lr: 7.5000e-03  eta: 0:00:00  time: 1.0112  data_time: 0.5640  memory: 13979  grad_norm: 7.2225  loss: 0.9079  rgb_top1_acc: 0.2500  rgb_top5_acc: 1.0000  rgb_loss_cls: 0.4759  pose_top1_acc: 0.5000  pose_top5_acc: 1.0000  pose_loss_cls: 0.4320
2024/12/30 02:49:53 - mmengine - INFO - Saving checkpoint at 10 epochs
2024/12/30 02:49:57 - mmengine - INFO - Epoch(val) [10][20/22]    eta: 0:00:00  time: 0.1359  data_time: 0.0970  memory: 706  
2024/12/30 02:49:57 - mmengine - INFO - Epoch(val) [10][22/22]    acc/rgb_top1: 0.7500  acc/rgb_top5: 1.0000  acc/rgb_mean1: 0.7504  acc/pose_top1: 0.8182  acc/pose_top5: 1.0000  acc/pose_mean1: 0.8306  acc/RGBPose_1:1_top1: 0.7727  acc/RGBPose_1:1_top5: 1.0000  acc/RGBPose_1:1_mean1: 0.7766  acc/RGBPose_2:1_top1: 0.7727  acc/RGBPose_2:1_top5: 1.0000  acc/RGBPose_2:1_mean1: 0.7731  acc/RGBPose_1:2_top1: 0.7727  acc/RGBPose_1:2_top5: 1.0000  acc/RGBPose_1:2_mean1: 0.7766  data_time: 0.0849  time: 0.1235
