2024/12/30 02:55:11 - mmengine - INFO - 
------------------------------------------------------------
System environment:
    sys.platform: linux
    Python: 3.8.10 (default, Jun  4 2021, 15:09:15) [GCC 7.5.0]
    CUDA available: True
    MUSA available: False
    numpy_random_seed: 1999500515
    GPU 0: NVIDIA GeForce RTX 3090
    CUDA_HOME: /usr/local/cuda
    NVCC: Cuda compilation tools, release 11.3, V11.3.109
    GCC: gcc (Ubuntu 9.3.0-17ubuntu1~20.04) 9.3.0
    PyTorch: 1.10.0+cu113
    PyTorch compiling details: PyTorch built with:
  - GCC 7.3
  - C++ Version: 201402
  - Intel(R) Math Kernel Library Version 2020.0.0 Product Build 20191122 for Intel(R) 64 architecture applications
  - Intel(R) MKL-DNN v2.2.3 (Git Hash 7336ca9f055cf1bfa13efb658fe15dc9b41f0740)
  - OpenMP 201511 (a.k.a. OpenMP 4.5)
  - LAPACK is enabled (usually provided by MKL)
  - NNPACK is enabled
  - CPU capability usage: AVX512
  - CUDA Runtime 11.3
  - NVCC architecture flags: -gencode;arch=compute_37,code=sm_37;-gencode;arch=compute_50,code=sm_50;-gencode;arch=compute_60,code=sm_60;-gencode;arch=compute_70,code=sm_70;-gencode;arch=compute_75,code=sm_75;-gencode;arch=compute_80,code=sm_80;-gencode;arch=compute_86,code=sm_86
  - CuDNN 8.2
  - Magma 2.5.2
  - Build settings: BLAS_INFO=mkl, BUILD_TYPE=Release, CUDA_VERSION=11.3, CUDNN_VERSION=8.2.0, CXX_COMPILER=/opt/rh/devtoolset-7/root/usr/bin/c++, CXX_FLAGS= -Wno-deprecated -fvisibility-inlines-hidden -DUSE_PTHREADPOOL -fopenmp -DNDEBUG -DUSE_KINETO -DUSE_FBGEMM -DUSE_QNNPACK -DUSE_PYTORCH_QNNPACK -DUSE_XNNPACK -DSYMBOLICATE_MOBILE_DEBUG_HANDLE -DEDGE_PROFILER_USE_KINETO -O2 -fPIC -Wno-narrowing -Wall -Wextra -Werror=return-type -Wno-missing-field-initializers -Wno-type-limits -Wno-array-bounds -Wno-unknown-pragmas -Wno-sign-compare -Wno-unused-parameter -Wno-unused-variable -Wno-unused-function -Wno-unused-result -Wno-unused-local-typedefs -Wno-strict-overflow -Wno-strict-aliasing -Wno-error=deprecated-declarations -Wno-stringop-overflow -Wno-psabi -Wno-error=pedantic -Wno-error=redundant-decls -Wno-error=old-style-cast -fdiagnostics-color=always -faligned-new -Wno-unused-but-set-variable -Wno-maybe-uninitialized -fno-math-errno -fno-trapping-math -Werror=format -Wno-stringop-overflow, LAPACK_INFO=mkl, PERF_WITH_AVX=1, PERF_WITH_AVX2=1, PERF_WITH_AVX512=1, TORCH_VERSION=1.10.0, USE_CUDA=ON, USE_CUDNN=ON, USE_EXCEPTION_PTR=1, USE_GFLAGS=OFF, USE_GLOG=OFF, USE_MKL=ON, USE_MKLDNN=ON, USE_MPI=OFF, USE_NCCL=ON, USE_NNPACK=ON, USE_OPENMP=ON, 

    TorchVision: 0.11.1+cu113
    OpenCV: 4.10.0
    MMEngine: 0.10.5

Runtime environment:
    cudnn_benchmark: False
    mp_cfg: {'mp_start_method': 'fork', 'opencv_num_threads': 0}
    dist_cfg: {'backend': 'nccl'}
    seed: 1999500515
    diff_rank_seed: False
    deterministic: False
    Distributed launcher: none
    Distributed training: False
    GPU number: 1
------------------------------------------------------------

2024/12/30 02:55:11 - mmengine - INFO - Config:
ann_file = '/root/autodl-tmp/mmaction2/tools/data/skeleton/my_train.pkl'
auto_scale_lr = dict(base_batch_size=48, enable=False)
backbone_cfg = dict(
    channel_ratio=4,
    pose_pathway=dict(
        base_channels=32,
        conv1_kernel=(
            1,
            7,
            7,
        ),
        conv1_stride_s=1,
        conv1_stride_t=1,
        dilations=(
            1,
            1,
            1,
        ),
        fusion_kernel=7,
        in_channels=16,
        inflate=(
            0,
            1,
            1,
        ),
        lateral=True,
        lateral_activate=(
            0,
            1,
            1,
        ),
        lateral_infl=16,
        lateral_inv=True,
        num_stages=3,
        out_indices=(2, ),
        pool1_stride_s=1,
        pool1_stride_t=1,
        spatial_strides=(
            2,
            2,
            2,
        ),
        stage_blocks=(
            4,
            6,
            3,
        ),
        temporal_strides=(
            1,
            1,
            1,
        ),
        with_pool2=False),
    rgb_pathway=dict(
        base_channels=64,
        conv1_kernel=(
            1,
            7,
            7,
        ),
        fusion_kernel=7,
        inflate=(
            0,
            0,
            1,
            1,
        ),
        lateral=True,
        lateral_activate=[
            0,
            0,
            1,
            1,
        ],
        lateral_infl=1,
        num_stages=4,
        with_pool2=False),
    speed_ratio=4,
    type='RGBPoseConv3D')
data_preprocessor = dict(
    preprocessors=dict(
        heatmap_imgs=dict(type='ActionDataPreprocessor'),
        imgs=dict(
            format_shape='NCTHW',
            mean=[
                123.675,
                116.28,
                103.53,
            ],
            std=[
                58.395,
                57.12,
                57.375,
            ],
            type='ActionDataPreprocessor')),
    type='MultiModalDataPreprocessor')
data_root = '/root/autodl-tmp/mmaction2/videos/'
dataset_type = 'PoseDataset'
default_hooks = dict(
    checkpoint=dict(interval=1, save_best='auto', type='CheckpointHook'),
    logger=dict(ignore_last=False, interval=20, type='LoggerHook'),
    param_scheduler=dict(type='ParamSchedulerHook'),
    runtime_info=dict(type='RuntimeInfoHook'),
    sampler_seed=dict(type='DistSamplerSeedHook'),
    sync_buffers=dict(type='SyncBuffersHook'),
    timer=dict(type='IterTimerHook'))
default_scope = 'mmaction'
env_cfg = dict(
    cudnn_benchmark=False,
    dist_cfg=dict(backend='nccl'),
    mp_cfg=dict(mp_start_method='fork', opencv_num_threads=0))
head_cfg = dict(
    average_clips='prob',
    in_channels=[
        2048,
        512,
    ],
    loss_components=[
        'rgb',
        'pose',
    ],
    loss_weights=[
        1.0,
        1.0,
    ],
    num_classes=60,
    type='RGBPoseHead')
launcher = 'none'
left_kp = [
    3,
    4,
    5,
    10,
    11,
    12,
]
load_from = 'https://download.openmmlab.com/mmaction/v1.0/skeleton/posec3d/rgbpose_conv3d/rgbpose_conv3d_init_20230228-09b7684b.pth'
log_level = 'INFO'
log_processor = dict(by_epoch=True, type='LogProcessor', window_size=20)
model = dict(
    backbone=dict(
        channel_ratio=4,
        pose_pathway=dict(
            base_channels=32,
            conv1_kernel=(
                1,
                7,
                7,
            ),
            conv1_stride_s=1,
            conv1_stride_t=1,
            dilations=(
                1,
                1,
                1,
            ),
            fusion_kernel=7,
            in_channels=16,
            inflate=(
                0,
                1,
                1,
            ),
            lateral=True,
            lateral_activate=(
                0,
                1,
                1,
            ),
            lateral_infl=16,
            lateral_inv=True,
            num_stages=3,
            out_indices=(2, ),
            pool1_stride_s=1,
            pool1_stride_t=1,
            spatial_strides=(
                2,
                2,
                2,
            ),
            stage_blocks=(
                4,
                6,
                3,
            ),
            temporal_strides=(
                1,
                1,
                1,
            ),
            with_pool2=False),
        rgb_pathway=dict(
            base_channels=64,
            conv1_kernel=(
                1,
                7,
                7,
            ),
            fusion_kernel=7,
            inflate=(
                0,
                0,
                1,
                1,
            ),
            lateral=True,
            lateral_activate=[
                0,
                0,
                1,
                1,
            ],
            lateral_infl=1,
            num_stages=4,
            with_pool2=False),
        speed_ratio=4,
        type='RGBPoseConv3D'),
    cls_head=dict(
        average_clips='prob',
        in_channels=[
            2048,
            512,
        ],
        loss_components=[
            'rgb',
            'pose',
        ],
        loss_weights=[
            1.0,
            1.0,
        ],
        num_classes=60,
        type='RGBPoseHead'),
    data_preprocessor=dict(
        preprocessors=dict(
            heatmap_imgs=dict(type='ActionDataPreprocessor'),
            imgs=dict(
                format_shape='NCTHW',
                mean=[
                    123.675,
                    116.28,
                    103.53,
                ],
                std=[
                    58.395,
                    57.12,
                    57.375,
                ],
                type='ActionDataPreprocessor')),
        type='MultiModalDataPreprocessor'),
    type='MMRecognizer3D')
optim_wrapper = dict(
    clip_grad=dict(max_norm=40, norm_type=2),
    optimizer=dict(lr=0.0075, momentum=0.9, type='SGD', weight_decay=0.0001))
param_scheduler = [
    dict(
        begin=0,
        by_epoch=True,
        end=20,
        gamma=0.1,
        milestones=[
            12,
            16,
        ],
        type='MultiStepLR'),
]
randomness = dict(deterministic=False, diff_rank_seed=False, seed=None)
resume = False
right_kp = [
    6,
    7,
    8,
    13,
    14,
    15,
]
test_cfg = dict(type='TestLoop')
test_dataloader = dict(
    batch_size=2,
    dataset=dict(
        ann_file='/root/autodl-tmp/mmaction2/tools/data/skeleton/my_train.pkl',
        data_prefix=dict(video='/root/autodl-tmp/mmaction2/videos/'),
        pipeline=[
            dict(
                clip_len=dict(Pose=32, RGB=8),
                num_clips=10,
                test_mode=True,
                type='MMUniformSampleFrames'),
            dict(type='MMDecode'),
            dict(allow_imgpad=True, hw_ratio=1.0, type='MMCompact'),
            dict(keep_ratio=False, scale=(
                256,
                256,
            ), type='Resize'),
            dict(
                scaling=0.25,
                sigma=0.7,
                type='GeneratePoseTarget',
                use_score=True,
                with_kp=True,
                with_limb=False),
            dict(input_format='NCTHW', type='FormatShape'),
            dict(
                collect_keys=(
                    'imgs',
                    'heatmap_imgs',
                ),
                type='PackActionInputs'),
        ],
        split='xsub_val',
        test_mode=True,
        type='PoseDataset'),
    num_workers=16,
    persistent_workers=True,
    sampler=dict(shuffle=False, type='DefaultSampler'))
test_evaluator = [
    dict(type='AccMetric'),
]
test_pipeline = [
    dict(
        clip_len=dict(Pose=32, RGB=8),
        num_clips=10,
        test_mode=True,
        type='MMUniformSampleFrames'),
    dict(type='MMDecode'),
    dict(allow_imgpad=True, hw_ratio=1.0, type='MMCompact'),
    dict(keep_ratio=False, scale=(
        256,
        256,
    ), type='Resize'),
    dict(
        scaling=0.25,
        sigma=0.7,
        type='GeneratePoseTarget',
        use_score=True,
        with_kp=True,
        with_limb=False),
    dict(input_format='NCTHW', type='FormatShape'),
    dict(collect_keys=(
        'imgs',
        'heatmap_imgs',
    ), type='PackActionInputs'),
]
train_cfg = dict(
    max_epochs=20, type='EpochBasedTrainLoop', val_begin=1, val_interval=1)
train_dataloader = dict(
    batch_size=12,
    dataset=dict(
        ann_file='/root/autodl-tmp/mmaction2/tools/data/skeleton/my_train.pkl',
        data_prefix=dict(video='/root/autodl-tmp/mmaction2/videos/'),
        pipeline=[
            dict(
                clip_len=dict(Pose=32, RGB=8),
                num_clips=1,
                type='MMUniformSampleFrames'),
            dict(type='MMDecode'),
            dict(allow_imgpad=True, hw_ratio=1.0, type='MMCompact'),
            dict(keep_ratio=False, scale=(
                256,
                256,
            ), type='Resize'),
            dict(area_range=(
                0.56,
                1.0,
            ), type='RandomResizedCrop'),
            dict(keep_ratio=False, scale=(
                224,
                224,
            ), type='Resize'),
            dict(
                flip_ratio=0.5,
                left_kp=[
                    3,
                    4,
                    5,
                    10,
                    11,
                    12,
                ],
                right_kp=[
                    6,
                    7,
                    8,
                    13,
                    14,
                    15,
                ],
                type='Flip'),
            dict(
                scaling=0.25,
                sigma=0.7,
                type='GeneratePoseTarget',
                use_score=True,
                with_kp=True,
                with_limb=False),
            dict(input_format='NCTHW', type='FormatShape'),
            dict(
                collect_keys=(
                    'imgs',
                    'heatmap_imgs',
                ),
                type='PackActionInputs'),
        ],
        split='xsub_train',
        type='PoseDataset'),
    num_workers=16,
    persistent_workers=True,
    sampler=dict(shuffle=True, type='DefaultSampler'))
train_pipeline = [
    dict(
        clip_len=dict(Pose=32, RGB=8),
        num_clips=1,
        type='MMUniformSampleFrames'),
    dict(type='MMDecode'),
    dict(allow_imgpad=True, hw_ratio=1.0, type='MMCompact'),
    dict(keep_ratio=False, scale=(
        256,
        256,
    ), type='Resize'),
    dict(area_range=(
        0.56,
        1.0,
    ), type='RandomResizedCrop'),
    dict(keep_ratio=False, scale=(
        224,
        224,
    ), type='Resize'),
    dict(
        flip_ratio=0.5,
        left_kp=[
            3,
            4,
            5,
            10,
            11,
            12,
        ],
        right_kp=[
            6,
            7,
            8,
            13,
            14,
            15,
        ],
        type='Flip'),
    dict(
        scaling=0.25,
        sigma=0.7,
        type='GeneratePoseTarget',
        use_score=True,
        with_kp=True,
        with_limb=False),
    dict(input_format='NCTHW', type='FormatShape'),
    dict(collect_keys=(
        'imgs',
        'heatmap_imgs',
    ), type='PackActionInputs'),
]
val_cfg = dict(type='ValLoop')
val_dataloader = dict(
    batch_size=2,
    dataset=dict(
        ann_file='/root/autodl-tmp/mmaction2/tools/data/skeleton/my_train.pkl',
        data_prefix=dict(video='/root/autodl-tmp/mmaction2/videos/'),
        pipeline=[
            dict(
                clip_len=dict(Pose=32, RGB=8),
                num_clips=1,
                test_mode=True,
                type='MMUniformSampleFrames'),
            dict(type='MMDecode'),
            dict(allow_imgpad=True, hw_ratio=1.0, type='MMCompact'),
            dict(keep_ratio=False, scale=(
                256,
                256,
            ), type='Resize'),
            dict(
                scaling=0.25,
                sigma=0.7,
                type='GeneratePoseTarget',
                use_score=True,
                with_kp=True,
                with_limb=False),
            dict(input_format='NCTHW', type='FormatShape'),
            dict(
                collect_keys=(
                    'imgs',
                    'heatmap_imgs',
                ),
                type='PackActionInputs'),
        ],
        split='xsub_val',
        test_mode=True,
        type='PoseDataset'),
    num_workers=16,
    persistent_workers=True,
    sampler=dict(shuffle=False, type='DefaultSampler'))
val_evaluator = [
    dict(type='AccMetric'),
]
val_pipeline = [
    dict(
        clip_len=dict(Pose=32, RGB=8),
        num_clips=1,
        test_mode=True,
        type='MMUniformSampleFrames'),
    dict(type='MMDecode'),
    dict(allow_imgpad=True, hw_ratio=1.0, type='MMCompact'),
    dict(keep_ratio=False, scale=(
        256,
        256,
    ), type='Resize'),
    dict(
        scaling=0.25,
        sigma=0.7,
        type='GeneratePoseTarget',
        use_score=True,
        with_kp=True,
        with_limb=False),
    dict(input_format='NCTHW', type='FormatShape'),
    dict(collect_keys=(
        'imgs',
        'heatmap_imgs',
    ), type='PackActionInputs'),
]
vis_backends = [
    dict(type='LocalVisBackend'),
]
visualizer = dict(
    type='ActionVisualizer', vis_backends=[
        dict(type='LocalVisBackend'),
    ])
work_dir = './work_dirs/rgbpose_conv3d-ep20'

2024/12/30 02:55:18 - mmengine - INFO - Distributed training is not used, all SyncBatchNorm (SyncBN) layers in the model will be automatically reverted to BatchNormXd layers if they are used.
2024/12/30 02:55:18 - mmengine - INFO - Hooks will be executed in the following order:
before_run:
(VERY_HIGH   ) RuntimeInfoHook                    
(BELOW_NORMAL) LoggerHook                         
 -------------------- 
before_train:
(VERY_HIGH   ) RuntimeInfoHook                    
(NORMAL      ) IterTimerHook                      
(VERY_LOW    ) CheckpointHook                     
 -------------------- 
before_train_epoch:
(VERY_HIGH   ) RuntimeInfoHook                    
(NORMAL      ) IterTimerHook                      
(NORMAL      ) DistSamplerSeedHook                
 -------------------- 
before_train_iter:
(VERY_HIGH   ) RuntimeInfoHook                    
(NORMAL      ) IterTimerHook                      
 -------------------- 
after_train_iter:
(VERY_HIGH   ) RuntimeInfoHook                    
(NORMAL      ) IterTimerHook                      
(BELOW_NORMAL) LoggerHook                         
(LOW         ) ParamSchedulerHook                 
(VERY_LOW    ) CheckpointHook                     
 -------------------- 
after_train_epoch:
(NORMAL      ) IterTimerHook                      
(NORMAL      ) SyncBuffersHook                    
(LOW         ) ParamSchedulerHook                 
(VERY_LOW    ) CheckpointHook                     
 -------------------- 
before_val:
(VERY_HIGH   ) RuntimeInfoHook                    
 -------------------- 
before_val_epoch:
(NORMAL      ) IterTimerHook                      
(NORMAL      ) SyncBuffersHook                    
 -------------------- 
before_val_iter:
(NORMAL      ) IterTimerHook                      
 -------------------- 
after_val_iter:
(NORMAL      ) IterTimerHook                      
(BELOW_NORMAL) LoggerHook                         
 -------------------- 
after_val_epoch:
(VERY_HIGH   ) RuntimeInfoHook                    
(NORMAL      ) IterTimerHook                      
(BELOW_NORMAL) LoggerHook                         
(LOW         ) ParamSchedulerHook                 
(VERY_LOW    ) CheckpointHook                     
 -------------------- 
after_val:
(VERY_HIGH   ) RuntimeInfoHook                    
 -------------------- 
after_train:
(VERY_HIGH   ) RuntimeInfoHook                    
(VERY_LOW    ) CheckpointHook                     
 -------------------- 
before_test:
(VERY_HIGH   ) RuntimeInfoHook                    
 -------------------- 
before_test_epoch:
(NORMAL      ) IterTimerHook                      
 -------------------- 
before_test_iter:
(NORMAL      ) IterTimerHook                      
 -------------------- 
after_test_iter:
(NORMAL      ) IterTimerHook                      
(BELOW_NORMAL) LoggerHook                         
 -------------------- 
after_test_epoch:
(VERY_HIGH   ) RuntimeInfoHook                    
(NORMAL      ) IterTimerHook                      
(BELOW_NORMAL) LoggerHook                         
 -------------------- 
after_test:
(VERY_HIGH   ) RuntimeInfoHook                    
 -------------------- 
after_run:
(BELOW_NORMAL) LoggerHook                         
 -------------------- 
2024/12/30 02:55:19 - mmengine - INFO - 172 videos remain after valid thresholding
2024/12/30 02:55:19 - mmengine - INFO - 44 videos remain after valid thresholding
Name of parameter - Initialization information

backbone.rgb_path.conv1.conv.weight - torch.Size([64, 3, 1, 7, 7]): 
Initialized by user-defined `init_weights` in RGBPoseConv3D  

backbone.rgb_path.conv1.bn.weight - torch.Size([64]): 
The value is the same before and after calling `init_weights` of MMRecognizer3D  

backbone.rgb_path.conv1.bn.bias - torch.Size([64]): 
The value is the same before and after calling `init_weights` of MMRecognizer3D  

backbone.rgb_path.layer1.0.conv1.conv.weight - torch.Size([64, 64, 1, 1, 1]): 
Initialized by user-defined `init_weights` in RGBPoseConv3D  

backbone.rgb_path.layer1.0.conv1.bn.weight - torch.Size([64]): 
The value is the same before and after calling `init_weights` of MMRecognizer3D  

backbone.rgb_path.layer1.0.conv1.bn.bias - torch.Size([64]): 
The value is the same before and after calling `init_weights` of MMRecognizer3D  

backbone.rgb_path.layer1.0.conv2.conv.weight - torch.Size([64, 64, 1, 3, 3]): 
Initialized by user-defined `init_weights` in RGBPoseConv3D  

backbone.rgb_path.layer1.0.conv2.bn.weight - torch.Size([64]): 
The value is the same before and after calling `init_weights` of MMRecognizer3D  

backbone.rgb_path.layer1.0.conv2.bn.bias - torch.Size([64]): 
The value is the same before and after calling `init_weights` of MMRecognizer3D  

backbone.rgb_path.layer1.0.conv3.conv.weight - torch.Size([256, 64, 1, 1, 1]): 
Initialized by user-defined `init_weights` in RGBPoseConv3D  

backbone.rgb_path.layer1.0.conv3.bn.weight - torch.Size([256]): 
Initialized by user-defined `init_weights` in RGBPoseConv3D  

backbone.rgb_path.layer1.0.conv3.bn.bias - torch.Size([256]): 
The value is the same before and after calling `init_weights` of MMRecognizer3D  

backbone.rgb_path.layer1.0.downsample.conv.weight - torch.Size([256, 64, 1, 1, 1]): 
Initialized by user-defined `init_weights` in RGBPoseConv3D  

backbone.rgb_path.layer1.0.downsample.bn.weight - torch.Size([256]): 
The value is the same before and after calling `init_weights` of MMRecognizer3D  

backbone.rgb_path.layer1.0.downsample.bn.bias - torch.Size([256]): 
The value is the same before and after calling `init_weights` of MMRecognizer3D  

backbone.rgb_path.layer1.1.conv1.conv.weight - torch.Size([64, 256, 1, 1, 1]): 
Initialized by user-defined `init_weights` in RGBPoseConv3D  

backbone.rgb_path.layer1.1.conv1.bn.weight - torch.Size([64]): 
The value is the same before and after calling `init_weights` of MMRecognizer3D  

backbone.rgb_path.layer1.1.conv1.bn.bias - torch.Size([64]): 
The value is the same before and after calling `init_weights` of MMRecognizer3D  

backbone.rgb_path.layer1.1.conv2.conv.weight - torch.Size([64, 64, 1, 3, 3]): 
Initialized by user-defined `init_weights` in RGBPoseConv3D  

backbone.rgb_path.layer1.1.conv2.bn.weight - torch.Size([64]): 
The value is the same before and after calling `init_weights` of MMRecognizer3D  

backbone.rgb_path.layer1.1.conv2.bn.bias - torch.Size([64]): 
The value is the same before and after calling `init_weights` of MMRecognizer3D  

backbone.rgb_path.layer1.1.conv3.conv.weight - torch.Size([256, 64, 1, 1, 1]): 
Initialized by user-defined `init_weights` in RGBPoseConv3D  

backbone.rgb_path.layer1.1.conv3.bn.weight - torch.Size([256]): 
Initialized by user-defined `init_weights` in RGBPoseConv3D  

backbone.rgb_path.layer1.1.conv3.bn.bias - torch.Size([256]): 
The value is the same before and after calling `init_weights` of MMRecognizer3D  

backbone.rgb_path.layer1.2.conv1.conv.weight - torch.Size([64, 256, 1, 1, 1]): 
Initialized by user-defined `init_weights` in RGBPoseConv3D  

backbone.rgb_path.layer1.2.conv1.bn.weight - torch.Size([64]): 
The value is the same before and after calling `init_weights` of MMRecognizer3D  

backbone.rgb_path.layer1.2.conv1.bn.bias - torch.Size([64]): 
The value is the same before and after calling `init_weights` of MMRecognizer3D  

backbone.rgb_path.layer1.2.conv2.conv.weight - torch.Size([64, 64, 1, 3, 3]): 
Initialized by user-defined `init_weights` in RGBPoseConv3D  

backbone.rgb_path.layer1.2.conv2.bn.weight - torch.Size([64]): 
The value is the same before and after calling `init_weights` of MMRecognizer3D  

backbone.rgb_path.layer1.2.conv2.bn.bias - torch.Size([64]): 
The value is the same before and after calling `init_weights` of MMRecognizer3D  

backbone.rgb_path.layer1.2.conv3.conv.weight - torch.Size([256, 64, 1, 1, 1]): 
Initialized by user-defined `init_weights` in RGBPoseConv3D  

backbone.rgb_path.layer1.2.conv3.bn.weight - torch.Size([256]): 
Initialized by user-defined `init_weights` in RGBPoseConv3D  

backbone.rgb_path.layer1.2.conv3.bn.bias - torch.Size([256]): 
The value is the same before and after calling `init_weights` of MMRecognizer3D  

backbone.rgb_path.layer2.0.conv1.conv.weight - torch.Size([128, 256, 1, 1, 1]): 
Initialized by user-defined `init_weights` in RGBPoseConv3D  

backbone.rgb_path.layer2.0.conv1.bn.weight - torch.Size([128]): 
The value is the same before and after calling `init_weights` of MMRecognizer3D  

backbone.rgb_path.layer2.0.conv1.bn.bias - torch.Size([128]): 
The value is the same before and after calling `init_weights` of MMRecognizer3D  

backbone.rgb_path.layer2.0.conv2.conv.weight - torch.Size([128, 128, 1, 3, 3]): 
Initialized by user-defined `init_weights` in RGBPoseConv3D  

backbone.rgb_path.layer2.0.conv2.bn.weight - torch.Size([128]): 
The value is the same before and after calling `init_weights` of MMRecognizer3D  

backbone.rgb_path.layer2.0.conv2.bn.bias - torch.Size([128]): 
The value is the same before and after calling `init_weights` of MMRecognizer3D  

backbone.rgb_path.layer2.0.conv3.conv.weight - torch.Size([512, 128, 1, 1, 1]): 
Initialized by user-defined `init_weights` in RGBPoseConv3D  

backbone.rgb_path.layer2.0.conv3.bn.weight - torch.Size([512]): 
Initialized by user-defined `init_weights` in RGBPoseConv3D  

backbone.rgb_path.layer2.0.conv3.bn.bias - torch.Size([512]): 
The value is the same before and after calling `init_weights` of MMRecognizer3D  

backbone.rgb_path.layer2.0.downsample.conv.weight - torch.Size([512, 256, 1, 1, 1]): 
Initialized by user-defined `init_weights` in RGBPoseConv3D  

backbone.rgb_path.layer2.0.downsample.bn.weight - torch.Size([512]): 
The value is the same before and after calling `init_weights` of MMRecognizer3D  

backbone.rgb_path.layer2.0.downsample.bn.bias - torch.Size([512]): 
The value is the same before and after calling `init_weights` of MMRecognizer3D  

backbone.rgb_path.layer2.1.conv1.conv.weight - torch.Size([128, 512, 1, 1, 1]): 
Initialized by user-defined `init_weights` in RGBPoseConv3D  

backbone.rgb_path.layer2.1.conv1.bn.weight - torch.Size([128]): 
The value is the same before and after calling `init_weights` of MMRecognizer3D  

backbone.rgb_path.layer2.1.conv1.bn.bias - torch.Size([128]): 
The value is the same before and after calling `init_weights` of MMRecognizer3D  

backbone.rgb_path.layer2.1.conv2.conv.weight - torch.Size([128, 128, 1, 3, 3]): 
Initialized by user-defined `init_weights` in RGBPoseConv3D  

backbone.rgb_path.layer2.1.conv2.bn.weight - torch.Size([128]): 
The value is the same before and after calling `init_weights` of MMRecognizer3D  

backbone.rgb_path.layer2.1.conv2.bn.bias - torch.Size([128]): 
The value is the same before and after calling `init_weights` of MMRecognizer3D  

backbone.rgb_path.layer2.1.conv3.conv.weight - torch.Size([512, 128, 1, 1, 1]): 
Initialized by user-defined `init_weights` in RGBPoseConv3D  

backbone.rgb_path.layer2.1.conv3.bn.weight - torch.Size([512]): 
Initialized by user-defined `init_weights` in RGBPoseConv3D  

backbone.rgb_path.layer2.1.conv3.bn.bias - torch.Size([512]): 
The value is the same before and after calling `init_weights` of MMRecognizer3D  

backbone.rgb_path.layer2.2.conv1.conv.weight - torch.Size([128, 512, 1, 1, 1]): 
Initialized by user-defined `init_weights` in RGBPoseConv3D  

backbone.rgb_path.layer2.2.conv1.bn.weight - torch.Size([128]): 
The value is the same before and after calling `init_weights` of MMRecognizer3D  

backbone.rgb_path.layer2.2.conv1.bn.bias - torch.Size([128]): 
The value is the same before and after calling `init_weights` of MMRecognizer3D  

backbone.rgb_path.layer2.2.conv2.conv.weight - torch.Size([128, 128, 1, 3, 3]): 
Initialized by user-defined `init_weights` in RGBPoseConv3D  

backbone.rgb_path.layer2.2.conv2.bn.weight - torch.Size([128]): 
The value is the same before and after calling `init_weights` of MMRecognizer3D  

backbone.rgb_path.layer2.2.conv2.bn.bias - torch.Size([128]): 
The value is the same before and after calling `init_weights` of MMRecognizer3D  

backbone.rgb_path.layer2.2.conv3.conv.weight - torch.Size([512, 128, 1, 1, 1]): 
Initialized by user-defined `init_weights` in RGBPoseConv3D  

backbone.rgb_path.layer2.2.conv3.bn.weight - torch.Size([512]): 
Initialized by user-defined `init_weights` in RGBPoseConv3D  

backbone.rgb_path.layer2.2.conv3.bn.bias - torch.Size([512]): 
The value is the same before and after calling `init_weights` of MMRecognizer3D  

backbone.rgb_path.layer2.3.conv1.conv.weight - torch.Size([128, 512, 1, 1, 1]): 
Initialized by user-defined `init_weights` in RGBPoseConv3D  

backbone.rgb_path.layer2.3.conv1.bn.weight - torch.Size([128]): 
The value is the same before and after calling `init_weights` of MMRecognizer3D  

backbone.rgb_path.layer2.3.conv1.bn.bias - torch.Size([128]): 
The value is the same before and after calling `init_weights` of MMRecognizer3D  

backbone.rgb_path.layer2.3.conv2.conv.weight - torch.Size([128, 128, 1, 3, 3]): 
Initialized by user-defined `init_weights` in RGBPoseConv3D  

backbone.rgb_path.layer2.3.conv2.bn.weight - torch.Size([128]): 
The value is the same before and after calling `init_weights` of MMRecognizer3D  

backbone.rgb_path.layer2.3.conv2.bn.bias - torch.Size([128]): 
The value is the same before and after calling `init_weights` of MMRecognizer3D  

backbone.rgb_path.layer2.3.conv3.conv.weight - torch.Size([512, 128, 1, 1, 1]): 
Initialized by user-defined `init_weights` in RGBPoseConv3D  

backbone.rgb_path.layer2.3.conv3.bn.weight - torch.Size([512]): 
Initialized by user-defined `init_weights` in RGBPoseConv3D  

backbone.rgb_path.layer2.3.conv3.bn.bias - torch.Size([512]): 
The value is the same before and after calling `init_weights` of MMRecognizer3D  

backbone.rgb_path.layer3.0.conv1.conv.weight - torch.Size([256, 640, 3, 1, 1]): 
Initialized by user-defined `init_weights` in RGBPoseConv3D  

backbone.rgb_path.layer3.0.conv1.bn.weight - torch.Size([256]): 
The value is the same before and after calling `init_weights` of MMRecognizer3D  

backbone.rgb_path.layer3.0.conv1.bn.bias - torch.Size([256]): 
The value is the same before and after calling `init_weights` of MMRecognizer3D  

backbone.rgb_path.layer3.0.conv2.conv.weight - torch.Size([256, 256, 1, 3, 3]): 
Initialized by user-defined `init_weights` in RGBPoseConv3D  

backbone.rgb_path.layer3.0.conv2.bn.weight - torch.Size([256]): 
The value is the same before and after calling `init_weights` of MMRecognizer3D  

backbone.rgb_path.layer3.0.conv2.bn.bias - torch.Size([256]): 
The value is the same before and after calling `init_weights` of MMRecognizer3D  

backbone.rgb_path.layer3.0.conv3.conv.weight - torch.Size([1024, 256, 1, 1, 1]): 
Initialized by user-defined `init_weights` in RGBPoseConv3D  

backbone.rgb_path.layer3.0.conv3.bn.weight - torch.Size([1024]): 
Initialized by user-defined `init_weights` in RGBPoseConv3D  

backbone.rgb_path.layer3.0.conv3.bn.bias - torch.Size([1024]): 
The value is the same before and after calling `init_weights` of MMRecognizer3D  

backbone.rgb_path.layer3.0.downsample.conv.weight - torch.Size([1024, 640, 1, 1, 1]): 
Initialized by user-defined `init_weights` in RGBPoseConv3D  

backbone.rgb_path.layer3.0.downsample.bn.weight - torch.Size([1024]): 
The value is the same before and after calling `init_weights` of MMRecognizer3D  

backbone.rgb_path.layer3.0.downsample.bn.bias - torch.Size([1024]): 
The value is the same before and after calling `init_weights` of MMRecognizer3D  

backbone.rgb_path.layer3.1.conv1.conv.weight - torch.Size([256, 1024, 3, 1, 1]): 
Initialized by user-defined `init_weights` in RGBPoseConv3D  

backbone.rgb_path.layer3.1.conv1.bn.weight - torch.Size([256]): 
The value is the same before and after calling `init_weights` of MMRecognizer3D  

backbone.rgb_path.layer3.1.conv1.bn.bias - torch.Size([256]): 
The value is the same before and after calling `init_weights` of MMRecognizer3D  

backbone.rgb_path.layer3.1.conv2.conv.weight - torch.Size([256, 256, 1, 3, 3]): 
Initialized by user-defined `init_weights` in RGBPoseConv3D  

backbone.rgb_path.layer3.1.conv2.bn.weight - torch.Size([256]): 
The value is the same before and after calling `init_weights` of MMRecognizer3D  

backbone.rgb_path.layer3.1.conv2.bn.bias - torch.Size([256]): 
The value is the same before and after calling `init_weights` of MMRecognizer3D  

backbone.rgb_path.layer3.1.conv3.conv.weight - torch.Size([1024, 256, 1, 1, 1]): 
Initialized by user-defined `init_weights` in RGBPoseConv3D  

backbone.rgb_path.layer3.1.conv3.bn.weight - torch.Size([1024]): 
Initialized by user-defined `init_weights` in RGBPoseConv3D  

backbone.rgb_path.layer3.1.conv3.bn.bias - torch.Size([1024]): 
The value is the same before and after calling `init_weights` of MMRecognizer3D  

backbone.rgb_path.layer3.2.conv1.conv.weight - torch.Size([256, 1024, 3, 1, 1]): 
Initialized by user-defined `init_weights` in RGBPoseConv3D  

backbone.rgb_path.layer3.2.conv1.bn.weight - torch.Size([256]): 
The value is the same before and after calling `init_weights` of MMRecognizer3D  

backbone.rgb_path.layer3.2.conv1.bn.bias - torch.Size([256]): 
The value is the same before and after calling `init_weights` of MMRecognizer3D  

backbone.rgb_path.layer3.2.conv2.conv.weight - torch.Size([256, 256, 1, 3, 3]): 
Initialized by user-defined `init_weights` in RGBPoseConv3D  

backbone.rgb_path.layer3.2.conv2.bn.weight - torch.Size([256]): 
The value is the same before and after calling `init_weights` of MMRecognizer3D  

backbone.rgb_path.layer3.2.conv2.bn.bias - torch.Size([256]): 
The value is the same before and after calling `init_weights` of MMRecognizer3D  

backbone.rgb_path.layer3.2.conv3.conv.weight - torch.Size([1024, 256, 1, 1, 1]): 
Initialized by user-defined `init_weights` in RGBPoseConv3D  

backbone.rgb_path.layer3.2.conv3.bn.weight - torch.Size([1024]): 
Initialized by user-defined `init_weights` in RGBPoseConv3D  

backbone.rgb_path.layer3.2.conv3.bn.bias - torch.Size([1024]): 
The value is the same before and after calling `init_weights` of MMRecognizer3D  

backbone.rgb_path.layer3.3.conv1.conv.weight - torch.Size([256, 1024, 3, 1, 1]): 
Initialized by user-defined `init_weights` in RGBPoseConv3D  

backbone.rgb_path.layer3.3.conv1.bn.weight - torch.Size([256]): 
The value is the same before and after calling `init_weights` of MMRecognizer3D  

backbone.rgb_path.layer3.3.conv1.bn.bias - torch.Size([256]): 
The value is the same before and after calling `init_weights` of MMRecognizer3D  

backbone.rgb_path.layer3.3.conv2.conv.weight - torch.Size([256, 256, 1, 3, 3]): 
Initialized by user-defined `init_weights` in RGBPoseConv3D  

backbone.rgb_path.layer3.3.conv2.bn.weight - torch.Size([256]): 
The value is the same before and after calling `init_weights` of MMRecognizer3D  

backbone.rgb_path.layer3.3.conv2.bn.bias - torch.Size([256]): 
The value is the same before and after calling `init_weights` of MMRecognizer3D  

backbone.rgb_path.layer3.3.conv3.conv.weight - torch.Size([1024, 256, 1, 1, 1]): 
Initialized by user-defined `init_weights` in RGBPoseConv3D  

backbone.rgb_path.layer3.3.conv3.bn.weight - torch.Size([1024]): 
Initialized by user-defined `init_weights` in RGBPoseConv3D  

backbone.rgb_path.layer3.3.conv3.bn.bias - torch.Size([1024]): 
The value is the same before and after calling `init_weights` of MMRecognizer3D  

backbone.rgb_path.layer3.4.conv1.conv.weight - torch.Size([256, 1024, 3, 1, 1]): 
Initialized by user-defined `init_weights` in RGBPoseConv3D  

backbone.rgb_path.layer3.4.conv1.bn.weight - torch.Size([256]): 
The value is the same before and after calling `init_weights` of MMRecognizer3D  

backbone.rgb_path.layer3.4.conv1.bn.bias - torch.Size([256]): 
The value is the same before and after calling `init_weights` of MMRecognizer3D  

backbone.rgb_path.layer3.4.conv2.conv.weight - torch.Size([256, 256, 1, 3, 3]): 
Initialized by user-defined `init_weights` in RGBPoseConv3D  

backbone.rgb_path.layer3.4.conv2.bn.weight - torch.Size([256]): 
The value is the same before and after calling `init_weights` of MMRecognizer3D  

backbone.rgb_path.layer3.4.conv2.bn.bias - torch.Size([256]): 
The value is the same before and after calling `init_weights` of MMRecognizer3D  

backbone.rgb_path.layer3.4.conv3.conv.weight - torch.Size([1024, 256, 1, 1, 1]): 
Initialized by user-defined `init_weights` in RGBPoseConv3D  

backbone.rgb_path.layer3.4.conv3.bn.weight - torch.Size([1024]): 
Initialized by user-defined `init_weights` in RGBPoseConv3D  

backbone.rgb_path.layer3.4.conv3.bn.bias - torch.Size([1024]): 
The value is the same before and after calling `init_weights` of MMRecognizer3D  

backbone.rgb_path.layer3.5.conv1.conv.weight - torch.Size([256, 1024, 3, 1, 1]): 
Initialized by user-defined `init_weights` in RGBPoseConv3D  

backbone.rgb_path.layer3.5.conv1.bn.weight - torch.Size([256]): 
The value is the same before and after calling `init_weights` of MMRecognizer3D  

backbone.rgb_path.layer3.5.conv1.bn.bias - torch.Size([256]): 
The value is the same before and after calling `init_weights` of MMRecognizer3D  

backbone.rgb_path.layer3.5.conv2.conv.weight - torch.Size([256, 256, 1, 3, 3]): 
Initialized by user-defined `init_weights` in RGBPoseConv3D  

backbone.rgb_path.layer3.5.conv2.bn.weight - torch.Size([256]): 
The value is the same before and after calling `init_weights` of MMRecognizer3D  

backbone.rgb_path.layer3.5.conv2.bn.bias - torch.Size([256]): 
The value is the same before and after calling `init_weights` of MMRecognizer3D  

backbone.rgb_path.layer3.5.conv3.conv.weight - torch.Size([1024, 256, 1, 1, 1]): 
Initialized by user-defined `init_weights` in RGBPoseConv3D  

backbone.rgb_path.layer3.5.conv3.bn.weight - torch.Size([1024]): 
Initialized by user-defined `init_weights` in RGBPoseConv3D  

backbone.rgb_path.layer3.5.conv3.bn.bias - torch.Size([1024]): 
The value is the same before and after calling `init_weights` of MMRecognizer3D  

backbone.rgb_path.layer4.0.conv1.conv.weight - torch.Size([512, 1280, 3, 1, 1]): 
Initialized by user-defined `init_weights` in RGBPoseConv3D  

backbone.rgb_path.layer4.0.conv1.bn.weight - torch.Size([512]): 
The value is the same before and after calling `init_weights` of MMRecognizer3D  

backbone.rgb_path.layer4.0.conv1.bn.bias - torch.Size([512]): 
The value is the same before and after calling `init_weights` of MMRecognizer3D  

backbone.rgb_path.layer4.0.conv2.conv.weight - torch.Size([512, 512, 1, 3, 3]): 
Initialized by user-defined `init_weights` in RGBPoseConv3D  

backbone.rgb_path.layer4.0.conv2.bn.weight - torch.Size([512]): 
The value is the same before and after calling `init_weights` of MMRecognizer3D  

backbone.rgb_path.layer4.0.conv2.bn.bias - torch.Size([512]): 
The value is the same before and after calling `init_weights` of MMRecognizer3D  

backbone.rgb_path.layer4.0.conv3.conv.weight - torch.Size([2048, 512, 1, 1, 1]): 
Initialized by user-defined `init_weights` in RGBPoseConv3D  

backbone.rgb_path.layer4.0.conv3.bn.weight - torch.Size([2048]): 
Initialized by user-defined `init_weights` in RGBPoseConv3D  

backbone.rgb_path.layer4.0.conv3.bn.bias - torch.Size([2048]): 
The value is the same before and after calling `init_weights` of MMRecognizer3D  

backbone.rgb_path.layer4.0.downsample.conv.weight - torch.Size([2048, 1280, 1, 1, 1]): 
Initialized by user-defined `init_weights` in RGBPoseConv3D  

backbone.rgb_path.layer4.0.downsample.bn.weight - torch.Size([2048]): 
The value is the same before and after calling `init_weights` of MMRecognizer3D  

backbone.rgb_path.layer4.0.downsample.bn.bias - torch.Size([2048]): 
The value is the same before and after calling `init_weights` of MMRecognizer3D  

backbone.rgb_path.layer4.1.conv1.conv.weight - torch.Size([512, 2048, 3, 1, 1]): 
Initialized by user-defined `init_weights` in RGBPoseConv3D  

backbone.rgb_path.layer4.1.conv1.bn.weight - torch.Size([512]): 
The value is the same before and after calling `init_weights` of MMRecognizer3D  

backbone.rgb_path.layer4.1.conv1.bn.bias - torch.Size([512]): 
The value is the same before and after calling `init_weights` of MMRecognizer3D  

backbone.rgb_path.layer4.1.conv2.conv.weight - torch.Size([512, 512, 1, 3, 3]): 
Initialized by user-defined `init_weights` in RGBPoseConv3D  

backbone.rgb_path.layer4.1.conv2.bn.weight - torch.Size([512]): 
The value is the same before and after calling `init_weights` of MMRecognizer3D  

backbone.rgb_path.layer4.1.conv2.bn.bias - torch.Size([512]): 
The value is the same before and after calling `init_weights` of MMRecognizer3D  

backbone.rgb_path.layer4.1.conv3.conv.weight - torch.Size([2048, 512, 1, 1, 1]): 
Initialized by user-defined `init_weights` in RGBPoseConv3D  

backbone.rgb_path.layer4.1.conv3.bn.weight - torch.Size([2048]): 
Initialized by user-defined `init_weights` in RGBPoseConv3D  

backbone.rgb_path.layer4.1.conv3.bn.bias - torch.Size([2048]): 
The value is the same before and after calling `init_weights` of MMRecognizer3D  

backbone.rgb_path.layer4.2.conv1.conv.weight - torch.Size([512, 2048, 3, 1, 1]): 
Initialized by user-defined `init_weights` in RGBPoseConv3D  

backbone.rgb_path.layer4.2.conv1.bn.weight - torch.Size([512]): 
The value is the same before and after calling `init_weights` of MMRecognizer3D  

backbone.rgb_path.layer4.2.conv1.bn.bias - torch.Size([512]): 
The value is the same before and after calling `init_weights` of MMRecognizer3D  

backbone.rgb_path.layer4.2.conv2.conv.weight - torch.Size([512, 512, 1, 3, 3]): 
Initialized by user-defined `init_weights` in RGBPoseConv3D  

backbone.rgb_path.layer4.2.conv2.bn.weight - torch.Size([512]): 
The value is the same before and after calling `init_weights` of MMRecognizer3D  

backbone.rgb_path.layer4.2.conv2.bn.bias - torch.Size([512]): 
The value is the same before and after calling `init_weights` of MMRecognizer3D  

backbone.rgb_path.layer4.2.conv3.conv.weight - torch.Size([2048, 512, 1, 1, 1]): 
Initialized by user-defined `init_weights` in RGBPoseConv3D  

backbone.rgb_path.layer4.2.conv3.bn.weight - torch.Size([2048]): 
Initialized by user-defined `init_weights` in RGBPoseConv3D  

backbone.rgb_path.layer4.2.conv3.bn.bias - torch.Size([2048]): 
The value is the same before and after calling `init_weights` of MMRecognizer3D  

backbone.rgb_path.layer2_lateral.conv.weight - torch.Size([128, 128, 7, 1, 1]): 
Initialized by user-defined `init_weights` in RGBPoseConv3D  

backbone.rgb_path.layer3_lateral.conv.weight - torch.Size([256, 256, 7, 1, 1]): 
Initialized by user-defined `init_weights` in RGBPoseConv3D  

backbone.pose_path.conv1.conv.weight - torch.Size([32, 16, 1, 7, 7]): 
Initialized by user-defined `init_weights` in RGBPoseConv3D  

backbone.pose_path.conv1.bn.weight - torch.Size([32]): 
The value is the same before and after calling `init_weights` of MMRecognizer3D  

backbone.pose_path.conv1.bn.bias - torch.Size([32]): 
The value is the same before and after calling `init_weights` of MMRecognizer3D  

backbone.pose_path.layer1.0.conv1.conv.weight - torch.Size([32, 32, 1, 1, 1]): 
Initialized by user-defined `init_weights` in RGBPoseConv3D  

backbone.pose_path.layer1.0.conv1.bn.weight - torch.Size([32]): 
The value is the same before and after calling `init_weights` of MMRecognizer3D  

backbone.pose_path.layer1.0.conv1.bn.bias - torch.Size([32]): 
The value is the same before and after calling `init_weights` of MMRecognizer3D  

backbone.pose_path.layer1.0.conv2.conv.weight - torch.Size([32, 32, 1, 3, 3]): 
Initialized by user-defined `init_weights` in RGBPoseConv3D  

backbone.pose_path.layer1.0.conv2.bn.weight - torch.Size([32]): 
The value is the same before and after calling `init_weights` of MMRecognizer3D  

backbone.pose_path.layer1.0.conv2.bn.bias - torch.Size([32]): 
The value is the same before and after calling `init_weights` of MMRecognizer3D  

backbone.pose_path.layer1.0.conv3.conv.weight - torch.Size([128, 32, 1, 1, 1]): 
Initialized by user-defined `init_weights` in RGBPoseConv3D  

backbone.pose_path.layer1.0.conv3.bn.weight - torch.Size([128]): 
Initialized by user-defined `init_weights` in RGBPoseConv3D  

backbone.pose_path.layer1.0.conv3.bn.bias - torch.Size([128]): 
The value is the same before and after calling `init_weights` of MMRecognizer3D  

backbone.pose_path.layer1.0.downsample.conv.weight - torch.Size([128, 32, 1, 1, 1]): 
Initialized by user-defined `init_weights` in RGBPoseConv3D  

backbone.pose_path.layer1.0.downsample.bn.weight - torch.Size([128]): 
The value is the same before and after calling `init_weights` of MMRecognizer3D  

backbone.pose_path.layer1.0.downsample.bn.bias - torch.Size([128]): 
The value is the same before and after calling `init_weights` of MMRecognizer3D  

backbone.pose_path.layer1.1.conv1.conv.weight - torch.Size([32, 128, 1, 1, 1]): 
Initialized by user-defined `init_weights` in RGBPoseConv3D  

backbone.pose_path.layer1.1.conv1.bn.weight - torch.Size([32]): 
The value is the same before and after calling `init_weights` of MMRecognizer3D  

backbone.pose_path.layer1.1.conv1.bn.bias - torch.Size([32]): 
The value is the same before and after calling `init_weights` of MMRecognizer3D  

backbone.pose_path.layer1.1.conv2.conv.weight - torch.Size([32, 32, 1, 3, 3]): 
Initialized by user-defined `init_weights` in RGBPoseConv3D  

backbone.pose_path.layer1.1.conv2.bn.weight - torch.Size([32]): 
The value is the same before and after calling `init_weights` of MMRecognizer3D  

backbone.pose_path.layer1.1.conv2.bn.bias - torch.Size([32]): 
The value is the same before and after calling `init_weights` of MMRecognizer3D  

backbone.pose_path.layer1.1.conv3.conv.weight - torch.Size([128, 32, 1, 1, 1]): 
Initialized by user-defined `init_weights` in RGBPoseConv3D  

backbone.pose_path.layer1.1.conv3.bn.weight - torch.Size([128]): 
Initialized by user-defined `init_weights` in RGBPoseConv3D  

backbone.pose_path.layer1.1.conv3.bn.bias - torch.Size([128]): 
The value is the same before and after calling `init_weights` of MMRecognizer3D  

backbone.pose_path.layer1.2.conv1.conv.weight - torch.Size([32, 128, 1, 1, 1]): 
Initialized by user-defined `init_weights` in RGBPoseConv3D  

backbone.pose_path.layer1.2.conv1.bn.weight - torch.Size([32]): 
The value is the same before and after calling `init_weights` of MMRecognizer3D  

backbone.pose_path.layer1.2.conv1.bn.bias - torch.Size([32]): 
The value is the same before and after calling `init_weights` of MMRecognizer3D  

backbone.pose_path.layer1.2.conv2.conv.weight - torch.Size([32, 32, 1, 3, 3]): 
Initialized by user-defined `init_weights` in RGBPoseConv3D  

backbone.pose_path.layer1.2.conv2.bn.weight - torch.Size([32]): 
The value is the same before and after calling `init_weights` of MMRecognizer3D  

backbone.pose_path.layer1.2.conv2.bn.bias - torch.Size([32]): 
The value is the same before and after calling `init_weights` of MMRecognizer3D  

backbone.pose_path.layer1.2.conv3.conv.weight - torch.Size([128, 32, 1, 1, 1]): 
Initialized by user-defined `init_weights` in RGBPoseConv3D  

backbone.pose_path.layer1.2.conv3.bn.weight - torch.Size([128]): 
Initialized by user-defined `init_weights` in RGBPoseConv3D  

backbone.pose_path.layer1.2.conv3.bn.bias - torch.Size([128]): 
The value is the same before and after calling `init_weights` of MMRecognizer3D  

backbone.pose_path.layer1.3.conv1.conv.weight - torch.Size([32, 128, 1, 1, 1]): 
Initialized by user-defined `init_weights` in RGBPoseConv3D  

backbone.pose_path.layer1.3.conv1.bn.weight - torch.Size([32]): 
The value is the same before and after calling `init_weights` of MMRecognizer3D  

backbone.pose_path.layer1.3.conv1.bn.bias - torch.Size([32]): 
The value is the same before and after calling `init_weights` of MMRecognizer3D  

backbone.pose_path.layer1.3.conv2.conv.weight - torch.Size([32, 32, 1, 3, 3]): 
Initialized by user-defined `init_weights` in RGBPoseConv3D  

backbone.pose_path.layer1.3.conv2.bn.weight - torch.Size([32]): 
The value is the same before and after calling `init_weights` of MMRecognizer3D  

backbone.pose_path.layer1.3.conv2.bn.bias - torch.Size([32]): 
The value is the same before and after calling `init_weights` of MMRecognizer3D  

backbone.pose_path.layer1.3.conv3.conv.weight - torch.Size([128, 32, 1, 1, 1]): 
Initialized by user-defined `init_weights` in RGBPoseConv3D  

backbone.pose_path.layer1.3.conv3.bn.weight - torch.Size([128]): 
Initialized by user-defined `init_weights` in RGBPoseConv3D  

backbone.pose_path.layer1.3.conv3.bn.bias - torch.Size([128]): 
The value is the same before and after calling `init_weights` of MMRecognizer3D  

backbone.pose_path.layer2.0.conv1.conv.weight - torch.Size([64, 160, 3, 1, 1]): 
Initialized by user-defined `init_weights` in RGBPoseConv3D  

backbone.pose_path.layer2.0.conv1.bn.weight - torch.Size([64]): 
The value is the same before and after calling `init_weights` of MMRecognizer3D  

backbone.pose_path.layer2.0.conv1.bn.bias - torch.Size([64]): 
The value is the same before and after calling `init_weights` of MMRecognizer3D  

backbone.pose_path.layer2.0.conv2.conv.weight - torch.Size([64, 64, 1, 3, 3]): 
Initialized by user-defined `init_weights` in RGBPoseConv3D  

backbone.pose_path.layer2.0.conv2.bn.weight - torch.Size([64]): 
The value is the same before and after calling `init_weights` of MMRecognizer3D  

backbone.pose_path.layer2.0.conv2.bn.bias - torch.Size([64]): 
The value is the same before and after calling `init_weights` of MMRecognizer3D  

backbone.pose_path.layer2.0.conv3.conv.weight - torch.Size([256, 64, 1, 1, 1]): 
Initialized by user-defined `init_weights` in RGBPoseConv3D  

backbone.pose_path.layer2.0.conv3.bn.weight - torch.Size([256]): 
Initialized by user-defined `init_weights` in RGBPoseConv3D  

backbone.pose_path.layer2.0.conv3.bn.bias - torch.Size([256]): 
The value is the same before and after calling `init_weights` of MMRecognizer3D  

backbone.pose_path.layer2.0.downsample.conv.weight - torch.Size([256, 160, 1, 1, 1]): 
Initialized by user-defined `init_weights` in RGBPoseConv3D  

backbone.pose_path.layer2.0.downsample.bn.weight - torch.Size([256]): 
The value is the same before and after calling `init_weights` of MMRecognizer3D  

backbone.pose_path.layer2.0.downsample.bn.bias - torch.Size([256]): 
The value is the same before and after calling `init_weights` of MMRecognizer3D  

backbone.pose_path.layer2.1.conv1.conv.weight - torch.Size([64, 256, 3, 1, 1]): 
Initialized by user-defined `init_weights` in RGBPoseConv3D  

backbone.pose_path.layer2.1.conv1.bn.weight - torch.Size([64]): 
The value is the same before and after calling `init_weights` of MMRecognizer3D  

backbone.pose_path.layer2.1.conv1.bn.bias - torch.Size([64]): 
The value is the same before and after calling `init_weights` of MMRecognizer3D  

backbone.pose_path.layer2.1.conv2.conv.weight - torch.Size([64, 64, 1, 3, 3]): 
Initialized by user-defined `init_weights` in RGBPoseConv3D  

backbone.pose_path.layer2.1.conv2.bn.weight - torch.Size([64]): 
The value is the same before and after calling `init_weights` of MMRecognizer3D  

backbone.pose_path.layer2.1.conv2.bn.bias - torch.Size([64]): 
The value is the same before and after calling `init_weights` of MMRecognizer3D  

backbone.pose_path.layer2.1.conv3.conv.weight - torch.Size([256, 64, 1, 1, 1]): 
Initialized by user-defined `init_weights` in RGBPoseConv3D  

backbone.pose_path.layer2.1.conv3.bn.weight - torch.Size([256]): 
Initialized by user-defined `init_weights` in RGBPoseConv3D  

backbone.pose_path.layer2.1.conv3.bn.bias - torch.Size([256]): 
The value is the same before and after calling `init_weights` of MMRecognizer3D  

backbone.pose_path.layer2.2.conv1.conv.weight - torch.Size([64, 256, 3, 1, 1]): 
Initialized by user-defined `init_weights` in RGBPoseConv3D  

backbone.pose_path.layer2.2.conv1.bn.weight - torch.Size([64]): 
The value is the same before and after calling `init_weights` of MMRecognizer3D  

backbone.pose_path.layer2.2.conv1.bn.bias - torch.Size([64]): 
The value is the same before and after calling `init_weights` of MMRecognizer3D  

backbone.pose_path.layer2.2.conv2.conv.weight - torch.Size([64, 64, 1, 3, 3]): 
Initialized by user-defined `init_weights` in RGBPoseConv3D  

backbone.pose_path.layer2.2.conv2.bn.weight - torch.Size([64]): 
The value is the same before and after calling `init_weights` of MMRecognizer3D  

backbone.pose_path.layer2.2.conv2.bn.bias - torch.Size([64]): 
The value is the same before and after calling `init_weights` of MMRecognizer3D  

backbone.pose_path.layer2.2.conv3.conv.weight - torch.Size([256, 64, 1, 1, 1]): 
Initialized by user-defined `init_weights` in RGBPoseConv3D  

backbone.pose_path.layer2.2.conv3.bn.weight - torch.Size([256]): 
Initialized by user-defined `init_weights` in RGBPoseConv3D  

backbone.pose_path.layer2.2.conv3.bn.bias - torch.Size([256]): 
The value is the same before and after calling `init_weights` of MMRecognizer3D  

backbone.pose_path.layer2.3.conv1.conv.weight - torch.Size([64, 256, 3, 1, 1]): 
Initialized by user-defined `init_weights` in RGBPoseConv3D  

backbone.pose_path.layer2.3.conv1.bn.weight - torch.Size([64]): 
The value is the same before and after calling `init_weights` of MMRecognizer3D  

backbone.pose_path.layer2.3.conv1.bn.bias - torch.Size([64]): 
The value is the same before and after calling `init_weights` of MMRecognizer3D  

backbone.pose_path.layer2.3.conv2.conv.weight - torch.Size([64, 64, 1, 3, 3]): 
Initialized by user-defined `init_weights` in RGBPoseConv3D  

backbone.pose_path.layer2.3.conv2.bn.weight - torch.Size([64]): 
The value is the same before and after calling `init_weights` of MMRecognizer3D  

backbone.pose_path.layer2.3.conv2.bn.bias - torch.Size([64]): 
The value is the same before and after calling `init_weights` of MMRecognizer3D  

backbone.pose_path.layer2.3.conv3.conv.weight - torch.Size([256, 64, 1, 1, 1]): 
Initialized by user-defined `init_weights` in RGBPoseConv3D  

backbone.pose_path.layer2.3.conv3.bn.weight - torch.Size([256]): 
Initialized by user-defined `init_weights` in RGBPoseConv3D  

backbone.pose_path.layer2.3.conv3.bn.bias - torch.Size([256]): 
The value is the same before and after calling `init_weights` of MMRecognizer3D  

backbone.pose_path.layer2.4.conv1.conv.weight - torch.Size([64, 256, 3, 1, 1]): 
Initialized by user-defined `init_weights` in RGBPoseConv3D  

backbone.pose_path.layer2.4.conv1.bn.weight - torch.Size([64]): 
The value is the same before and after calling `init_weights` of MMRecognizer3D  

backbone.pose_path.layer2.4.conv1.bn.bias - torch.Size([64]): 
The value is the same before and after calling `init_weights` of MMRecognizer3D  

backbone.pose_path.layer2.4.conv2.conv.weight - torch.Size([64, 64, 1, 3, 3]): 
Initialized by user-defined `init_weights` in RGBPoseConv3D  

backbone.pose_path.layer2.4.conv2.bn.weight - torch.Size([64]): 
The value is the same before and after calling `init_weights` of MMRecognizer3D  

backbone.pose_path.layer2.4.conv2.bn.bias - torch.Size([64]): 
The value is the same before and after calling `init_weights` of MMRecognizer3D  

backbone.pose_path.layer2.4.conv3.conv.weight - torch.Size([256, 64, 1, 1, 1]): 
Initialized by user-defined `init_weights` in RGBPoseConv3D  

backbone.pose_path.layer2.4.conv3.bn.weight - torch.Size([256]): 
Initialized by user-defined `init_weights` in RGBPoseConv3D  

backbone.pose_path.layer2.4.conv3.bn.bias - torch.Size([256]): 
The value is the same before and after calling `init_weights` of MMRecognizer3D  

backbone.pose_path.layer2.5.conv1.conv.weight - torch.Size([64, 256, 3, 1, 1]): 
Initialized by user-defined `init_weights` in RGBPoseConv3D  

backbone.pose_path.layer2.5.conv1.bn.weight - torch.Size([64]): 
The value is the same before and after calling `init_weights` of MMRecognizer3D  

backbone.pose_path.layer2.5.conv1.bn.bias - torch.Size([64]): 
The value is the same before and after calling `init_weights` of MMRecognizer3D  

backbone.pose_path.layer2.5.conv2.conv.weight - torch.Size([64, 64, 1, 3, 3]): 
Initialized by user-defined `init_weights` in RGBPoseConv3D  

backbone.pose_path.layer2.5.conv2.bn.weight - torch.Size([64]): 
The value is the same before and after calling `init_weights` of MMRecognizer3D  

backbone.pose_path.layer2.5.conv2.bn.bias - torch.Size([64]): 
The value is the same before and after calling `init_weights` of MMRecognizer3D  

backbone.pose_path.layer2.5.conv3.conv.weight - torch.Size([256, 64, 1, 1, 1]): 
Initialized by user-defined `init_weights` in RGBPoseConv3D  

backbone.pose_path.layer2.5.conv3.bn.weight - torch.Size([256]): 
Initialized by user-defined `init_weights` in RGBPoseConv3D  

backbone.pose_path.layer2.5.conv3.bn.bias - torch.Size([256]): 
The value is the same before and after calling `init_weights` of MMRecognizer3D  

backbone.pose_path.layer3.0.conv1.conv.weight - torch.Size([128, 320, 3, 1, 1]): 
Initialized by user-defined `init_weights` in RGBPoseConv3D  

backbone.pose_path.layer3.0.conv1.bn.weight - torch.Size([128]): 
The value is the same before and after calling `init_weights` of MMRecognizer3D  

backbone.pose_path.layer3.0.conv1.bn.bias - torch.Size([128]): 
The value is the same before and after calling `init_weights` of MMRecognizer3D  

backbone.pose_path.layer3.0.conv2.conv.weight - torch.Size([128, 128, 1, 3, 3]): 
Initialized by user-defined `init_weights` in RGBPoseConv3D  

backbone.pose_path.layer3.0.conv2.bn.weight - torch.Size([128]): 
The value is the same before and after calling `init_weights` of MMRecognizer3D  

backbone.pose_path.layer3.0.conv2.bn.bias - torch.Size([128]): 
The value is the same before and after calling `init_weights` of MMRecognizer3D  

backbone.pose_path.layer3.0.conv3.conv.weight - torch.Size([512, 128, 1, 1, 1]): 
Initialized by user-defined `init_weights` in RGBPoseConv3D  

backbone.pose_path.layer3.0.conv3.bn.weight - torch.Size([512]): 
Initialized by user-defined `init_weights` in RGBPoseConv3D  

backbone.pose_path.layer3.0.conv3.bn.bias - torch.Size([512]): 
The value is the same before and after calling `init_weights` of MMRecognizer3D  

backbone.pose_path.layer3.0.downsample.conv.weight - torch.Size([512, 320, 1, 1, 1]): 
Initialized by user-defined `init_weights` in RGBPoseConv3D  

backbone.pose_path.layer3.0.downsample.bn.weight - torch.Size([512]): 
The value is the same before and after calling `init_weights` of MMRecognizer3D  

backbone.pose_path.layer3.0.downsample.bn.bias - torch.Size([512]): 
The value is the same before and after calling `init_weights` of MMRecognizer3D  

backbone.pose_path.layer3.1.conv1.conv.weight - torch.Size([128, 512, 3, 1, 1]): 
Initialized by user-defined `init_weights` in RGBPoseConv3D  

backbone.pose_path.layer3.1.conv1.bn.weight - torch.Size([128]): 
The value is the same before and after calling `init_weights` of MMRecognizer3D  

backbone.pose_path.layer3.1.conv1.bn.bias - torch.Size([128]): 
The value is the same before and after calling `init_weights` of MMRecognizer3D  

backbone.pose_path.layer3.1.conv2.conv.weight - torch.Size([128, 128, 1, 3, 3]): 
Initialized by user-defined `init_weights` in RGBPoseConv3D  

backbone.pose_path.layer3.1.conv2.bn.weight - torch.Size([128]): 
The value is the same before and after calling `init_weights` of MMRecognizer3D  

backbone.pose_path.layer3.1.conv2.bn.bias - torch.Size([128]): 
The value is the same before and after calling `init_weights` of MMRecognizer3D  

backbone.pose_path.layer3.1.conv3.conv.weight - torch.Size([512, 128, 1, 1, 1]): 
Initialized by user-defined `init_weights` in RGBPoseConv3D  

backbone.pose_path.layer3.1.conv3.bn.weight - torch.Size([512]): 
Initialized by user-defined `init_weights` in RGBPoseConv3D  

backbone.pose_path.layer3.1.conv3.bn.bias - torch.Size([512]): 
The value is the same before and after calling `init_weights` of MMRecognizer3D  

backbone.pose_path.layer3.2.conv1.conv.weight - torch.Size([128, 512, 3, 1, 1]): 
Initialized by user-defined `init_weights` in RGBPoseConv3D  

backbone.pose_path.layer3.2.conv1.bn.weight - torch.Size([128]): 
The value is the same before and after calling `init_weights` of MMRecognizer3D  

backbone.pose_path.layer3.2.conv1.bn.bias - torch.Size([128]): 
The value is the same before and after calling `init_weights` of MMRecognizer3D  

backbone.pose_path.layer3.2.conv2.conv.weight - torch.Size([128, 128, 1, 3, 3]): 
Initialized by user-defined `init_weights` in RGBPoseConv3D  

backbone.pose_path.layer3.2.conv2.bn.weight - torch.Size([128]): 
The value is the same before and after calling `init_weights` of MMRecognizer3D  

backbone.pose_path.layer3.2.conv2.bn.bias - torch.Size([128]): 
The value is the same before and after calling `init_weights` of MMRecognizer3D  

backbone.pose_path.layer3.2.conv3.conv.weight - torch.Size([512, 128, 1, 1, 1]): 
Initialized by user-defined `init_weights` in RGBPoseConv3D  

backbone.pose_path.layer3.2.conv3.bn.weight - torch.Size([512]): 
Initialized by user-defined `init_weights` in RGBPoseConv3D  

backbone.pose_path.layer3.2.conv3.bn.bias - torch.Size([512]): 
The value is the same before and after calling `init_weights` of MMRecognizer3D  

backbone.pose_path.layer1_lateral.conv.weight - torch.Size([512, 32, 7, 1, 1]): 
The value is the same before and after calling `init_weights` of MMRecognizer3D  

backbone.pose_path.layer1_lateral.bn.weight - torch.Size([32]): 
The value is the same before and after calling `init_weights` of MMRecognizer3D  

backbone.pose_path.layer1_lateral.bn.bias - torch.Size([32]): 
The value is the same before and after calling `init_weights` of MMRecognizer3D  

backbone.pose_path.layer2_lateral.conv.weight - torch.Size([1024, 64, 7, 1, 1]): 
The value is the same before and after calling `init_weights` of MMRecognizer3D  

backbone.pose_path.layer2_lateral.bn.weight - torch.Size([64]): 
The value is the same before and after calling `init_weights` of MMRecognizer3D  

backbone.pose_path.layer2_lateral.bn.bias - torch.Size([64]): 
The value is the same before and after calling `init_weights` of MMRecognizer3D  

cls_head.fc_rgb.weight - torch.Size([60, 2048]): 
Initialized by user-defined `init_weights` in RGBPoseHead  

cls_head.fc_rgb.bias - torch.Size([60]): 
Initialized by user-defined `init_weights` in RGBPoseHead  

cls_head.fc_pose.weight - torch.Size([60, 512]): 
Initialized by user-defined `init_weights` in RGBPoseHead  

cls_head.fc_pose.bias - torch.Size([60]): 
Initialized by user-defined `init_weights` in RGBPoseHead  
2024/12/30 02:55:20 - mmengine - INFO - Load checkpoint from https://download.openmmlab.com/mmaction/v1.0/skeleton/posec3d/rgbpose_conv3d/rgbpose_conv3d_init_20230228-09b7684b.pth
2024/12/30 02:55:20 - mmengine - WARNING - "FileClient" will be deprecated in future. Please use io functions in https://mmengine.readthedocs.io/en/latest/api/fileio.html#file-io
2024/12/30 02:55:20 - mmengine - WARNING - "HardDiskBackend" is the alias of "LocalBackend" and the former will be deprecated in future.
2024/12/30 02:55:20 - mmengine - INFO - Checkpoints will be saved to /root/autodl-tmp/mmaction2/work_dirs/rgbpose_conv3d-ep20.
2024/12/30 02:55:41 - mmengine - INFO - Exp name: rgbpose_conv3d-ep20_20241230_025510
2024/12/30 02:55:41 - mmengine - INFO - Epoch(train)  [1][15/15]  lr: 7.5000e-03  eta: 0:06:33  time: 1.3798  data_time: 0.9158  memory: 13979  grad_norm: 36.4690  loss: 6.1208  rgb_top1_acc: 0.7500  rgb_top5_acc: 0.7500  rgb_loss_cls: 2.9603  pose_top1_acc: 0.2500  pose_top5_acc: 0.7500  pose_loss_cls: 3.1606
2024/12/30 02:55:41 - mmengine - INFO - Saving checkpoint at 1 epochs
2024/12/30 02:55:49 - mmengine - INFO - Epoch(val)  [1][20/22]    eta: 0:00:00  time: 0.3318  data_time: 0.2940  memory: 706  
2024/12/30 02:55:49 - mmengine - INFO - Epoch(val) [1][22/22]    acc/rgb_top1: 0.4318  acc/rgb_top5: 0.9773  acc/rgb_mean1: 0.4034  acc/pose_top1: 0.1136  acc/pose_top5: 0.3409  acc/pose_mean1: 0.0661  acc/RGBPose_1:1_top1: 0.2955  acc/RGBPose_1:1_top5: 0.7500  acc/RGBPose_1:1_mean1: 0.2248  acc/RGBPose_2:1_top1: 0.4318  acc/RGBPose_2:1_top5: 0.7727  acc/RGBPose_2:1_mean1: 0.4034  acc/RGBPose_1:2_top1: 0.1591  acc/RGBPose_1:2_top5: 0.7273  acc/RGBPose_1:2_mean1: 0.0975  data_time: 0.2677  time: 0.3054
2024/12/30 02:55:50 - mmengine - INFO - The best checkpoint with 0.4318 acc/rgb_top1 at 1 epoch is saved to best_acc_rgb_top1_epoch_1.pth.
2024/12/30 02:56:10 - mmengine - INFO - Exp name: rgbpose_conv3d-ep20_20241230_025510
2024/12/30 02:56:10 - mmengine - INFO - Epoch(train)  [2][15/15]  lr: 7.5000e-03  eta: 0:05:43  time: 0.9850  data_time: 0.5355  memory: 13979  grad_norm: 21.9300  loss: 2.9813  rgb_top1_acc: 0.5000  rgb_top5_acc: 1.0000  rgb_loss_cls: 1.3475  pose_top1_acc: 0.7500  pose_top5_acc: 1.0000  pose_loss_cls: 1.6338
2024/12/30 02:56:10 - mmengine - INFO - Saving checkpoint at 2 epochs
2024/12/30 02:56:14 - mmengine - INFO - Epoch(val)  [2][20/22]    eta: 0:00:00  time: 0.1524  data_time: 0.1142  memory: 706  
2024/12/30 02:56:14 - mmengine - INFO - Epoch(val) [2][22/22]    acc/rgb_top1: 0.3864  acc/rgb_top5: 0.9318  acc/rgb_mean1: 0.3140  acc/pose_top1: 0.4318  acc/pose_top5: 0.8636  acc/pose_mean1: 0.3372  acc/RGBPose_1:1_top1: 0.3864  acc/RGBPose_1:1_top5: 0.8864  acc/RGBPose_1:1_mean1: 0.2617  acc/RGBPose_2:1_top1: 0.3864  acc/RGBPose_2:1_top5: 0.9091  acc/RGBPose_2:1_mean1: 0.3140  acc/RGBPose_1:2_top1: 0.4091  acc/RGBPose_1:2_top5: 0.8864  acc/RGBPose_1:2_mean1: 0.2730  data_time: 0.0998  time: 0.1378
2024/12/30 02:56:31 - mmengine - INFO - Exp name: rgbpose_conv3d-ep20_20241230_025510
2024/12/30 02:56:31 - mmengine - INFO - Epoch(train)  [3][15/15]  lr: 7.5000e-03  eta: 0:05:14  time: 0.9705  data_time: 0.5217  memory: 13979  grad_norm: 14.7555  loss: 2.3157  rgb_top1_acc: 0.5000  rgb_top5_acc: 1.0000  rgb_loss_cls: 1.0648  pose_top1_acc: 0.5000  pose_top5_acc: 1.0000  pose_loss_cls: 1.2509
2024/12/30 02:56:31 - mmengine - INFO - Saving checkpoint at 3 epochs
2024/12/30 02:56:36 - mmengine - INFO - Epoch(val)  [3][20/22]    eta: 0:00:00  time: 0.1373  data_time: 0.0990  memory: 706  
2024/12/30 02:56:36 - mmengine - INFO - Epoch(val) [3][22/22]    acc/rgb_top1: 0.4773  acc/rgb_top5: 1.0000  acc/rgb_mean1: 0.5090  acc/pose_top1: 0.4545  acc/pose_top5: 1.0000  acc/pose_mean1: 0.4135  acc/RGBPose_1:1_top1: 0.5455  acc/RGBPose_1:1_top5: 1.0000  acc/RGBPose_1:1_mean1: 0.5629  acc/RGBPose_2:1_top1: 0.4773  acc/RGBPose_2:1_top5: 1.0000  acc/RGBPose_2:1_mean1: 0.5090  acc/RGBPose_1:2_top1: 0.5682  acc/RGBPose_1:2_top5: 1.0000  acc/RGBPose_1:2_mean1: 0.5698  data_time: 0.0868  time: 0.1249
2024/12/30 02:56:36 - mmengine - INFO - The previous best checkpoint /root/autodl-tmp/mmaction2/work_dirs/rgbpose_conv3d-ep20/best_acc_rgb_top1_epoch_1.pth is removed
2024/12/30 02:56:37 - mmengine - INFO - The best checkpoint with 0.4773 acc/rgb_top1 at 3 epoch is saved to best_acc_rgb_top1_epoch_3.pth.
2024/12/30 02:56:56 - mmengine - INFO - Exp name: rgbpose_conv3d-ep20_20241230_025510
2024/12/30 02:56:56 - mmengine - INFO - Epoch(train)  [4][15/15]  lr: 7.5000e-03  eta: 0:04:51  time: 0.9840  data_time: 0.5367  memory: 13979  grad_norm: 11.9353  loss: 1.8432  rgb_top1_acc: 0.5000  rgb_top5_acc: 1.0000  rgb_loss_cls: 0.9255  pose_top1_acc: 0.7500  pose_top5_acc: 1.0000  pose_loss_cls: 0.9176
2024/12/30 02:56:56 - mmengine - INFO - Saving checkpoint at 4 epochs
2024/12/30 02:57:00 - mmengine - INFO - Epoch(val)  [4][20/22]    eta: 0:00:00  time: 0.1458  data_time: 0.1080  memory: 706  
2024/12/30 02:57:00 - mmengine - INFO - Epoch(val) [4][22/22]    acc/rgb_top1: 0.4545  acc/rgb_top5: 0.7727  acc/rgb_mean1: 0.4401  acc/pose_top1: 0.4773  acc/pose_top5: 0.9773  acc/pose_mean1: 0.4884  acc/RGBPose_1:1_top1: 0.4545  acc/RGBPose_1:1_top5: 0.9545  acc/RGBPose_1:1_mean1: 0.4607  acc/RGBPose_2:1_top1: 0.4773  acc/RGBPose_2:1_top5: 0.9091  acc/RGBPose_2:1_mean1: 0.4714  acc/RGBPose_1:2_top1: 0.4773  acc/RGBPose_1:2_top5: 0.9545  acc/RGBPose_1:2_mean1: 0.4884  data_time: 0.0947  time: 0.1324
2024/12/30 02:57:18 - mmengine - INFO - Exp name: rgbpose_conv3d-ep20_20241230_025510
2024/12/30 02:57:18 - mmengine - INFO - Epoch(train)  [5][15/15]  lr: 7.5000e-03  eta: 0:04:31  time: 0.9832  data_time: 0.5360  memory: 13979  grad_norm: 10.5430  loss: 1.9301  rgb_top1_acc: 0.5000  rgb_top5_acc: 1.0000  rgb_loss_cls: 0.9474  pose_top1_acc: 0.5000  pose_top5_acc: 1.0000  pose_loss_cls: 0.9827
2024/12/30 02:57:18 - mmengine - INFO - Saving checkpoint at 5 epochs
2024/12/30 02:57:22 - mmengine - INFO - Epoch(val)  [5][20/22]    eta: 0:00:00  time: 0.1516  data_time: 0.1135  memory: 706  
2024/12/30 02:57:22 - mmengine - INFO - Epoch(val) [5][22/22]    acc/rgb_top1: 0.5682  acc/rgb_top5: 1.0000  acc/rgb_mean1: 0.4584  acc/pose_top1: 0.5455  acc/pose_top5: 1.0000  acc/pose_mean1: 0.5431  acc/RGBPose_1:1_top1: 0.5682  acc/RGBPose_1:1_top5: 1.0000  acc/RGBPose_1:1_mean1: 0.5624  acc/RGBPose_2:1_top1: 0.5909  acc/RGBPose_2:1_top5: 1.0000  acc/RGBPose_2:1_mean1: 0.4681  acc/RGBPose_1:2_top1: 0.5682  acc/RGBPose_1:2_top5: 1.0000  acc/RGBPose_1:2_mean1: 0.5624  data_time: 0.0992  time: 0.1372
2024/12/30 02:57:22 - mmengine - INFO - The previous best checkpoint /root/autodl-tmp/mmaction2/work_dirs/rgbpose_conv3d-ep20/best_acc_rgb_top1_epoch_3.pth is removed
2024/12/30 02:57:24 - mmengine - INFO - The best checkpoint with 0.5682 acc/rgb_top1 at 5 epoch is saved to best_acc_rgb_top1_epoch_5.pth.
2024/12/30 02:57:43 - mmengine - INFO - Exp name: rgbpose_conv3d-ep20_20241230_025510
2024/12/30 02:57:43 - mmengine - INFO - Epoch(train)  [6][15/15]  lr: 7.5000e-03  eta: 0:04:11  time: 0.9817  data_time: 0.5350  memory: 13979  grad_norm: 7.6057  loss: 1.4592  rgb_top1_acc: 1.0000  rgb_top5_acc: 1.0000  rgb_loss_cls: 0.6654  pose_top1_acc: 0.7500  pose_top5_acc: 1.0000  pose_loss_cls: 0.7938
2024/12/30 02:57:43 - mmengine - INFO - Saving checkpoint at 6 epochs
2024/12/30 02:57:47 - mmengine - INFO - Epoch(val)  [6][20/22]    eta: 0:00:00  time: 0.1443  data_time: 0.1061  memory: 706  
2024/12/30 02:57:47 - mmengine - INFO - Epoch(val) [6][22/22]    acc/rgb_top1: 0.7500  acc/rgb_top5: 1.0000  acc/rgb_mean1: 0.7491  acc/pose_top1: 0.6136  acc/pose_top5: 1.0000  acc/pose_mean1: 0.5752  acc/RGBPose_1:1_top1: 0.7045  acc/RGBPose_1:1_top5: 1.0000  acc/RGBPose_1:1_mean1: 0.6986  acc/RGBPose_2:1_top1: 0.7500  acc/RGBPose_2:1_top5: 1.0000  acc/RGBPose_2:1_mean1: 0.7491  acc/RGBPose_1:2_top1: 0.6818  acc/RGBPose_1:2_top5: 1.0000  acc/RGBPose_1:2_mean1: 0.6570  data_time: 0.0928  time: 0.1309
2024/12/30 02:57:47 - mmengine - INFO - The previous best checkpoint /root/autodl-tmp/mmaction2/work_dirs/rgbpose_conv3d-ep20/best_acc_rgb_top1_epoch_5.pth is removed
2024/12/30 02:57:48 - mmengine - INFO - The best checkpoint with 0.7500 acc/rgb_top1 at 6 epoch is saved to best_acc_rgb_top1_epoch_6.pth.
2024/12/30 02:58:07 - mmengine - INFO - Exp name: rgbpose_conv3d-ep20_20241230_025510
2024/12/30 02:58:07 - mmengine - INFO - Epoch(train)  [7][15/15]  lr: 7.5000e-03  eta: 0:03:51  time: 0.9419  data_time: 0.4944  memory: 13979  grad_norm: 6.9781  loss: 1.0799  rgb_top1_acc: 0.7500  rgb_top5_acc: 1.0000  rgb_loss_cls: 0.4303  pose_top1_acc: 0.5000  pose_top5_acc: 1.0000  pose_loss_cls: 0.6495
2024/12/30 02:58:07 - mmengine - INFO - Saving checkpoint at 7 epochs
2024/12/30 02:58:11 - mmengine - INFO - Epoch(val)  [7][20/22]    eta: 0:00:00  time: 0.1365  data_time: 0.0984  memory: 706  
2024/12/30 02:58:11 - mmengine - INFO - Epoch(val) [7][22/22]    acc/rgb_top1: 0.7955  acc/rgb_top5: 1.0000  acc/rgb_mean1: 0.8063  acc/pose_top1: 0.7045  acc/pose_top5: 1.0000  acc/pose_mean1: 0.6933  acc/RGBPose_1:1_top1: 0.7955  acc/RGBPose_1:1_top5: 1.0000  acc/RGBPose_1:1_mean1: 0.8063  acc/RGBPose_2:1_top1: 0.7955  acc/RGBPose_2:1_top5: 1.0000  acc/RGBPose_2:1_mean1: 0.8063  acc/RGBPose_1:2_top1: 0.7955  acc/RGBPose_1:2_top5: 1.0000  acc/RGBPose_1:2_mean1: 0.7978  data_time: 0.0860  time: 0.1239
2024/12/30 02:58:11 - mmengine - INFO - The previous best checkpoint /root/autodl-tmp/mmaction2/work_dirs/rgbpose_conv3d-ep20/best_acc_rgb_top1_epoch_6.pth is removed
2024/12/30 02:58:12 - mmengine - INFO - The best checkpoint with 0.7955 acc/rgb_top1 at 7 epoch is saved to best_acc_rgb_top1_epoch_7.pth.
2024/12/30 02:58:30 - mmengine - INFO - Exp name: rgbpose_conv3d-ep20_20241230_025510
2024/12/30 02:58:30 - mmengine - INFO - Epoch(train)  [8][15/15]  lr: 7.5000e-03  eta: 0:03:31  time: 0.9274  data_time: 0.4792  memory: 13979  grad_norm: 8.4490  loss: 0.9874  rgb_top1_acc: 0.7500  rgb_top5_acc: 1.0000  rgb_loss_cls: 0.3653  pose_top1_acc: 0.7500  pose_top5_acc: 1.0000  pose_loss_cls: 0.6221
2024/12/30 02:58:30 - mmengine - INFO - Saving checkpoint at 8 epochs
2024/12/30 02:58:35 - mmengine - INFO - Epoch(val)  [8][20/22]    eta: 0:00:00  time: 0.1519  data_time: 0.1135  memory: 706  
2024/12/30 02:58:35 - mmengine - INFO - Epoch(val) [8][22/22]    acc/rgb_top1: 0.8182  acc/rgb_top5: 1.0000  acc/rgb_mean1: 0.7964  acc/pose_top1: 0.6591  acc/pose_top5: 1.0000  acc/pose_mean1: 0.6225  acc/RGBPose_1:1_top1: 0.7955  acc/RGBPose_1:1_top5: 1.0000  acc/RGBPose_1:1_mean1: 0.7686  acc/RGBPose_2:1_top1: 0.7955  acc/RGBPose_2:1_top5: 1.0000  acc/RGBPose_2:1_mean1: 0.7772  acc/RGBPose_1:2_top1: 0.7500  acc/RGBPose_1:2_top5: 1.0000  acc/RGBPose_1:2_mean1: 0.7286  data_time: 0.0992  time: 0.1376
2024/12/30 02:58:35 - mmengine - INFO - The previous best checkpoint /root/autodl-tmp/mmaction2/work_dirs/rgbpose_conv3d-ep20/best_acc_rgb_top1_epoch_7.pth is removed
2024/12/30 02:58:36 - mmengine - INFO - The best checkpoint with 0.8182 acc/rgb_top1 at 8 epoch is saved to best_acc_rgb_top1_epoch_8.pth.
2024/12/30 02:58:56 - mmengine - INFO - Exp name: rgbpose_conv3d-ep20_20241230_025510
2024/12/30 02:58:56 - mmengine - INFO - Epoch(train)  [9][15/15]  lr: 7.5000e-03  eta: 0:03:14  time: 1.0038  data_time: 0.5565  memory: 13979  grad_norm: 6.0145  loss: 0.7267  rgb_top1_acc: 1.0000  rgb_top5_acc: 1.0000  rgb_loss_cls: 0.2645  pose_top1_acc: 0.7500  pose_top5_acc: 1.0000  pose_loss_cls: 0.4621
2024/12/30 02:58:56 - mmengine - INFO - Saving checkpoint at 9 epochs
2024/12/30 02:59:01 - mmengine - INFO - Epoch(val)  [9][20/22]    eta: 0:00:00  time: 0.1861  data_time: 0.1477  memory: 706  
2024/12/30 02:59:01 - mmengine - INFO - Epoch(val) [9][22/22]    acc/rgb_top1: 0.7955  acc/rgb_top5: 1.0000  acc/rgb_mean1: 0.7753  acc/pose_top1: 0.7727  acc/pose_top5: 1.0000  acc/pose_mean1: 0.7595  acc/RGBPose_1:1_top1: 0.7955  acc/RGBPose_1:1_top5: 1.0000  acc/RGBPose_1:1_mean1: 0.7788  acc/RGBPose_2:1_top1: 0.8182  acc/RGBPose_2:1_top5: 1.0000  acc/RGBPose_2:1_mean1: 0.7980  acc/RGBPose_1:2_top1: 0.7727  acc/RGBPose_1:2_top5: 1.0000  acc/RGBPose_1:2_mean1: 0.7595  data_time: 0.1290  time: 0.1674
2024/12/30 02:59:18 - mmengine - INFO - Exp name: rgbpose_conv3d-ep20_20241230_025510
2024/12/30 02:59:18 - mmengine - INFO - Epoch(train) [10][15/15]  lr: 7.5000e-03  eta: 0:02:55  time: 0.9548  data_time: 0.5077  memory: 13979  grad_norm: 6.5914  loss: 0.7822  rgb_top1_acc: 1.0000  rgb_top5_acc: 1.0000  rgb_loss_cls: 0.2822  pose_top1_acc: 1.0000  pose_top5_acc: 1.0000  pose_loss_cls: 0.5000
2024/12/30 02:59:18 - mmengine - INFO - Saving checkpoint at 10 epochs
2024/12/30 02:59:22 - mmengine - INFO - Epoch(val) [10][20/22]    eta: 0:00:00  time: 0.1381  data_time: 0.0993  memory: 706  
2024/12/30 02:59:22 - mmengine - INFO - Epoch(val) [10][22/22]    acc/rgb_top1: 0.7955  acc/rgb_top5: 1.0000  acc/rgb_mean1: 0.8012  acc/pose_top1: 0.7273  acc/pose_top5: 1.0000  acc/pose_mean1: 0.7350  acc/RGBPose_1:1_top1: 0.7955  acc/RGBPose_1:1_top5: 1.0000  acc/RGBPose_1:1_mean1: 0.8047  acc/RGBPose_2:1_top1: 0.7727  acc/RGBPose_2:1_top5: 1.0000  acc/RGBPose_2:1_mean1: 0.7855  acc/RGBPose_1:2_top1: 0.7955  acc/RGBPose_1:2_top5: 1.0000  acc/RGBPose_1:2_mean1: 0.8047  data_time: 0.0868  time: 0.1254
2024/12/30 02:59:38 - mmengine - INFO - Exp name: rgbpose_conv3d-ep20_20241230_025510
2024/12/30 02:59:38 - mmengine - INFO - Epoch(train) [11][15/15]  lr: 7.5000e-03  eta: 0:02:37  time: 0.9288  data_time: 0.4805  memory: 13979  grad_norm: 6.9441  loss: 0.6851  rgb_top1_acc: 1.0000  rgb_top5_acc: 1.0000  rgb_loss_cls: 0.2422  pose_top1_acc: 0.7500  pose_top5_acc: 1.0000  pose_loss_cls: 0.4429
2024/12/30 02:59:38 - mmengine - INFO - Saving checkpoint at 11 epochs
2024/12/30 02:59:43 - mmengine - INFO - Epoch(val) [11][20/22]    eta: 0:00:00  time: 0.1373  data_time: 0.0988  memory: 706  
2024/12/30 02:59:43 - mmengine - INFO - Epoch(val) [11][22/22]    acc/rgb_top1: 0.7500  acc/rgb_top5: 1.0000  acc/rgb_mean1: 0.7770  acc/pose_top1: 0.7273  acc/pose_top5: 1.0000  acc/pose_mean1: 0.7096  acc/RGBPose_1:1_top1: 0.8182  acc/RGBPose_1:1_top5: 1.0000  acc/RGBPose_1:1_mean1: 0.8138  acc/RGBPose_2:1_top1: 0.7955  acc/RGBPose_2:1_top5: 1.0000  acc/RGBPose_2:1_mean1: 0.8066  acc/RGBPose_1:2_top1: 0.7955  acc/RGBPose_1:2_top5: 1.0000  acc/RGBPose_1:2_mean1: 0.7930  data_time: 0.0864  time: 0.1247
2024/12/30 03:00:00 - mmengine - INFO - Exp name: rgbpose_conv3d-ep20_20241230_025510
2024/12/30 03:00:00 - mmengine - INFO - Epoch(train) [12][15/15]  lr: 7.5000e-03  eta: 0:02:19  time: 0.9900  data_time: 0.5417  memory: 13979  grad_norm: 7.5763  loss: 0.8196  rgb_top1_acc: 0.5000  rgb_top5_acc: 1.0000  rgb_loss_cls: 0.3151  pose_top1_acc: 0.7500  pose_top5_acc: 1.0000  pose_loss_cls: 0.5044
2024/12/30 03:00:00 - mmengine - INFO - Saving checkpoint at 12 epochs
2024/12/30 03:00:05 - mmengine - INFO - Epoch(val) [12][20/22]    eta: 0:00:00  time: 0.1372  data_time: 0.0990  memory: 706  
2024/12/30 03:00:05 - mmengine - INFO - Epoch(val) [12][22/22]    acc/rgb_top1: 0.7045  acc/rgb_top5: 1.0000  acc/rgb_mean1: 0.7059  acc/pose_top1: 0.7045  acc/pose_top5: 1.0000  acc/pose_mean1: 0.6781  acc/RGBPose_1:1_top1: 0.7500  acc/RGBPose_1:1_top5: 1.0000  acc/RGBPose_1:1_mean1: 0.7494  acc/RGBPose_2:1_top1: 0.7727  acc/RGBPose_2:1_top5: 1.0000  acc/RGBPose_2:1_mean1: 0.7686  acc/RGBPose_1:2_top1: 0.6818  acc/RGBPose_1:2_top5: 1.0000  acc/RGBPose_1:2_mean1: 0.6557  data_time: 0.0866  time: 0.1247
2024/12/30 03:00:23 - mmengine - INFO - Exp name: rgbpose_conv3d-ep20_20241230_025510
2024/12/30 03:00:23 - mmengine - INFO - Epoch(train) [13][15/15]  lr: 7.5000e-04  eta: 0:02:02  time: 1.0060  data_time: 0.5582  memory: 13979  grad_norm: 7.2081  loss: 0.8613  rgb_top1_acc: 0.5000  rgb_top5_acc: 1.0000  rgb_loss_cls: 0.3484  pose_top1_acc: 0.7500  pose_top5_acc: 1.0000  pose_loss_cls: 0.5128
2024/12/30 03:00:23 - mmengine - INFO - Saving checkpoint at 13 epochs
2024/12/30 03:00:27 - mmengine - INFO - Epoch(val) [13][20/22]    eta: 0:00:00  time: 0.1441  data_time: 0.1054  memory: 706  
2024/12/30 03:00:27 - mmengine - INFO - Epoch(val) [13][22/22]    acc/rgb_top1: 0.8409  acc/rgb_top5: 1.0000  acc/rgb_mean1: 0.8536  acc/pose_top1: 0.7727  acc/pose_top5: 1.0000  acc/pose_mean1: 0.7839  acc/RGBPose_1:1_top1: 0.8182  acc/RGBPose_1:1_top5: 1.0000  acc/RGBPose_1:1_mean1: 0.8344  acc/RGBPose_2:1_top1: 0.8409  acc/RGBPose_2:1_top5: 1.0000  acc/RGBPose_2:1_mean1: 0.8536  acc/RGBPose_1:2_top1: 0.7727  acc/RGBPose_1:2_top5: 1.0000  acc/RGBPose_1:2_mean1: 0.7839  data_time: 0.0922  time: 0.1308
2024/12/30 03:00:27 - mmengine - INFO - The previous best checkpoint /root/autodl-tmp/mmaction2/work_dirs/rgbpose_conv3d-ep20/best_acc_rgb_top1_epoch_8.pth is removed
2024/12/30 03:00:28 - mmengine - INFO - The best checkpoint with 0.8409 acc/rgb_top1 at 13 epoch is saved to best_acc_rgb_top1_epoch_13.pth.
2024/12/30 03:00:46 - mmengine - INFO - Exp name: rgbpose_conv3d-ep20_20241230_025510
2024/12/30 03:00:46 - mmengine - INFO - Epoch(train) [14][15/15]  lr: 7.5000e-04  eta: 0:01:44  time: 0.9311  data_time: 0.4835  memory: 13979  grad_norm: 4.9568  loss: 0.4809  rgb_top1_acc: 1.0000  rgb_top5_acc: 1.0000  rgb_loss_cls: 0.1564  pose_top1_acc: 0.7500  pose_top5_acc: 1.0000  pose_loss_cls: 0.3245
2024/12/30 03:00:46 - mmengine - INFO - Saving checkpoint at 14 epochs
2024/12/30 03:00:51 - mmengine - INFO - Epoch(val) [14][20/22]    eta: 0:00:00  time: 0.1353  data_time: 0.0969  memory: 706  
2024/12/30 03:00:51 - mmengine - INFO - Epoch(val) [14][22/22]    acc/rgb_top1: 0.8864  acc/rgb_top5: 1.0000  acc/rgb_mean1: 0.8936  acc/pose_top1: 0.7727  acc/pose_top5: 1.0000  acc/pose_mean1: 0.7855  acc/RGBPose_1:1_top1: 0.8182  acc/RGBPose_1:1_top5: 1.0000  acc/RGBPose_1:1_mean1: 0.8239  acc/RGBPose_2:1_top1: 0.8864  acc/RGBPose_2:1_top5: 1.0000  acc/RGBPose_2:1_mean1: 0.8936  acc/RGBPose_1:2_top1: 0.7955  acc/RGBPose_1:2_top5: 1.0000  acc/RGBPose_1:2_mean1: 0.8047  data_time: 0.0848  time: 0.1231
2024/12/30 03:00:51 - mmengine - INFO - The previous best checkpoint /root/autodl-tmp/mmaction2/work_dirs/rgbpose_conv3d-ep20/best_acc_rgb_top1_epoch_13.pth is removed
2024/12/30 03:00:52 - mmengine - INFO - The best checkpoint with 0.8864 acc/rgb_top1 at 14 epoch is saved to best_acc_rgb_top1_epoch_14.pth.
2024/12/30 03:01:12 - mmengine - INFO - Exp name: rgbpose_conv3d-ep20_20241230_025510
2024/12/30 03:01:12 - mmengine - INFO - Epoch(train) [15][15/15]  lr: 7.5000e-04  eta: 0:01:27  time: 1.0099  data_time: 0.5624  memory: 13979  grad_norm: 5.4773  loss: 0.5193  rgb_top1_acc: 0.7500  rgb_top5_acc: 1.0000  rgb_loss_cls: 0.1628  pose_top1_acc: 1.0000  pose_top5_acc: 1.0000  pose_loss_cls: 0.3566
2024/12/30 03:01:12 - mmengine - INFO - Saving checkpoint at 15 epochs
2024/12/30 03:01:16 - mmengine - INFO - Epoch(val) [15][20/22]    eta: 0:00:00  time: 0.1365  data_time: 0.0975  memory: 706  
2024/12/30 03:01:16 - mmengine - INFO - Epoch(val) [15][22/22]    acc/rgb_top1: 0.8636  acc/rgb_top5: 1.0000  acc/rgb_mean1: 0.8709  acc/pose_top1: 0.7727  acc/pose_top5: 1.0000  acc/pose_mean1: 0.7855  acc/RGBPose_1:1_top1: 0.8409  acc/RGBPose_1:1_top5: 1.0000  acc/RGBPose_1:1_mean1: 0.8432  acc/RGBPose_2:1_top1: 0.8864  acc/RGBPose_2:1_top5: 1.0000  acc/RGBPose_2:1_mean1: 0.8936  acc/RGBPose_1:2_top1: 0.8182  acc/RGBPose_1:2_top5: 1.0000  acc/RGBPose_1:2_mean1: 0.8239  data_time: 0.0854  time: 0.1241
2024/12/30 03:01:35 - mmengine - INFO - Exp name: rgbpose_conv3d-ep20_20241230_025510
2024/12/30 03:01:35 - mmengine - INFO - Epoch(train) [16][15/15]  lr: 7.5000e-04  eta: 0:01:10  time: 1.0358  data_time: 0.5812  memory: 13979  grad_norm: 4.3851  loss: 0.4192  rgb_top1_acc: 1.0000  rgb_top5_acc: 1.0000  rgb_loss_cls: 0.1210  pose_top1_acc: 0.7500  pose_top5_acc: 1.0000  pose_loss_cls: 0.2982
2024/12/30 03:01:35 - mmengine - INFO - Saving checkpoint at 16 epochs
2024/12/30 03:01:39 - mmengine - INFO - Epoch(val) [16][20/22]    eta: 0:00:00  time: 0.1399  data_time: 0.1006  memory: 706  
2024/12/30 03:01:39 - mmengine - INFO - Epoch(val) [16][22/22]    acc/rgb_top1: 0.8636  acc/rgb_top5: 1.0000  acc/rgb_mean1: 0.8709  acc/pose_top1: 0.8182  acc/pose_top5: 1.0000  acc/pose_mean1: 0.8255  acc/RGBPose_1:1_top1: 0.8636  acc/RGBPose_1:1_top5: 1.0000  acc/RGBPose_1:1_mean1: 0.8744  acc/RGBPose_2:1_top1: 0.8636  acc/RGBPose_2:1_top5: 1.0000  acc/RGBPose_2:1_mean1: 0.8744  acc/RGBPose_1:2_top1: 0.8182  acc/RGBPose_1:2_top5: 1.0000  acc/RGBPose_1:2_mean1: 0.8239  data_time: 0.0883  time: 0.1275
2024/12/30 03:01:57 - mmengine - INFO - Exp name: rgbpose_conv3d-ep20_20241230_025510
2024/12/30 03:01:57 - mmengine - INFO - Epoch(train) [17][15/15]  lr: 7.5000e-05  eta: 0:00:52  time: 1.0015  data_time: 0.5445  memory: 13979  grad_norm: 3.4288  loss: 0.3354  rgb_top1_acc: 0.7500  rgb_top5_acc: 1.0000  rgb_loss_cls: 0.0930  pose_top1_acc: 0.7500  pose_top5_acc: 1.0000  pose_loss_cls: 0.2423
2024/12/30 03:01:57 - mmengine - INFO - Saving checkpoint at 17 epochs
2024/12/30 03:02:02 - mmengine - INFO - Epoch(val) [17][20/22]    eta: 0:00:00  time: 0.1347  data_time: 0.0957  memory: 706  
2024/12/30 03:02:02 - mmengine - INFO - Epoch(val) [17][22/22]    acc/rgb_top1: 0.8409  acc/rgb_top5: 1.0000  acc/rgb_mean1: 0.8517  acc/pose_top1: 0.7955  acc/pose_top5: 1.0000  acc/pose_mean1: 0.8047  acc/RGBPose_1:1_top1: 0.8636  acc/RGBPose_1:1_top5: 1.0000  acc/RGBPose_1:1_mean1: 0.8744  acc/RGBPose_2:1_top1: 0.8636  acc/RGBPose_2:1_top5: 1.0000  acc/RGBPose_2:1_mean1: 0.8744  acc/RGBPose_1:2_top1: 0.8182  acc/RGBPose_1:2_top5: 1.0000  acc/RGBPose_1:2_mean1: 0.8239  data_time: 0.0840  time: 0.1229
2024/12/30 03:02:18 - mmengine - INFO - Exp name: rgbpose_conv3d-ep20_20241230_025510
2024/12/30 03:02:18 - mmengine - INFO - Epoch(train) [18][15/15]  lr: 7.5000e-05  eta: 0:00:35  time: 0.9501  data_time: 0.5000  memory: 13979  grad_norm: 4.2930  loss: 0.3896  rgb_top1_acc: 1.0000  rgb_top5_acc: 1.0000  rgb_loss_cls: 0.1391  pose_top1_acc: 1.0000  pose_top5_acc: 1.0000  pose_loss_cls: 0.2505
2024/12/30 03:02:18 - mmengine - INFO - Saving checkpoint at 18 epochs
2024/12/30 03:02:23 - mmengine - INFO - Epoch(val) [18][20/22]    eta: 0:00:00  time: 0.1497  data_time: 0.1109  memory: 706  
2024/12/30 03:02:23 - mmengine - INFO - Epoch(val) [18][22/22]    acc/rgb_top1: 0.8636  acc/rgb_top5: 1.0000  acc/rgb_mean1: 0.8709  acc/pose_top1: 0.8182  acc/pose_top5: 1.0000  acc/pose_mean1: 0.8255  acc/RGBPose_1:1_top1: 0.8636  acc/RGBPose_1:1_top5: 1.0000  acc/RGBPose_1:1_mean1: 0.8744  acc/RGBPose_2:1_top1: 0.8864  acc/RGBPose_2:1_top5: 1.0000  acc/RGBPose_2:1_mean1: 0.8936  acc/RGBPose_1:2_top1: 0.8409  acc/RGBPose_1:2_top5: 1.0000  acc/RGBPose_1:2_mean1: 0.8432  data_time: 0.0970  time: 0.1356
2024/12/30 03:02:40 - mmengine - INFO - Exp name: rgbpose_conv3d-ep20_20241230_025510
2024/12/30 03:02:40 - mmengine - INFO - Epoch(train) [19][15/15]  lr: 7.5000e-05  eta: 0:00:17  time: 0.9473  data_time: 0.4923  memory: 13979  grad_norm: 4.4096  loss: 0.4427  rgb_top1_acc: 1.0000  rgb_top5_acc: 1.0000  rgb_loss_cls: 0.1456  pose_top1_acc: 1.0000  pose_top5_acc: 1.0000  pose_loss_cls: 0.2971
2024/12/30 03:02:40 - mmengine - INFO - Saving checkpoint at 19 epochs
2024/12/30 03:02:45 - mmengine - INFO - Epoch(val) [19][20/22]    eta: 0:00:00  time: 0.1500  data_time: 0.1106  memory: 706  
2024/12/30 03:02:45 - mmengine - INFO - Epoch(val) [19][22/22]    acc/rgb_top1: 0.8409  acc/rgb_top5: 1.0000  acc/rgb_mean1: 0.8397  acc/pose_top1: 0.8409  acc/pose_top5: 1.0000  acc/pose_mean1: 0.8448  acc/RGBPose_1:1_top1: 0.8864  acc/RGBPose_1:1_top5: 1.0000  acc/RGBPose_1:1_mean1: 0.8936  acc/RGBPose_2:1_top1: 0.8409  acc/RGBPose_2:1_top5: 1.0000  acc/RGBPose_2:1_mean1: 0.8397  acc/RGBPose_1:2_top1: 0.8636  acc/RGBPose_1:2_top5: 1.0000  acc/RGBPose_1:2_mean1: 0.8624  data_time: 0.0968  time: 0.1360
2024/12/30 03:03:01 - mmengine - INFO - Exp name: rgbpose_conv3d-ep20_20241230_025510
2024/12/30 03:03:01 - mmengine - INFO - Epoch(train) [20][15/15]  lr: 7.5000e-05  eta: 0:00:00  time: 0.9369  data_time: 0.4804  memory: 13979  grad_norm: 4.5930  loss: 0.3850  rgb_top1_acc: 1.0000  rgb_top5_acc: 1.0000  rgb_loss_cls: 0.1449  pose_top1_acc: 0.7500  pose_top5_acc: 1.0000  pose_loss_cls: 0.2401
2024/12/30 03:03:01 - mmengine - INFO - Saving checkpoint at 20 epochs
2024/12/30 03:03:06 - mmengine - INFO - Epoch(val) [20][20/22]    eta: 0:00:00  time: 0.1378  data_time: 0.0977  memory: 706  
2024/12/30 03:03:06 - mmengine - INFO - Epoch(val) [20][22/22]    acc/rgb_top1: 0.8182  acc/rgb_top5: 1.0000  acc/rgb_mean1: 0.8084  acc/pose_top1: 0.8182  acc/pose_top5: 1.0000  acc/pose_mean1: 0.8255  acc/RGBPose_1:1_top1: 0.8636  acc/RGBPose_1:1_top5: 1.0000  acc/RGBPose_1:1_mean1: 0.8624  acc/RGBPose_2:1_top1: 0.8409  acc/RGBPose_2:1_top5: 1.0000  acc/RGBPose_2:1_mean1: 0.8397  acc/RGBPose_1:2_top1: 0.8636  acc/RGBPose_1:2_top5: 1.0000  acc/RGBPose_1:2_mean1: 0.8624  data_time: 0.0858  time: 0.1257
